C51 COMPILER V9.54   DDCCICTRL                                                             01/06/2017 14:57:12 PAGE 1   


C51 COMPILER V9.54, COMPILATION OF MODULE DDCCICTRL
OBJECT MODULE PLACED IN .\Bin\DdcciCtrl.obj
COMPILER INVOKED BY: D:\Keil_v5\C51\BIN\C51.EXE App\DdcciCtrl.c LARGE OPTIMIZE(9,SPEED) BROWSE INCDIR(.\App;.\App\OSD;.\
                    -App\User;.\Lib;.\Lib\NT68810 Series;.\Lib\ScalerCfg;.\Phy\Panel;.\Phy\SI\NVT\Board;.\Phy\SI\NVT\Component;.\Phy\SI\NVT\K
                    -eypad;.\Sys;.\Sys\SI\NVT;.\Phy\SI\NVT\Keypad\NT68870_MODULE_KEYPAD) DEFINE(SCALER_TYPE=NT68870,NT68870_MODULE,LVIEW_2560
                    -X1440,FLASH_BANK=8) PRINT(.\Lst\DdcciCtrl.lst) TABS(2) OBJECT(.\Bin\DdcciCtrl.obj)

line level    source

   1          /******************************************************************************/
   2          /*                       Novatek MicroElectronics Corp.                       */
   3          /*       6F, No. 1-2, Innovation Road I, Science-Based Industrial Park,       */
   4          /*                         HsinChu 300, Taiwan, R.O.C.                        */
   5          /*                 TEL:886-3-567-0889       FAX:886-3-577-0132                */
   6          /*                            All Rights Reserved                             */
   7          /******************************************************************************/
   8          
   9          //******************************************************************************
  10          // I N C L U D E   F I L E S
  11          //******************************************************************************
  12          #include "Include.h"
  13          
  14          //******************************************************************************
  15          // G L O B A L   D E F I N I T I O N S
  16          //******************************************************************************
  17          enum _DDCCIOSDEVENT_ {
  18              DDCCIEVT_OSD_UPD_USR,
  19              DDCCIEVT_OSD_UPD_SYS,
  20              DDCCIEVT_OSD_UPD_TMG,
  21              DDCCIEVT_OSD_UPD_CAL,
  22              DDCCIEVT_NONOSD,
  23              NUM_DDCCI_OSD_EVENTS
  24          } ;
  25          
  26          enum _DDCCI_ACTION_ {
  27              DDCCIATN_UPD_USR,
  28              DDCCIATN_UPD_SYS,
  29              DDCCIATN_UPD_TMG,
  30              DDCCIATN_UPD_CAL,
  31              DDCCI_NON_ACTION,
  32              NUM_DDCCI_ACTION
  33          } ;
  34          
  35          //******************************************************************************
  36          // G L O B A L   V A R I A B L E S
  37          //******************************************************************************
  38          
  39          //******************************************************************************
  40          // S T A T I C   V A R I A B L E S
  41          //******************************************************************************
  42          static code UCHAR ucOSD2DDCCiEventTable[NUM_OSD_EVENTS] = {
  43              DDCCIEVT_OSD_UPD_USR, //OSDEVT_UPD_USR,
  44              DDCCIEVT_OSD_UPD_SYS, //OSDEVT_UPD_SYS,
  45              DDCCIEVT_OSD_UPD_TMG, //OSDEVT_UPD_TMG,
  46              DDCCIEVT_OSD_UPD_CAL, //OSDEVT_UPD_CAL,
  47              DDCCIEVT_NONOSD,      //OSD_NON_EVENT,
  48          };
  49          
  50          static code UCHAR ucDDCCiOSDActionTable[NUM_DDCCI_OSD_EVENTS] = {
  51              DDCCIATN_UPD_USR,   //DDCCIEVT_OSD_UPD_USR,
  52              DDCCIATN_UPD_SYS,   //DDCCIEVT_OSD_UPD_SYS,
C51 COMPILER V9.54   DDCCICTRL                                                             01/06/2017 14:57:12 PAGE 2   

  53              DDCCIATN_UPD_TMG,   //DDCCIEVT_OSD_UPD_TMG,
  54              DDCCIATN_UPD_CAL,   //DDCCIEVT_OSD_UPD_CAL,
  55              DDCCI_NON_ACTION    //DDCCIEVT_NONOSD,
  56          };
  57          
  58          //******************************************************************************
  59          // E X T E R N A L   V A R I A B L E   P R O T O T Y P E S
  60          //******************************************************************************
  61          
  62          //******************************************************************************
  63          // S T A T I C   F U N C T I O N   P R O T O T Y P E S
  64          //******************************************************************************
  65          static void DDCCiTimerRoutine(void);
  66          
  67          //******************************************************************************
  68          // E X T E R N A L   F U N C T I O N   P R O T O T Y P E S
  69          //******************************************************************************
  70          
  71          
  72          //******************************************************************************
  73          // Prototype: 
  74          //  void DDCCiActionDispatcher(UCHAR event)
  75          // Parameters:
  76          //  event   : event from system
  77          // Return:
  78          //  None
  79          // Purpose:
  80          //  DDDCCi action dispatcher
  81          // Notes:
  82          //  None
  83          //******************************************************************************
  84          void DDCCiActionDispatcher(UCHAR event)
  85          {
  86   1          UCHAR act = DDCCI_NON_ACTION;
  87   1          
  88   1          if (GetGlobalEvent(event) == KEY_RELATED_EVENT) {
  89   2          }
  90   1          else if (GetGlobalEvent(event) == OSD_RELATED_EVENT) {
  91   2              event = GetLocalEvent(event);
  92   2              event = ucOSD2DDCCiEventTable[event];
  93   2              if (event != DDCCIEVT_NONOSD) {
  94   3                  act = ucDDCCiOSDActionTable[event];
  95   3                  //printf("DDCCiActionDispatcher->OSDEvent(%bx) Action(%bx)\n\r", event, act);
  96   3              }
  97   2          }
  98   1          else {
  99   2          }
 100   1          
 101   1          switch(act) {
 102   2              case DDCCIATN_UPD_USR:
 103   2              case DDCCIATN_UPD_SYS:
 104   2              case DDCCIATN_UPD_TMG:
 105   2              case DDCCIATN_UPD_CAL:
 106   2                  DDCCiUpdateNotice();
 107   2                  break;
 108   2              case DDCCI_NON_ACTION:
 109   2              default :
 110   2                  break;
 111   2          }
 112   1      }
 113          
 114          //******************************************************************************
C51 COMPILER V9.54   DDCCICTRL                                                             01/06/2017 14:57:12 PAGE 3   

 115          // Prototype: 
 116          //  UCHAR DDCCiActionDemander(void)
 117          // Parameters:
 118          //  None
 119          // Return:
 120          //  None
 121          // Purpose:
 122          //  Return gloabl event to system
 123          // Notes:
 124          //  None
 125          //******************************************************************************
 126          UCHAR DDCCiActionDemander(void)
 127          {
 128   1          UCHAR evt = DDCCIEVT_NONE;
 129   1          
 130   1          DDCCiTimerRoutine();
 131   1          
 132   1          if (DDCCIUserUpdate()) {
 133   2              evt = DDCCIEVT_UPD_USR;
 134   2          } 
 135   1          else if (DDCCITmgUpdate()) {
 136   2              evt = DDCCIEVT_UPD_TMG;
 137   2          }
 138   1          else if (DDCCISysUpdate()) {
 139   2              evt = DDCCIEVT_UPD_SYS;
 140   2          }
 141   1          else if (DDCCICalUpdate()) {
 142   2              evt = DDCCIEVT_UPD_CAL;
 143   2          }
 144   1          else if (DDCCIPwrOn()) {
 145   2              evt = DDCCIEVT_PWR_ON;
 146   2          }
 147   1          else if (DDCCIPwrOff()) {
 148   2              evt = DDCCIEVT_PWR_OFF;
 149   2          }
 150   1          else if (DDCCIPwrSaving()) {
 151   2              evt = DDCCIEVT_PWR_SAVING;
 152   2          }
 153   1          
 154   1          return evt;
 155   1      }
 156          
 157          //******************************************************************************
 158          // Prototype: 
 159          //  void DDCCiTimerRoutine(void)
 160          // Parameters:
 161          //  None
 162          // Return:
 163          //  None
 164          // Purpose:
 165          //  Periodic DDCCi actions
 166          // Notes:
 167          //  None
 168          //******************************************************************************
 169          void DDCCiTimerRoutine(void)
 170          {
 171   1          CheckDDC2Bi();
 172   1      }


MODULE INFORMATION:   STATIC OVERLAYABLE
   CODE SIZE        =    151    ----
C51 COMPILER V9.54   DDCCICTRL                                                             01/06/2017 14:57:12 PAGE 4   

   CONSTANT SIZE    =     10    ----
   XDATA SIZE       =   ----       1
   PDATA SIZE       =   ----    ----
   DATA SIZE        =   ----    ----
   IDATA SIZE       =   ----    ----
   BIT SIZE         =   ----    ----
END OF MODULE INFORMATION.


C51 COMPILATION COMPLETE.  0 WARNING(S),  0 ERROR(S)
