C51 COMPILER V9.54   EVENTHANDLE                                                           01/06/2017 14:56:56 PAGE 1   


C51 COMPILER V9.54, COMPILATION OF MODULE EVENTHANDLE
OBJECT MODULE PLACED IN .\Bin\EventHandle.obj
COMPILER INVOKED BY: D:\Keil_v5\C51\BIN\C51.EXE App\EventHandle.c LARGE OPTIMIZE(9,SPEED) BROWSE INCDIR(.\App;.\App\OSD;
                    -.\App\User;.\Lib;.\Lib\NT68810 Series;.\Lib\ScalerCfg;.\Phy\Panel;.\Phy\SI\NVT\Board;.\Phy\SI\NVT\Component;.\Phy\SI\NVT
                    -\Keypad;.\Sys;.\Sys\SI\NVT;.\Phy\SI\NVT\Keypad\NT68870_MODULE_KEYPAD) DEFINE(SCALER_TYPE=NT68870,NT68870_MODULE,LVIEW_25
                    -60X1440,FLASH_BANK=8) PRINT(.\Lst\EventHandle.lst) TABS(2) OBJECT(.\Bin\EventHandle.obj)

line level    source

   1          /******************************************************************************/
   2          /*                       Novatek MicroElectronics Corp.                       */
   3          /*       6F, No. 1-2, Innovation Road I, Science-Based Industrial Park,       */
   4          /*                         HsinChu 300, Taiwan, R.O.C.                        */
   5          /*                 TEL:886-3-567-0889       FAX:886-3-577-0132                */
   6          /*                            All Rights Reserved                             */
   7          /******************************************************************************/
   8          
   9          //******************************************************************************
  10          // I N C L U D E   F I L E S
  11          //******************************************************************************
  12          #include "Include.h"
  13          
  14          //******************************************************************************
  15          // M A C R O   D E F I N I T I O N S
  16          //******************************************************************************
  17          
  18          //******************************************************************************
  19          // G L O B A L   V A R I A B L E S
  20          //******************************************************************************
  21          
  22          //******************************************************************************
  23          // S T A T I C   V A R I A B L E S
  24          //******************************************************************************
  25          
  26          //******************************************************************************
  27          // E X T E R N A L   V A R I A B L E   P R O T O T Y P E S
  28          //******************************************************************************
  29          
  30          //******************************************************************************
  31          // S T A T I C   F U N C T I O N   P R O T O T Y P E S
  32          //******************************************************************************
  33          static UCHAR EventCollector(GlobalEvent evt);
  34          static void EventDispatcher(UCHAR evt);
  35          
  36          //******************************************************************************
  37          // E X T E R N A L   F U N C T I O N   P R O T O T Y P E S
  38          //******************************************************************************
  39          
  40          //******************************************************************************
  41          // F U N C T I O N   B O D Y S
  42          //******************************************************************************
  43          
  44          /**************************************************************************//**
  45           * Deal with various events that are posted by KEY, SYNC, TIMER and etc...
  46           ******************************************************************************/
  47          void EventHandler(void)
  48          {
  49   1          UCHAR evt;
  50   1      
  51   1          evt = EventCollector(APP_RELATED_EVENT);
  52   1          EventDispatcher(evt);
C51 COMPILER V9.54   EVENTHANDLE                                                           01/06/2017 14:56:56 PAGE 2   

  53   1          evt = EventCollector(KEY_RELATED_EVENT);
  54   1          EventDispatcher(evt);
  55   1          evt = EventCollector(OSD_RELATED_EVENT);
  56   1          EventDispatcher(evt);
  57   1          evt = EventCollector(DDCCI_RELATED_EVENT);
  58   1          EventDispatcher(evt);
  59   1      }
  60          
  61          /**************************************************************************//**
  62           * Collect the event from OSD/KEY/APP/DDCCi.
  63           * @param evt The type of event to be collected.
  64           * @return The event.
  65           ******************************************************************************/
  66          static UCHAR EventCollector(GlobalEvent evt)
  67          {
  68   1          switch (evt) {
  69   2              case OSD_RELATED_EVENT:
  70   2                  evt = OSDActionDemander();
  71   2                  break;
  72   2              case KEY_RELATED_EVENT:
  73   2                  evt = KeyActionDemander();
  74   2                  break;
  75   2              case APP_RELATED_EVENT:
  76   2                  evt = APPActionDemander();
  77   2                  break;
  78   2              case DDCCI_RELATED_EVENT:
  79   2                  evt = DDCCiActionDemander();
  80   2                  break;
  81   2              default:
  82   2                  evt = NO_EVENT;
  83   2                  break;
  84   2          }
  85   1      
  86   1          return evt;
  87   1      }
  88          
  89          /**************************************************************************//**
  90           * Deliver global event to OSD/KEY/APP/DDCCi.
  91           * @param evt The event.
  92           ******************************************************************************/
  93          static void EventDispatcher(UCHAR evt)
  94          {
  95   1          OSDActionDispatcher(evt);
  96   1          KeyActionDispatcher(evt);
  97   1          APPActionDispatcher(evt);
  98   1          DDCCiActionDispatcher(evt);
  99   1      }


MODULE INFORMATION:   STATIC OVERLAYABLE
   CODE SIZE        =    102    ----
   CONSTANT SIZE    =   ----    ----
   XDATA SIZE       =   ----       1
   PDATA SIZE       =   ----    ----
   DATA SIZE        =   ----    ----
   IDATA SIZE       =   ----    ----
   BIT SIZE         =   ----    ----
END OF MODULE INFORMATION.


C51 COMPILATION COMPLETE.  0 WARNING(S),  0 ERROR(S)
