C51 COMPILER V9.54   GAMA_BYPASS                                                           01/06/2017 14:57:15 PAGE 1   


C51 COMPILER V9.54, COMPILATION OF MODULE GAMA_BYPASS
OBJECT MODULE PLACED IN .\Bin\Gama_byPass.obj
COMPILER INVOKED BY: D:\Keil_v5\C51\BIN\C51.EXE App\Gama_byPass.c LARGE OPTIMIZE(9,SPEED) BROWSE INCDIR(.\App;.\App\OSD;
                    -.\App\User;.\Lib;.\Lib\NT68810 Series;.\Lib\ScalerCfg;.\Phy\Panel;.\Phy\SI\NVT\Board;.\Phy\SI\NVT\Component;.\Phy\SI\NVT
                    -\Keypad;.\Sys;.\Sys\SI\NVT;.\Phy\SI\NVT\Keypad\NT68870_MODULE_KEYPAD) DEFINE(SCALER_TYPE=NT68870,NT68870_MODULE,LVIEW_25
                    -60X1440,FLASH_BANK=8) PRINT(.\Lst\Gama_byPass.lst) TABS(2) OBJECT(.\Bin\Gama_byPass.obj)

line level    source

   1          
   2          #include "Include.h"
   3          
   4          code Gamma320 GammaTableByPass = {
   5              {
   6          0xB0, 0x00, 0x01, 0x01, 0x02, 0x5A, 0x03, 0x04, 0x05, 0x06, 0x01, 0x07, 0x08, 0x09, 0x0A, 0xBF, 0x0A, 0x0B
             -, 0x0C, 0x0D, 
   7          0x5A, 0x0E, 0x0F, 0x10, 0x11, 0xC1, 0x12, 0x13, 0x14, 0x14, 0xAF, 0x15, 0x16, 0x17, 0x18, 0x56, 0x19, 0x1A
             -, 0x1B, 0x1C, 
   8          0xC0, 0x1D, 0x1E, 0x1F, 0x1F, 0xAF, 0x20, 0x21, 0x22, 0x23, 0x56, 0x24, 0x25, 0x26, 0x27, 0xF0, 0x28, 0x29
             -, 0x29, 0x2A, 
   9          0xAB, 0x2B, 0x2C, 0x2D, 0x2E, 0x3E, 0x2F, 0x30, 0x31, 0x33, 0x40, 0x34, 0x35, 0x36, 0x37, 0xA5, 0x38, 0x39
             -, 0x3A, 0x3B, 
  10          0x3A, 0x3C, 0x3D, 0x3E, 0x40, 0x40, 0x41, 0x42, 0x43, 0x44, 0x69, 0x45, 0x46, 0x47, 0x48, 0xFE, 0x49, 0x4A
             -, 0x4B, 0x4C, 
  11          0x3F, 0x4D, 0x4E, 0x4F, 0x51, 0x95, 0x52, 0x53, 0x54, 0x55, 0xFE, 0x56, 0x57, 0x58, 0x59, 0x3F, 0x5A, 0x5B
             -, 0x5C, 0x5E, 
  12          0x54, 0x5F, 0x60, 0x61, 0x62, 0xA9, 0x63, 0x64, 0x65, 0x66, 0xEE, 0x67, 0x68, 0x69, 0x6A, 0x33, 0x6B, 0x6D
             -, 0x6D, 0x6F, 
  13          0x40, 0x70, 0x71, 0x72, 0x73, 0x69, 0x74, 0x75, 0x76, 0x77, 0xFE, 0x78, 0x79, 0x7A, 0x7B, 0xFF, 0x7C, 0x7D
             -, 0x7E, 0x7F, 
  14          0x44, 0x81, 0x82, 0x83, 0x84, 0x51, 0x85, 0x86, 0x87, 0x88, 0xA5, 0x89, 0x8A, 0x8B, 0x8C, 0xFA, 0x8D, 0x8E
             -, 0x8F, 0x90, 
  15          0x3F, 0x91, 0x92, 0x93, 0x95, 0x00, 0x96, 0x97, 0x98, 0x99, 0x00, 0x9A, 0x9B, 0x9C, 0x9D, 0x54, 0x9E, 0x9F
             -, 0xA0, 0xA1, 
  16          0x55, 0xA2, 0xA3, 0xA4, 0xA5, 0xBD, 0xA6, 0xA7, 0xA8, 0xA9, 0xFE, 0xAA, 0xAB, 0xAC, 0xAD, 0x3F, 0xAE, 0xAF
             -, 0xB0, 0xB2, 
  17          0xFC, 0xB3, 0xB3, 0xB4, 0xB5, 0x00, 0xB7, 0xB8, 0xB9, 0xBA, 0xF3, 0xBA, 0xBC, 0xBC, 0xBD, 0x30, 0xBF, 0xC0
             -, 0xC0, 0xC2, 
  18          0x01, 0xC3, 0xC4, 0xC5, 0xC6, 0x03, 0xC6, 0xC8, 0xC9, 0xCA, 0x01, 0xCB, 0xCC, 0xCD, 0xCE, 0x54, 0xCF, 0xD0
             -, 0xD1, 0xD2, 
  19          0xF8, 0xD3, 0xD3, 0xD4, 0xD5, 0xAE, 0xD6, 0xD7, 0xD8, 0xD9, 0x6B, 0xDA, 0xDB, 0xDC, 0xDD, 0xFA, 0xDE, 0xDF
             -, 0xE0, 0xE1, 
  20          0x5A, 0xE2, 0xE3, 0xE4, 0xE5, 0xD5, 0xE6, 0xE7, 0xE8, 0xE9, 0x56, 0xEA, 0xEB, 0xEC, 0xED, 0x15, 0xEE, 0xEF
             -, 0xF0, 0xF1, 
  21          0xC0, 0xF2, 0xF3, 0xF4, 0xF4, 0x5B, 0xF5, 0xF6, 0xF7, 0xF8, 0xF0, 0xF9, 0xFA, 0xFA, 0xFB, 0xEF, 0xFC, 0xFD
             -, 0xFE, 0xFF, 
  22              },
  23              {
  24          0xF0, 0x00, 0x01, 0x01, 0x02, 0x6A, 0x03, 0x04, 0x05, 0x06, 0x05, 0x07, 0x08, 0x09, 0x0A, 0xF0, 0x0B, 0x0C
             -, 0x0C, 0x0D, 
  25          0xAB, 0x0E, 0x0F, 0x10, 0x11, 0x55, 0x12, 0x13, 0x14, 0x15, 0xC0, 0x16, 0x17, 0x18, 0x18, 0xAF, 0x19, 0x1A
             -, 0x1B, 0x1C, 
  26          0x5A, 0x1D, 0x1E, 0x1F, 0x20, 0x01, 0x21, 0x22, 0x23, 0x24, 0xFF, 0x24, 0x25, 0x26, 0x27, 0x6A, 0x28, 0x29
             -, 0x2A, 0x2B, 
  27          0x05, 0x2C, 0x2D, 0x2E, 0x2F, 0xA9, 0x30, 0x31, 0x32, 0x33, 0xFA, 0x34, 0x35, 0x36, 0x37, 0x03, 0x38, 0x3A
             -, 0x3B, 0x3C, 
  28          0x54, 0x3D, 0x3E, 0x3F, 0x40, 0xEA, 0x41, 0x42, 0x43, 0x44, 0xFF, 0x45, 0x46, 0x47, 0x48, 0x00, 0x4A, 0x4B
             -, 0x4C, 0x4D, 
  29          0x95, 0x4E, 0x4F, 0x50, 0x51, 0xFA, 0x52, 0x53, 0x54, 0x55, 0x00, 0x57, 0x58, 0x59, 0x5A, 0x95, 0x5B, 0x5C
             -, 0x5D, 0x5E, 
  30          0xA9, 0x5F, 0x60, 0x61, 0x62, 0xFF, 0x63, 0x64, 0x65, 0x66, 0x04, 0x68, 0x69, 0x6A, 0x6B, 0xA9, 0x6C, 0x6D
C51 COMPILER V9.54   GAMA_BYPASS                                                           01/06/2017 14:57:15 PAGE 2   

             -, 0x6E, 0x6F, 
  31          0xFA, 0x70, 0x71, 0x72, 0x73, 0x3F, 0x74, 0x75, 0x76, 0x78, 0x64, 0x79, 0x7A, 0x7B, 0x7C, 0x9A, 0x7D, 0x7E
             -, 0x7F, 0x80, 
  32          0xFF, 0x81, 0x82, 0x83, 0x84, 0x0F, 0x85, 0x86, 0x88, 0x89, 0x50, 0x8A, 0x8B, 0x8C, 0x8D, 0xA5, 0x8E, 0x8F
             -, 0x90, 0x91, 
  33          0xFA, 0x92, 0x93, 0x94, 0x95, 0x0E, 0x96, 0x97, 0x99, 0x9A, 0x03, 0x9A, 0x9C, 0x9D, 0x9E, 0x54, 0x9F, 0xA0
             -, 0xA1, 0xA2, 
  34          0x59, 0xA3, 0xA4, 0xA5, 0xA6, 0xBE, 0xA7, 0xA8, 0xA9, 0xAA, 0x3F, 0xAB, 0xAC, 0xAD, 0xAF, 0x0C, 0xB0, 0xB0
             -, 0xB2, 0xB3, 
  35          0x0C, 0xB4, 0xB4, 0xB6, 0xB7, 0x54, 0xB8, 0xB9, 0xBA, 0xBB, 0x50, 0xBC, 0xBD, 0xBE, 0xBF, 0x55, 0xC0, 0xC1
             -, 0xC2, 0xC3, 
  36          0x95, 0xC4, 0xC5, 0xC6, 0xC7, 0x96, 0xC8, 0xC9, 0xCA, 0xCB, 0x59, 0xCC, 0xCD, 0xCE, 0xCF, 0x66, 0xD0, 0xD1
             -, 0xD2, 0xD3, 
  37          0x55, 0xD4, 0xD5, 0xD6, 0xD7, 0x55, 0xD8, 0xD9, 0xDA, 0xDB, 0x00, 0xDC, 0xDD, 0xDE, 0xDF, 0x00, 0xE0, 0xE1
             -, 0xE2, 0xE3, 
  38          0xAB, 0xE3, 0xE4, 0xE5, 0xE6, 0xAA, 0xE7, 0xE8, 0xE9, 0xEA, 0x15, 0xEB, 0xEC, 0xED, 0xEE, 0xF0, 0xEF, 0xF0
             -, 0xF0, 0xF1, 
  39          0xAA, 0xF2, 0xF3, 0xF4, 0xF5, 0x16, 0xF6, 0xF7, 0xF8, 0xF9, 0x6C, 0xFA, 0xFA, 0xFB, 0xFC, 0xEC, 0xFD, 0xFD
             -, 0xFE, 0xFF,
  40              },
  41              {
  42          0xF0, 0x00, 0x01, 0x01, 0x02, 0xFF, 0x03, 0x04, 0x05, 0x06, 0xAB, 0x07, 0x08, 0x09, 0x0A, 0xAA, 0x0B, 0x0C
             -, 0x0D, 0x0E, 
  43          0x56, 0x0F, 0x10, 0x11, 0x12, 0x55, 0x13, 0x14, 0x15, 0x16, 0x01, 0x17, 0x18, 0x19, 0x1A, 0x00, 0x1B, 0x1C
             -, 0x1D, 0x1E, 
  44          0xF0, 0x1F, 0x20, 0x20, 0x21, 0xFF, 0x22, 0x23, 0x24, 0x25, 0xAF, 0x26, 0x27, 0x28, 0x29, 0xAA, 0x2A, 0x2B
             -, 0x2C, 0x2D, 
  45          0x9A, 0x2E, 0x2F, 0x30, 0x31, 0x3E, 0x32, 0x33, 0x34, 0x36, 0x94, 0x37, 0x38, 0x39, 0x3A, 0x3A, 0x3B, 0x3C
             -, 0x3D, 0x3F, 
  46          0x44, 0x40, 0x41, 0x42, 0x43, 0xE9, 0x44, 0x45, 0x46, 0x47, 0x3F, 0x48, 0x49, 0x4A, 0x4C, 0x40, 0x4D, 0x4E
             -, 0x4F, 0x50, 
  47          0x3F, 0x51, 0x52, 0x53, 0x55, 0xA9, 0x56, 0x57, 0x58, 0x59, 0x3E, 0x5A, 0x5B, 0x5C, 0x5E, 0x94, 0x5F, 0x60
             -, 0x61, 0x62, 
  48          0xEA, 0x63, 0x64, 0x65, 0x66, 0x3F, 0x67, 0x68, 0x69, 0x6B, 0x65, 0x6C, 0x6D, 0x6E, 0x6F, 0xFF, 0x70, 0x71
             -, 0x72, 0x73, 
  49          0x54, 0x75, 0x76, 0x77, 0x78, 0xEA, 0x79, 0x7A, 0x7B, 0x7C, 0x3F, 0x7D, 0x7E, 0x7F, 0x81, 0xA5, 0x82, 0x83
             -, 0x84, 0x85, 
  50          0xFA, 0x86, 0x87, 0x88, 0x89, 0x03, 0x8A, 0x8C, 0x8D, 0x8E, 0x95, 0x8F, 0x90, 0x91, 0x92, 0xAA, 0x93, 0x94
             -, 0x95, 0x96, 
  51          0x00, 0x98, 0x99, 0x9A, 0x9B, 0x80, 0x9C, 0x9D, 0x9E, 0x9F, 0xA5, 0xA0, 0xA1, 0xA2, 0xA3, 0x3D, 0xA4, 0xA5
             -, 0xA6, 0xA8, 
  52          0x50, 0xA9, 0xAA, 0xAB, 0xAC, 0x95, 0xAD, 0xAE, 0xAF, 0xB0, 0xAA, 0xB1, 0xB2, 0xB3, 0xB4, 0xFE, 0xB5, 0xB6
             -, 0xB7, 0xB8, 
  53          0xFF, 0xB9, 0xBA, 0xBB, 0xBC, 0x03, 0xBD, 0xBF, 0xC0, 0xC1, 0x04, 0xC2, 0xC3, 0xC4, 0xC5, 0x54, 0xC6, 0xC7
             -, 0xC8, 0xC9, 
  54          0x55, 0xCA, 0xCB, 0xCC, 0xCD, 0x65, 0xCE, 0xCF, 0xD0, 0xD1, 0xFC, 0xD2, 0xD2, 0xD3, 0xD4, 0xAA, 0xD5, 0xD6
             -, 0xD7, 0xD8, 
  55          0xAB, 0xD9, 0xDA, 0xDB, 0xDC, 0x59, 0xDD, 0xDE, 0xDF, 0xE0, 0x06, 0xE1, 0xE2, 0xE3, 0xE4, 0x3C, 0xE5, 0xE5
             -, 0xE6, 0xE8, 
  56          0x5A, 0xE9, 0xEA, 0xEB, 0xEC, 0xF1, 0xED, 0xEE, 0xEE, 0xEF, 0x5B, 0xF0, 0xF1, 0xF2, 0xF3, 0x71, 0xF4, 0xF5
             -, 0xF5, 0xF6, 
  57          0x1C, 0xF7, 0xF7, 0xF8, 0xF9, 0xDB, 0xF9, 0xFA, 0xFB, 0xFB, 0x49, 0xFC, 0xFC, 0xFD, 0xFD, 0xDE, 0xFD, 0xFD
             -, 0xFE, 0xFE, 
  58              }
  59          };
  60          
  61          
  62          void LoadGama_bypass(void)
  63          {
  64   1          GMAPI_LoadGamma320(&GammaTableByPass);
  65   1      }

C51 COMPILER V9.54   GAMA_BYPASS                                                           01/06/2017 14:57:15 PAGE 3   


MODULE INFORMATION:   STATIC OVERLAYABLE
   CODE SIZE        =      9    ----
   CONSTANT SIZE    =    960    ----
   XDATA SIZE       =   ----    ----
   PDATA SIZE       =   ----    ----
   DATA SIZE        =   ----    ----
   IDATA SIZE       =   ----    ----
   BIT SIZE         =   ----    ----
END OF MODULE INFORMATION.


C51 COMPILATION COMPLETE.  0 WARNING(S),  0 ERROR(S)
