C51 COMPILER V9.54   GAMA_3                                                                01/06/2017 14:57:06 PAGE 1   


C51 COMPILER V9.54, COMPILATION OF MODULE GAMA_3
OBJECT MODULE PLACED IN .\Bin\Gama_3.obj
COMPILER INVOKED BY: D:\Keil_v5\C51\BIN\C51.EXE App\Gama_3.c LARGE OPTIMIZE(9,SPEED) BROWSE INCDIR(.\App;.\App\OSD;.\App
                    -\User;.\Lib;.\Lib\NT68810 Series;.\Lib\ScalerCfg;.\Phy\Panel;.\Phy\SI\NVT\Board;.\Phy\SI\NVT\Component;.\Phy\SI\NVT\Keyp
                    -ad;.\Sys;.\Sys\SI\NVT;.\Phy\SI\NVT\Keypad\NT68870_MODULE_KEYPAD) DEFINE(SCALER_TYPE=NT68870,NT68870_MODULE,LVIEW_2560X14
                    -40,FLASH_BANK=8) PRINT(.\Lst\Gama_3.lst) TABS(2) OBJECT(.\Bin\Gama_3.obj)

line level    source

   1          
   2          #include "Include.h"
   3          
   4          
   5          
   6          code Gamma320 GammaTable3 = {
   7              {
   8                  0x00,0x01,0x02,0x03,0x04,0x55,0x05,0x06,0x07,0x08,0xAA,0x09,0x0A,0x0B,0x0C,0xFF,0x0D,0x0E,0x0F,0x1
             -0,
   9                  0x90,0x12,0x13,0x14,0x15,0x4F,0x16,0x17,0x19,0x1A,0x3A,0x1B,0x1C,0x1D,0x1F,0xE5,0x20,0x21,0x22,0x2
             -3,
  10                  0x50,0x25,0x26,0x27,0x28,0xFA,0x29,0x2A,0x2B,0x2C,0x50,0x2E,0x2F,0x30,0x31,0xFA,0x32,0x33,0x34,0x3
             -5,
  11                  0x50,0x37,0x38,0x39,0x3A,0xFA,0x3B,0x3C,0x3D,0x3E,0x50,0x40,0x41,0x42,0x43,0xFA,0x44,0x45,0x46,0x4
             -7,
  12                  0x00,0x49,0x4A,0x4B,0x4C,0x55,0x4D,0x4E,0x4F,0x50,0xAA,0x51,0x52,0x53,0x54,0xFF,0x55,0x56,0x57,0x5
             -8,
  13                  0x00,0x5A,0x5B,0x5C,0x5D,0x00,0x5E,0x5F,0x60,0x61,0x00,0x62,0x63,0x64,0x65,0x00,0x66,0x67,0x68,0x6
             -9,
  14                  0x00,0x6A,0x6B,0x6C,0x6D,0x00,0x6E,0x6F,0x70,0x71,0x00,0x72,0x73,0x74,0x75,0x00,0x76,0x77,0x78,0x7
             -9,
  15                  0xFC,0x7A,0x7A,0x7B,0x7C,0xAB,0x7D,0x7E,0x7F,0x80,0x56,0x81,0x82,0x83,0x84,0x01,0x85,0x86,0x87,0x8
             -8,
  16                  0xFC,0x89,0x89,0x8A,0x8B,0xAA,0x8C,0x8D,0x8E,0x8F,0x55,0x90,0x91,0x92,0x93,0x00,0x94,0x95,0x96,0x9
             -7,
  17                  0xFF,0x97,0x98,0x99,0x9A,0xAA,0x9B,0x9C,0x9D,0x9E,0x55,0x9F,0xA0,0xA1,0xA2,0x00,0xA3,0xA4,0xA5,0xA
             -6,
  18                  0xFF,0xA6,0xA7,0xA8,0xA9,0xAA,0xAA,0xAB,0xAC,0xAD,0x55,0xAE,0xAF,0xB0,0xB1,0x00,0xB2,0xB3,0xB4,0xB
             -5,
  19                  0x00,0xB6,0xB7,0xB8,0xB9,0x00,0xBA,0xBB,0xBC,0xBD,0x00,0xBE,0xBF,0xC0,0xC1,0x00,0xC2,0xC3,0xC4,0xC
             -5,
  20                  0x5B,0xC5,0xC6,0xC7,0xC8,0xAC,0xC9,0xC9,0xCA,0xCB,0xF1,0xCC,0xCD,0xCD,0xCE,0x06,0xCF,0xD0,0xD1,0xD
             -2,
  21                  0x1B,0xD2,0xD3,0xD4,0xD5,0x1B,0xD5,0xD6,0xD7,0xD8,0x1B,0xD8,0xD9,0xDA,0xDB,0x1B,0xDB,0xDC,0xDD,0xD
             -E,
  22                  0x00,0xDF,0xE0,0xE1,0xE2,0x00,0xE3,0xE4,0xE5,0xE6,0x00,0xE7,0xE8,0xE9,0xEA,0x00,0xEB,0xEC,0xED,0xE
             -E,
  23                  0x40,0xEF,0xF0,0xF1,0xF2,0x95,0xF3,0xF4,0xF5,0xF6,0xEA,0xF7,0xF8,0xF9,0xFA,0x3F,0xFB,0xFC,0xFD,0xF
             -F,
  24              },
  25              {
  26                  0x50,0x00,0x01,0x02,0x03,0xFA,0x04,0x05,0x06,0x07,0x50,0x09,0x0A,0x0B,0x0C,0xFA,0x0D,0x0E,0x0F,0x1
             -0,
  27                  0x50,0x12,0x13,0x14,0x15,0xFA,0x16,0x17,0x18,0x19,0x50,0x1B,0x1C,0x1D,0x1E,0xFA,0x1F,0x20,0x21,0x2
             -2,
  28                  0x90,0x24,0x25,0x26,0x27,0x4F,0x28,0x29,0x2B,0x2C,0x3A,0x2D,0x2E,0x2F,0x31,0xE5,0x32,0x33,0x34,0x3
             -5,
  29                  0x50,0x37,0x38,0x39,0x3A,0xFA,0x3B,0x3C,0x3D,0x3E,0x50,0x40,0x41,0x42,0x43,0xFA,0x44,0x45,0x46,0x4
             -7,
  30                  0x00,0x49,0x4A,0x4B,0x4C,0x55,0x4D,0x4E,0x4F,0x50,0xAA,0x51,0x52,0x53,0x54,0xFF,0x55,0x56,0x57,0x5
             -8,
  31                  0x00,0x5A,0x5B,0x5C,0x5D,0x00,0x5E,0x5F,0x60,0x61,0x00,0x62,0x63,0x64,0x65,0x00,0x66,0x67,0x68,0x6
C51 COMPILER V9.54   GAMA_3                                                                01/06/2017 14:57:06 PAGE 2   

             -9,
  32                  0x00,0x6A,0x6B,0x6C,0x6D,0x00,0x6E,0x6F,0x70,0x71,0x00,0x72,0x73,0x74,0x75,0x00,0x76,0x77,0x78,0x7
             -9,
  33                  0xFC,0x7A,0x7A,0x7B,0x7C,0xAB,0x7D,0x7E,0x7F,0x80,0x56,0x81,0x82,0x83,0x84,0x01,0x85,0x86,0x87,0x8
             -8,
  34                  0xFC,0x89,0x89,0x8A,0x8B,0xAA,0x8C,0x8D,0x8E,0x8F,0x55,0x90,0x91,0x92,0x93,0x00,0x94,0x95,0x96,0x9
             -7,
  35                  0xFF,0x97,0x98,0x99,0x9A,0xAA,0x9B,0x9C,0x9D,0x9E,0x55,0x9F,0xA0,0xA1,0xA2,0x00,0xA3,0xA4,0xA5,0xA
             -6,
  36                  0x00,0xA7,0xA8,0xA9,0xAA,0x00,0xAB,0xAC,0xAD,0xAE,0x00,0xAF,0xB0,0xB1,0xB2,0x00,0xB3,0xB4,0xB5,0xB
             -6,
  37                  0xFF,0xB6,0xB7,0xB8,0xB9,0xAA,0xBA,0xBB,0xBC,0xBD,0x55,0xBE,0xBF,0xC0,0xC1,0x00,0xC2,0xC3,0xC4,0xC
             -5,
  38                  0x5B,0xC5,0xC6,0xC7,0xC8,0xAC,0xC9,0xC9,0xCA,0xCB,0xF1,0xCC,0xCD,0xCD,0xCE,0x06,0xCF,0xD0,0xD1,0xD
             -2,
  39                  0x1B,0xD2,0xD3,0xD4,0xD5,0x1B,0xD5,0xD6,0xD7,0xD8,0x1B,0xD8,0xD9,0xDA,0xDB,0x1B,0xDB,0xDC,0xDD,0xD
             -E,
  40                  0xFF,0xDE,0xDF,0xE0,0xE1,0xAA,0xE2,0xE3,0xE4,0xE5,0x55,0xE6,0xE7,0xE8,0xE9,0x00,0xEA,0xEB,0xEC,0xE
             -D,
  41                  0x94,0xEE,0xEF,0xF0,0xF1,0x3E,0xF2,0xF3,0xF4,0xF6,0x94,0xF7,0xF8,0xF9,0xFA,0x3E,0xFB,0xFC,0xFD,0xF
             -F,
  42              },
  43              {
  44                  0x74,0x00,0x01,0x02,0x04,0x23,0x05,0x07,0x08,0x0A,0xDE,0x0B,0x0C,0x0E,0x0F,0x89,0x11,0x12,0x14,0x1
             -5,
  45                  0x34,0x17,0x18,0x19,0x1B,0x9E,0x1C,0x1D,0x1F,0x20,0x34,0x22,0x23,0x24,0x26,0x9E,0x27,0x28,0x2A,0x2
             -B,
  46                  0xE4,0x2D,0x2E,0x2F,0x30,0xE4,0x32,0x33,0x34,0x35,0xE4,0x37,0x38,0x39,0x3A,0xE4,0x3C,0x3D,0x3E,0x3
             -F,
  47                  0x50,0x41,0x42,0x43,0x44,0xFA,0x45,0x46,0x47,0x48,0x50,0x4A,0x4B,0x4C,0x4D,0xFA,0x4E,0x4F,0x50,0x5
             -1,
  48                  0x50,0x53,0x54,0x55,0x56,0xFA,0x57,0x58,0x59,0x5A,0x50,0x5C,0x5D,0x5E,0x5F,0xFA,0x60,0x61,0x62,0x6
             -3,
  49                  0x00,0x65,0x66,0x67,0x68,0x00,0x69,0x6A,0x6B,0x6C,0x00,0x6D,0x6E,0x6F,0x70,0x00,0x71,0x72,0x73,0x7
             -4,
  50                  0x00,0x75,0x76,0x77,0x78,0x00,0x79,0x7A,0x7B,0x7C,0x00,0x7D,0x7E,0x7F,0x80,0x00,0x81,0x82,0x83,0x8
             -4,
  51                  0x00,0x85,0x86,0x87,0x88,0x00,0x89,0x8A,0x8B,0x8C,0x00,0x8D,0x8E,0x8F,0x90,0x00,0x91,0x92,0x93,0x9
             -4,
  52                  0xAC,0x95,0x95,0x96,0x97,0x05,0x98,0x99,0x9A,0x9B,0xAF,0x9B,0x9C,0x9D,0x9E,0x05,0x9F,0xA0,0xA1,0xA
             -2,
  53                  0xAF,0xA2,0xA3,0xA4,0xA5,0x05,0xA6,0xA7,0xA8,0xA9,0xAF,0xA9,0xAA,0xAB,0xAC,0x05,0xAD,0xAE,0xAF,0xB
             -0,
  54                  0x00,0xB1,0xB2,0xB3,0xB4,0x00,0xB5,0xB6,0xB7,0xB8,0x00,0xB9,0xBA,0xBB,0xBC,0x00,0xBD,0xBE,0xBF,0xC
             -0,
  55                  0xC6,0xC0,0xC1,0xC2,0xC2,0xB1,0xC3,0xC4,0xC4,0xC5,0x6C,0xC6,0xC6,0xC7,0xC8,0x1B,0xC8,0xC9,0xCA,0xC
             -B,
  56                  0x1B,0xCB,0xCC,0xCD,0xCE,0x1B,0xCE,0xCF,0xD0,0xD1,0x1B,0xD1,0xD2,0xD3,0xD4,0x1B,0xD4,0xD5,0xD6,0xD
             -7,
  57                  0x1B,0xD7,0xD8,0xD9,0xDA,0x1B,0xDA,0xDB,0xDC,0xDD,0x1B,0xDD,0xDE,0xDF,0xE0,0x1B,0xE0,0xE1,0xE2,0xE
             -3,
  58                  0x5B,0xE3,0xE4,0xE5,0xE6,0xAC,0xE7,0xE7,0xE8,0xE9,0xF1,0xEA,0xEB,0xEB,0xEC,0x06,0xED,0xEE,0xEF,0xF
             -0,
  59                  0xFF,0xF0,0xF1,0xF2,0xF3,0xAA,0xF4,0xF5,0xF6,0xF7,0x55,0xF8,0xF9,0xFA,0xFB,0x00,0xFC,0xFD,0xFE,0xF
             -F,
  60              }
  61          };
  62          
  63          
  64          void LoadGama_3(void)
  65          {
  66   1          GMAPI_LoadGamma320(&GammaTable3);
C51 COMPILER V9.54   GAMA_3                                                                01/06/2017 14:57:06 PAGE 3   

  67   1      }


MODULE INFORMATION:   STATIC OVERLAYABLE
   CODE SIZE        =      9    ----
   CONSTANT SIZE    =    960    ----
   XDATA SIZE       =   ----    ----
   PDATA SIZE       =   ----    ----
   DATA SIZE        =   ----    ----
   IDATA SIZE       =   ----    ----
   BIT SIZE         =   ----    ----
END OF MODULE INFORMATION.


C51 COMPILATION COMPLETE.  0 WARNING(S),  0 ERROR(S)
