C51 COMPILER V9.54   MCUMISC                                                               01/06/2017 14:56:52 PAGE 1   


C51 COMPILER V9.54, COMPILATION OF MODULE MCUMISC
OBJECT MODULE PLACED IN .\Bin\McuMisc.obj
COMPILER INVOKED BY: D:\Keil_v5\C51\BIN\C51.EXE Lib\McuMisc.c LARGE OPTIMIZE(9,SPEED) BROWSE INCDIR(.\App;.\App\OSD;.\Ap
                    -p\User;.\Lib;.\Lib\NT68810 Series;.\Lib\ScalerCfg;.\Phy\Panel;.\Phy\SI\NVT\Board;.\Phy\SI\NVT\Component;.\Phy\SI\NVT\Key
                    -pad;.\Sys;.\Sys\SI\NVT;.\Phy\SI\NVT\Keypad\NT68870_MODULE_KEYPAD) DEFINE(SCALER_TYPE=NT68870,NT68870_MODULE,LVIEW_2560X1
                    -440,FLASH_BANK=8) PRINT(.\Lst\McuMisc.lst) TABS(2) OBJECT(.\Bin\McuMisc.obj)

line level    source

   1          /******************************************************************************/
   2          /*                       Novatek MicroElectronics Corp.                       */
   3          /*       6F, No. 1-2, Innovation Road I, Science-Based Industrial Park,       */
   4          /*                         HsinChu 300, Taiwan, R.O.C.                        */
   5          /*                 TEL:886-3-567-0889       FAX:886-3-577-0132                */
   6          /*                            All Rights Reserved                             */
   7          /******************************************************************************/
   8          
   9          //******************************************************************************
  10          // I N C L U D E   F I L E S
  11          //******************************************************************************
  12          #include "Include.h"
  13          
  14          //******************************************************************************
  15          // M A C R O   D E F I N I T I O N S
  16          //******************************************************************************
  17          
  18          //******************************************************************************
  19          // G L O B A L   V A R I A B L E S
  20          //******************************************************************************
  21          
  22          //******************************************************************************
  23          // S T A T I C   V A R I A B L E S
  24          //******************************************************************************
  25          
  26          //******************************************************************************
  27          // E X T E R N A L   V A R I A B L E   P R O T O T Y P E S
  28          //******************************************************************************
  29          
  30          //******************************************************************************
  31          // S T A T I C   F U N C T I O N   P R O T O T Y P E S
  32          //******************************************************************************
  33          
  34          //******************************************************************************
  35          // E X T E R N A L   F U N C T I O N   P R O T O T Y P E S
  36          //******************************************************************************
  37          
  38          //******************************************************************************
  39          // F U N C T I O N   B O D Y S
  40          //******************************************************************************
  41          
  42          #if ENABLE_LPD == ON
  43          /**************************************************************************//**
  44           * Initialize low power detection and enable it.
  45           ******************************************************************************/
  46          void McuInitLPD(void)
  47          {
  48   1          SC_HW_RST = 0x11;
  49   1      #if IS_NT68750_SERIES || IS_NT68652_SERIES || IS_NT68169_SERIES || IS_NT68661_SERIES
                  if (LPD_INPUT_PIN == 0) {
                      SC_MCU_IO_CTRL3 &= ~(BIT7|BIT6);
                  }
C51 COMPILER V9.54   MCUMISC                                                               01/06/2017 14:56:52 PAGE 2   

                  else {
                      SC_MCU_IO_CTRL3 &= ~(BIT5|BIT4);
                  }
              #elif IS_NT68360_SERIES
                  SC_MCU_IO_CTRL4 |= LPD_INPUT_PIN;    
              #elif IS_NT68850_SERIES || IS_NT68770_SERIES || IS_NT68655_SERIES || IS_NT68150_SERIES
                  SC_MCU_IO_CTRL3 &= ~(BIT5|BIT4);
              #elif IS_NT68790_SERIES_EARLIER
                  SC_MCU_IO_CTRL2 |= LPD_INPUT_PIN;
              #endif
  63   1          LPD0_ADJ = LPD_THRESHOLD;
  64   1      #if IS_NT68790_SERIES || IS_NT68810_SERIES || IS_NT68870_SERIES
  65   1          LPD_CTRL = 0x40 | (LPD_INPUT_PIN << 1);
  66   1      #else
                  LPD_CTRL = 0x40;
              #endif
  69   1          INTEXT_FLG = INT_LPD;
  70   1      }
  71          #endif


MODULE INFORMATION:   STATIC OVERLAYABLE
   CODE SIZE        =     25    ----
   CONSTANT SIZE    =   ----    ----
   XDATA SIZE       =   ----    ----
   PDATA SIZE       =   ----    ----
   DATA SIZE        =   ----    ----
   IDATA SIZE       =   ----    ----
   BIT SIZE         =   ----    ----
END OF MODULE INFORMATION.


C51 COMPILATION COMPLETE.  0 WARNING(S),  0 ERROR(S)
