C51 COMPILER V9.54   MODETABLE                                                             01/06/2017 14:56:40 PAGE 1   


C51 COMPILER V9.54, COMPILATION OF MODULE MODETABLE
OBJECT MODULE PLACED IN .\Bin\ModeTable.obj
COMPILER INVOKED BY: D:\Keil_v5\C51\BIN\C51.EXE Sys\ModeTable.c LARGE OPTIMIZE(9,SPEED) BROWSE INCDIR(.\App;.\App\OSD;.\
                    -App\User;.\Lib;.\Lib\NT68810 Series;.\Lib\ScalerCfg;.\Phy\Panel;.\Phy\SI\NVT\Board;.\Phy\SI\NVT\Component;.\Phy\SI\NVT\K
                    -eypad;.\Sys;.\Sys\SI\NVT;.\Phy\SI\NVT\Keypad\NT68870_MODULE_KEYPAD) DEFINE(SCALER_TYPE=NT68870,NT68870_MODULE,LVIEW_2560
                    -X1440,FLASH_BANK=8) PRINT(.\Lst\ModeTable.lst) TABS(2) OBJECT(.\Bin\ModeTable.obj)

line level    source

   1          /******************************************************************************/
   2          /*                       Novatek MicroElectronics Corp.                       */
   3          /*       6F, No. 1-2, Innovation Road I, Science-Based Industrial Park,       */
   4          /*                         HsinChu 300, Taiwan, R.O.C.                        */
   5          /*                 TEL:886-3-567-0889       FAX:886-3-577-0132                */
   6          /*                            All Rights Reserved                             */
   7          /******************************************************************************/
   8          
   9          //******************************************************************************
  10          // I N C L U D E   F I L E S
  11          //******************************************************************************
  12          #include "Include.h"
  13          
  14          //******************************************************************************
  15          // M A C R O   D E F I N I T I O N S
  16          //******************************************************************************
  17          
  18          //******************************************************************************
  19          // G L O B A L   V A R I A B L E S
  20          //******************************************************************************
  21          /*!
  22           * The table of preset timings.
  23           */
  24          code ModeTableFormat ModeTable[] = {
  25              { //640x350@70
  26                  OFF, //ucSampling    
  27                  315,  700, HPVP|HPVN|HNVP|HNVN, //usHSyncFreq, usVSyncFreq, ucHVPolarity
  28                   96,    2, //ucHSyncWidth, ucVSyncWidth
  29                  800,  449, //usHTotal, usVTotal
  30                  640,  350, //usModeHActive, usModeVActive
  31                  640,  350, //usCapHActive, usCapVActive
  32                   34,   56, //usHStart, usVStart
  33                   12,   12,   3, //ucHSyncTolerance, ucVSyncTolerance, ucVTotalTolerance
  34                  _640x350_70HZ //usModeIndex
  35              },
  36              { //640x350@85
  37                  OFF, //ucSampling    
  38                  379,  851, HPVP|HPVN|HNVP|HNVN, //usHSyncFreq, usVSyncFreq, ucHVPolarity
  39                   64,    3, //ucHSyncWidth, ucVSyncWidth
  40                  832,  445, //usHTotal, usVTotal
  41                  640,  350, //usModeHActive, usModeVActive
  42                  640,  350, //usCapHActive, usCapVActive
  43                   81,   57, //usHStart, usVStart
  44                   12,   12,   3, //ucHSyncTolerance, ucVSyncTolerance, ucVTotalTolerance
  45                  _640x350_85HZ //usModeIndex
  46              },
  47              { //640x400@70
  48                  OFF, //ucSampling 
  49                  315,  700, HPVP|HPVN|HNVP|HNVN, //usHSyncFreq, usVSyncFreq, ucHVPolarity
  50                   96,    2, //ucHSyncWidth, ucVSyncWidth
  51                  800,  449, //usHTotal, usVTotal
  52                  640,  400, //usModeHActive, usModeVActive
C51 COMPILER V9.54   MODETABLE                                                             01/06/2017 14:56:40 PAGE 2   

  53                  640,  400, //usCapHActive, usCapVActive
  54                   34,   32, //usHStart, usVStart
  55                   12,   12,   3, //ucHSyncTolerance, ucVSyncTolerance, ucVTotalTolerance
  56                  _640x400_70HZ //usModeIndex
  57              },
  58              { //640x400@85
  59                  OFF, //ucSampling 
  60                  379,  851, HPVP|HPVN|HNVP|HNVN, //usHSyncFreq, usVSyncFreq, ucHVPolarity
  61                   64,    3, //ucHSyncWidth, ucVSyncWidth
  62                  832,  445, //usHTotal, usVTotal
  63                  640,  400, //usModeHActive, usModeVActive
  64                  640,  400, //usCapHActive, usCapVActive
  65                   82,   38, //usHStart, usVStart
  66                   12,   12,   3, //ucHSyncTolerance, ucVSyncTolerance, ucVTotalTolerance
  67                  _640x400_85HZ //usModeIndex
  68              },
  69              { //640x480@60
  70                  OFF, //ucSampling 
  71                  315,  600, HPVP|HPVN|HNVP|HNVN, //usHSyncFreq, usVSyncFreq, ucHVPolarity
  72                   96,    2, //ucHSyncWidth, ucVSyncWidth
  73                  800,  525, //usHTotal, usVTotal
  74                  640,  480, //usModeHActive, usModeVActive
  75                  640,  480, //usCapHActive, usCapVActive
  76                   34,   30, //usHStart, usVStart
  77                   12,   12,   3, //ucHSyncTolerance, ucVSyncTolerance, ucVTotalTolerance
  78                  _640x480_60HZ //usModeIndex
  79              },
  80              { //640x480@66
  81                  OFF, //ucSampling 
  82                  350,  667, HPVP|HPVN|HNVP|HNVN, //usHSyncFreq, usVSyncFreq, ucHVPolarity
  83                   64,    3, //ucHSyncWidth, ucVSyncWidth
  84                  864,  525, //usHTotal, usVTotal
  85                  640,  480, //usModeHActive, usModeVActive
  86                  640,  480, //usCapHActive, usCapVActive
  87                   81,   36, //usHStart, usVStart
  88                   12,   12,   3, //ucHSyncTolerance, ucVSyncTolerance, ucVTotalTolerance
  89                  _640x480_66HZ //usModeIndex
  90              },
  91              { //640x480@72
  92                  OFF, //ucSampling 
  93                  379,  728, HPVP|HPVN|HNVP|HNVN, //usHSyncFreq, usVSyncFreq, ucHVPolarity
  94                   40,    3, //ucHSyncWidth, ucVSyncWidth
  95                  832,  520, //usHTotal, usVTotal
  96                  640,  480, //usModeHActive, usModeVActive
  97                  640,  480, //usCapHActive, usCapVActive
  98                  114,   25, //usHStart, usVStart
  99                   12,   12,   3, //ucHSyncTolerance, ucVSyncTolerance, ucVTotalTolerance
 100                  _640x480_72HZ //usModeIndex
 101              },
 102              { //640x480@75
 103                  OFF, //ucSampling 
 104                  375,  750, HPVP|HPVN|HNVP|HNVN, //usHSyncFreq, usVSyncFreq, ucHVPolarity
 105                   64,    3, //ucHSyncWidth, ucVSyncWidth
 106                  840,  500, //usHTotal, usVTotal
 107                  640,  480, //usModeHActive, usModeVActive
 108                  640,  480, //usCapHActive, usCapVActive
 109                  106,   13, //usHStart, usVStart
 110                   12,   12,   3, //ucHSyncTolerance, ucVSyncTolerance, ucVTotalTolerance
 111                  _640x480_75HZ //usModeIndex
 112              },
 113              { //640x480@85
 114                  OFF, //ucSampling 
C51 COMPILER V9.54   MODETABLE                                                             01/06/2017 14:56:40 PAGE 3   

 115                  433,  850, HPVP|HPVN|HNVP|HNVN, //usHSyncFreq, usVSyncFreq, ucHVPolarity
 116                   56,    3, //ucHSyncWidth, ucVSyncWidth
 117                  832,  509, //usHTotal, usVTotal
 118                  640,  480, //usModeHActive, usModeVActive
 119                  640,  480, //usCapHActive, usCapVActive
 120                   66,   22, //usHStart, usVStart
 121                   12,   12,   3, //ucHSyncTolerance, ucVSyncTolerance, ucVTotalTolerance
 122                  _640x480_85HZ //usModeIndex
 123              },
 124              { //640x500@57
 125                  OFF, //ucSampling 
 126                  309,  576, HPVP|HPVN|HNVP|HNVN, //usHSyncFreq, usVSyncFreq, ucHVPolarity
 127                   32,   10, //ucHSyncWidth, ucVSyncWidth
 128                  816,  537, //usHTotal, usVTotal
 129                  640,  500, //usModeHActive, usModeVActive
 130                  640,  500, //usCapHActive, usCapVActive
 131                   66,    3, //usHStart, usVStart
 132                   12,   12,   3, //ucHSyncTolerance, ucVSyncTolerance, ucVTotalTolerance
 133                  _640x500_57HZ //usModeIndex
 134              },
 135              { //720x400@70
 136                  OFF, //ucSampling 
 137                  315,  701, HPVP|HPVN|HNVP|HNVN, //usHSyncFreq, usVSyncFreq, ucHVPolarity
 138                  108,    2, //ucHSyncWidth, ucVSyncWidth
 139                  900,  449, //usHTotal, usVTotal
 140                  720,  400, //usModeHActive, usModeVActive
 141                  720,  400, //usCapHActive, usCapVActive
 142                   40,   32, //usHStart, usVStart
 143                   12,   12,   3, //ucHSyncTolerance, ucVSyncTolerance, ucVTotalTolerance
 144                  _720x400_70HZ //usModeIndex
 145              },
 146              { //720x400@85
 147                  OFF, //ucSampling 
 148                  379,  850, HPVP|HPVN|HNVP|HNVN, //usHSyncFreq, usVSyncFreq, ucHVPolarity
 149                   72,    2, //ucHSyncWidth, ucVSyncWidth
 150                  936,  446, //usHTotal, usVTotal
 151                  720,  400, //usModeHActive, usModeVActive
 152                  720,  400, //usCapHActive, usCapVActive
 153                   92,   39, //usHStart, usVStart
 154                   12,   12,   3, //ucHSyncTolerance, ucVSyncTolerance, ucVTotalTolerance
 155                  _720x400_85HZ //usModeIndex
 156              },
 157              { //832x624@75
 158                  OFF, //ucSampling 
 159                  497,  745, HPVP|HPVN|HNVP|HNVN, //usHSyncFreq, usVSyncFreq, ucHVPolarity
 160                   64,    3, //ucHSyncWidth, ucVSyncWidth
 161                 1152,  667, //usHTotal, usVTotal
 162                  832,  624, //usModeHActive, usModeVActive
 163                  832,  624, //usCapHActive, usCapVActive
 164                  208,   26, //usHStart, usVStart
 165                   12,   12,   3, //ucHSyncTolerance, ucVSyncTolerance, ucVTotalTolerance
 166                 _832x624_75HZ //usModeIndex
 167              },
 168              { //800x600@56
 169                  OFF, //ucSampling 
 170                  352,  563, HPVP|HPVN|HNVP|HNVN, //usHSyncFreq, usVSyncFreq, ucHVPolarity
 171                   72,    2, //ucHSyncWidth, ucVSyncWidth
 172                 1024,  625, //usHTotal, usVTotal
 173                  800,  600, //usModeHActive, usModeVActive
 174                  800,  600, //usCapHActive, usCapVActive
 175                  113,   19, //usHStart, usVStart
 176                   12,   12,   3, //ucHSyncTolerance, ucVSyncTolerance, ucVTotalTolerance
C51 COMPILER V9.54   MODETABLE                                                             01/06/2017 14:56:40 PAGE 4   

 177                 _800x600_56HZ //usModeIndex
 178              },
 179              { //800x600@60
 180                  OFF, //ucSampling 
 181                  379,  603, HPVP|HPVN|HNVP|HNVN, //usHSyncFreq, usVSyncFreq, ucHVPolarity
 182                  128,    4, //ucHSyncWidth, ucVSyncWidth
 183                 1056,  628, //usHTotal, usVTotal
 184                  800,  600, //usModeHActive, usModeVActive
 185                  800,  600, //usCapHActive, usCapVActive
 186                   73,   20, //usHStart, usVStart
 187                   12,   12,   3, //ucHSyncTolerance, ucVSyncTolerance, ucVTotalTolerance
 188                 _800x600_60HZ //usModeIndex
 189              },
 190              { //800x600@72
 191                  OFF, //ucSampling 
 192                  481,  722, HPVP|HPVN|HNVP|HNVN, //usHSyncFreq, usVSyncFreq, ucHVPolarity
 193                  120,    6, //ucHSyncWidth, ucVSyncWidth
 194                 1040,  666, //usHTotal, usVTotal
 195                  800,  600, //usModeHActive, usModeVActive
 196                  800,  600, //usCapHActive, usCapVActive
 197                   49,   20, //usHStart, usVStart
 198                   12,   12,   3, //ucHSyncTolerance, ucVSyncTolerance, ucVTotalTolerance
 199                 _800x600_72HZ //usModeIndex
 200              },
 201              { //800x600@75
 202                  OFF, //ucSampling 
 203                  469,  750, HPVP|HPVN|HNVP|HNVN, //usHSyncFreq, usVSyncFreq, ucHVPolarity
 204                   80,    3, //ucHSyncWidth, ucVSyncWidth
 205                 1056,  625, //usHTotal, usVTotal
 206                  800,  600, //usModeHActive, usModeVActive
 207                  800,  600, //usCapHActive, usCapVActive
 208                  145,   18, //usHStart, usVStart
 209                   12,   12,   3, //ucHSyncTolerance, ucVSyncTolerance, ucVTotalTolerance
 210                 _800x600_75HZ //usModeIndex
 211              },
 212              { //800x600@85
 213                  OFF, //ucSampling 
 214                  537,  851, HPVP|HPVN|HNVP|HNVN, //usHSyncFreq, usVSyncFreq, ucHVPolarity
 215                   64,    3, //ucHSyncWidth, ucVSyncWidth
 216                 1048,  631, //usHTotal, usVTotal
 217                  800,  600, //usModeHActive, usModeVActive
 218                  800,  600, //usCapHActive, usCapVActive
 219                  137,   24, //usHStart, usVStart
 220                   12,   12,   3, //ucHSyncTolerance, ucVSyncTolerance, ucVTotalTolerance
 221                 _800x600_85HZ //usModeIndex
 222              },
 223              { //848x480@60
 224                  OFF, //ucSampling 
 225                  310,  600, HPVP|HPVN|HNVP|HNVN, //usHSyncFreq, usVSyncFreq, ucHVPolarity
 226                  112,    8, //ucHSyncWidth, ucVSyncWidth
 227                 1088,  517, //usHTotal, usVTotal
 228                  848,  480, //usModeHActive, usModeVActive
 229                  848,  480, //usCapHActive, usCapVActive
 230                   97,   20, //usHStart, usVStart
 231                   12,   12,   3, //ucHSyncTolerance, ucVSyncTolerance, ucVTotalTolerance
 232                 _848x480_60HZ //usModeIndex
 233              },
 234              { //848x480@60 Reduced Blanking
 235                  OFF, //ucSampling 
 236                  298,  597, HPVP|HPVN|HNVP|HNVN, //usHSyncFreq, usVSyncFreq, ucHVPolarity
 237                   80,    5, //ucHSyncWidth, ucVSyncWidth
 238                 1056,  500, //usHTotal, usVTotal
C51 COMPILER V9.54   MODETABLE                                                             01/06/2017 14:56:40 PAGE 5   

 239                  848,  480, //usModeHActive, usModeVActive
 240                  848,  480, //usCapHActive, usCapVActive
 241                   90,    9, //usHStart, usVStart
 242                   12,   12,   3, //ucHSyncTolerance, ucVSyncTolerance, ucVTotalTolerance
 243                 _848x480_60HZ_RB //usModeIndex
 244              },
 245              { //848x480@70
 246                  OFF, //ucSampling 
 247                  350,  700, HPVP|HPVN|HNVP|HNVN, //usHSyncFreq, usVSyncFreq, ucHVPolarity
 248                   88,    3, //ucHSyncWidth, ucVSyncWidth
 249                 1072,  500, //usHTotal, usVTotal
 250                  848,  480, //usModeHActive, usModeVActive
 251                  848,  480, //usCapHActive, usCapVActive
 252                   97,   13, //usHStart, usVStart
 253                   12,   12,   3, //ucHSyncTolerance, ucVSyncTolerance, ucVTotalTolerance
 254                 _848x480_70HZ //usModeIndex
 255              },
 256              { //848x480@72
 257                  OFF, //ucSampling 
 258                  361,  720, HPVP|HPVN|HNVP|HNVN, //usHSyncFreq, usVSyncFreq, ucHVPolarity
 259                   88,    3, //ucHSyncWidth, ucVSyncWidth
 260                 1088,  501, //usHTotal, usVTotal
 261                  848,  480, //usModeHActive, usModeVActive
 262                  848,  480, //usCapHActive, usCapVActive
 263                  105,   14, //usHStart, usVStart
 264                   12,   12,   3, //ucHSyncTolerance, ucVSyncTolerance, ucVTotalTolerance
 265                 _848x480_72HZ //usModeIndex
 266              },
 267              { //848x480@75
 268                  OFF, //ucSampling 
 269                  377,  748, HPVP|HPVN|HNVP|HNVN, //usHSyncFreq, usVSyncFreq, ucHVPolarity
 270                   80,    5, //ucHSyncWidth, ucVSyncWidth
 271                 1088,  504, //usHTotal, usVTotal
 272                  848,  480, //usModeHActive, usModeVActive
 273                  848,  480, //usCapHActive, usCapVActive
 274                  106,   13, //usHStart, usVStart
 275                   12,   12,   3, //ucHSyncTolerance, ucVSyncTolerance, ucVTotalTolerance
 276                 _848x480_75HZ //usModeIndex
 277              },
 278              { //720x576@60
 279                  OFF, //ucSampling 
 280                  359,  599, HPVP|HPVN|HNVP|HNVN, //usHSyncFreq, usVSyncFreq, ucHVPolarity
 281                   72,    7, //ucHSyncWidth, ucVSyncWidth
 282                  912,  599, //usHTotal, usVTotal
 283                  720,  576, //usModeHActive, usModeVActive
 284                  720,  576, //usCapHActive, usCapVActive
 285                   81,   10, //usHStart, usVStart
 286                   12,   12,   3, //ucHSyncTolerance, ucVSyncTolerance, ucVTotalTolerance
 287                  _720x576_60HZ //usModeIndex
 288              },
 289              { //1024x768@43 Interlace
 290                  OFF, //ucSampling 
 291                  355,  870, HPVP|HPVN|HNVP|HNVN, //usHSyncFreq, usVSyncFreq, ucHVPolarity
 292                  176,    2, //ucHSyncWidth, ucVSyncWidth
 293                 1264,  408, //usHTotal, usVTotal
 294                 1024,  768, //usModeHActive, usModeVActive
 295                 1024,  768, //usCapHActive, usCapVActive
 296                   41,   17, //usHStart, usVStart
 297                   12,   12,   3, //ucHSyncTolerance, ucVSyncTolerance, ucVTotalTolerance
 298                 _1024x768_43HZ_I //usModeIndex
 299              },
 300              { //1024x768@60
C51 COMPILER V9.54   MODETABLE                                                             01/06/2017 14:56:40 PAGE 6   

 301                  OFF, //ucSampling 
 302                  484,  600, HPVP|HPVN|HNVP|HNVN, //usHSyncFreq, usVSyncFreq, ucHVPolarity
 303                  136,    6, //ucHSyncWidth, ucVSyncWidth
 304                 1344,  806, //usHTotal, usVTotal
 305                 1024,  768, //usModeHActive, usModeVActive
 306                 1024,  768, //usCapHActive, usCapVActive
 307                  145,   26, //usHStart, usVStart
 308                   12,   12,   3, //ucHSyncTolerance, ucVSyncTolerance, ucVTotalTolerance
 309                 _1024x768_60HZ //usModeIndex
 310              },
 311              { //1024x768@70
 312                  OFF, //ucSampling 
 313                  565,  701, HPVP|HPVN|HNVP|HNVN, //usHSyncFreq, usVSyncFreq, ucHVPolarity
 314                  136,    6, //ucHSyncWidth, ucVSyncWidth
 315                 1328,  806, //usHTotal, usVTotal
 316                 1024,  768, //usModeHActive, usModeVActive
 317                 1024,  768, //usCapHActive, usCapVActive
 318                  129,   26, //usHStart, usVStart
 319                   12,   12,   3, //ucHSyncTolerance, ucVSyncTolerance, ucVTotalTolerance
 320                 _1024x768_70HZ //usModeIndex
 321              },
 322              { //1024x768@72
 323                  OFF, //ucSampling 
 324                  577,  720, HPVP|HPVN|HNVP|HNVN, //usHSyncFreq, usVSyncFreq, ucHVPolarity
 325                  112,    3, //ucHSyncWidth, ucVSyncWidth
 326                 1360,  801, //usHTotal, usVTotal
 327                 1024,  768, //usModeHActive, usModeVActive
 328                 1024,  768, //usCapHActive, usCapVActive
 329                  151,   26, //usHStart, usVStart
 330                   12,   12,   3, //ucHSyncTolerance, ucVSyncTolerance, ucVTotalTolerance
 331                 _1024x768_72HZ //usModeIndex
 332              },
 333              { //1024x768@75
 334                  OFF, //ucSampling 
 335                  600,  750, HPVP|HPVN|HNVP|HNVN, //usHSyncFreq, usVSyncFreq, ucHVPolarity
 336                   96,    3, //ucHSyncWidth, ucVSyncWidth
 337                 1312,  800, //usHTotal, usVTotal
 338                 1024,  768, //usModeHActive, usModeVActive
 339                 1024,  768, //usCapHActive, usCapVActive
 340                  160,   25, //usHStart, usVStart
 341                   12,   12,   3, //ucHSyncTolerance, ucVSyncTolerance, ucVTotalTolerance
 342                 _1024x768_75HZ //usModeIndex
 343              },
 344              { //1024x768@76
 345                  OFF, //ucSampling 
 346                  611,  760, HPVP|HPVN|HNVP|HNVN, //usHSyncFreq, usVSyncFreq, ucHVPolarity
 347                   96,    3, //ucHSyncWidth, ucVSyncWidth
 348                 1360,  803, //usHTotal, usVTotal
 349                 1024,  768, //usModeHActive, usModeVActive
 350                 1024,  768, //usCapHActive, usCapVActive
 351                  157,   28, //usHStart, usVStart
 352                   12,   12,   3, //ucHSyncTolerance, ucVSyncTolerance, ucVTotalTolerance
 353                 _1024x768_76HZ //usModeIndex
 354              },
 355              { //1024x768@85
 356                  OFF, //ucSampling 
 357                  687,  850, HPVP|HPVN|HNVP|HNVN, //usHSyncFreq, usVSyncFreq, ucHVPolarity
 358                   96,    3, //ucHSyncWidth, ucVSyncWidth
 359                 1376,  808, //usHTotal, usVTotal
 360                 1024,  768, //usModeHActive, usModeVActive
 361                 1024,  768, //usCapHActive, usCapVActive
 362                  191,   33, //usHStart, usVStart
C51 COMPILER V9.54   MODETABLE                                                             01/06/2017 14:56:40 PAGE 7   

 363                   12,   12,   3, //ucHSyncTolerance, ucVSyncTolerance, ucVTotalTolerance
 364                 _1024x768_85HZ //usModeIndex
 365              },
 366              { //1152x720@60
 367                  OFF, //ucSampling 
 368                  449,  600, HPVP|HPVN|HNVP|HNVN, //usHSyncFreq, usVSyncFreq, ucHVPolarity
 369                  112,    6, //ucHSyncWidth, ucVSyncWidth
 370                 1488,  748, //usHTotal, usVTotal
 371                 1152,  720, //usModeHActive, usModeVActive
 372                 1152,  720, //usCapHActive, usCapVActive
 373                  153,   16, //usHStart, usVStart
 374                   12,   12,   3, //ucHSyncTolerance, ucVSyncTolerance, ucVTotalTolerance
 375                 _1152x720_60HZ //usModeIndex
 376              },
 377              { //1152x864@60
 378                  OFF, //ucSampling 
 379                  540,  600, HPVP|HPVN|HNVP|HNVN, //usHSyncFreq, usVSyncFreq, ucHVPolarity
 380                   96,    3, //ucHSyncWidth, ucVSyncWidth
 381                 1480,  900, //usHTotal, usVTotal
 382                 1152,  864, //usModeHActive, usModeVActive
 383                 1152,  864, //usCapHActive, usCapVActive
 384                  160,   25, //usHStart, usVStart
 385                   12,   12,   3, //ucHSyncTolerance, ucVSyncTolerance, ucVTotalTolerance
 386                 _1152x864_60HZ //usModeIndex
 387              },
 388              { //1152x864@70
 389                  OFF, //ucSampling 
 390                  639,  700, HPVP|HPVN|HNVP|HNVN, //usHSyncFreq, usVSyncFreq, ucHVPolarity
 391                   96,    3, //ucHSyncWidth, ucVSyncWidth
 392                 1480,  912, //usHTotal, usVTotal
 393                 1152,  864, //usModeHActive, usModeVActive
 394                 1152,  864, //usCapHActive, usCapVActive
 395                  183,   41, //usHStart, usVStart
 396                   12,   12,   3, //ucHSyncTolerance, ucVSyncTolerance, ucVTotalTolerance
 397                 _1152x864_70HZ //usModeIndex
 398              },
 399              { //1152x864@75
 400                  OFF, //ucSampling 
 401                  675,  750, HPVP|HPVN|HNVP|HNVN, //usHSyncFreq, usVSyncFreq, ucHVPolarity
 402                  128,    3, //ucHSyncWidth, ucVSyncWidth
 403                 1600,  900, //usHTotal, usVTotal
 404                 1152,  864, //usModeHActive, usModeVActive
 405                 1152,  864, //usCapHActive, usCapVActive
 406                  239,   29, //usHStart, usVStart
 407                   12,   12,   3, //ucHSyncTolerance, ucVSyncTolerance, ucVTotalTolerance
 408                 _1152x864_75HZ //usModeIndex
 409              },
 410              { //1152x864@85
 411                  OFF, //ucSampling 
 412                  771,  847, HPVP|HPVN|HNVP|HNVN, //usHSyncFreq, usVSyncFreq, ucHVPolarity
 413                  120,    4, //ucHSyncWidth, ucVSyncWidth
 414                 1552,  910, //usHTotal, usVTotal
 415                 1152,  864, //usModeHActive, usModeVActive
 416                 1152,  864, //usCapHActive, usCapVActive
 417                  182,   36, //usHStart, usVStart
 418                   12,   12,   3, //ucHSyncTolerance, ucVSyncTolerance, ucVTotalTolerance
 419                 _1152x864_85HZ //usModeIndex
 420              },
 421              { //1152x870@75
 422                  OFF, //ucSampling 
 423                  687,  751, HPVP|HPVN|HNVP|HNVN, //usHSyncFreq, usVSyncFreq, ucHVPolarity
 424                  128,    3, //ucHSyncWidth, ucVSyncWidth
C51 COMPILER V9.54   MODETABLE                                                             01/06/2017 14:56:40 PAGE 8   

 425                 1456,  915, //usHTotal, usVTotal
 426                 1152,  870, //usModeHActive, usModeVActive
 427                 1152,  870, //usCapHActive, usCapVActive
 428                  128,   36, //usHStart, usVStart
 429                   12,   12,   3, //ucHSyncTolerance, ucVSyncTolerance, ucVTotalTolerance
 430                 _1152x870_75HZ //usModeIndex
 431              },
 432              { //1152x900@66
 433                  OFF, //ucSampling 
 434                  618,  660, HPVP|HPVN|HNVP|HNVN, //usHSyncFreq, usVSyncFreq, ucHVPolarity
 435                  128,    4, //ucHSyncWidth, ucVSyncWidth
 436                 1504,  937, //usHTotal, usVTotal
 437                 1152,  900, //usModeHActive, usModeVActive
 438                 1152,  900, //usCapHActive, usCapVActive
 439                  176,   28, //usHStart, usVStart
 440                   12,   12,   3, //ucHSyncTolerance, ucVSyncTolerance, ucVTotalTolerance
 441                 _1152x900_66HZ //usModeIndex
 442              },
 443              { //1152x900@76
 444                  OFF, //ucSampling 
 445                  717,  761, HPVP|HPVN|HNVP|HNVN, //usHSyncFreq, usVSyncFreq, ucHVPolarity
 446                   96,    8, //ucHSyncWidth, ucVSyncWidth
 447                 1472,  943, //usHTotal, usVTotal
 448                 1152,  900, //usModeHActive, usModeVActive
 449                 1152,  900, //usCapHActive, usCapVActive
 450                  191,   30, //usHStart, usVStart
 451                   12,   12,   3, //ucHSyncTolerance, ucVSyncTolerance, ucVTotalTolerance
 452                 _1152x900_76HZ //usModeIndex
 453              },
 454              { //1280x720@60
 455                  OFF, //ucSampling 
 456                  450,  600, HPVP|HPVN|HNVP|HNVN, //usHSyncFreq, usVSyncFreq, ucHVPolarity
 457                   40,    5, //ucHSyncWidth, ucVSyncWidth
 458                 1650,  750, //usHTotal, usVTotal
 459                 1280,  720, //usModeHActive, usModeVActive
 460                 1280,  720, //usCapHActive, usCapVActive
 461                  204,   17, //usHStart, usVStart
 462                   12,   12,   3, //ucHSyncTolerance, ucVSyncTolerance, ucVTotalTolerance
 463                 _1280x720_60HZ //usModeIndex
 464              },
 465              { //1280x720@75
 466                  OFF, //ucSampling 
 467                  565,  748, HPVP|HPVN|HNVP|HNVN, //usHSyncFreq, usVSyncFreq, ucHVPolarity
 468                  128,    5, //ucHSyncWidth, ucVSyncWidth
 469                 1696,  755, //usHTotal, usVTotal
 470                 1280,  720, //usModeHActive, usModeVActive
 471                 1280,  720, //usCapHActive, usCapVActive
 472                  192,   24, //usHStart, usVStart
 473                   12,   12,   3, //ucHSyncTolerance, ucVSyncTolerance, ucVTotalTolerance
 474                 _1280x720_75HZ //usModeIndex
 475              },
 476              { //1280x768@60 Reduced Blanking
 477                  OFF, //ucSampling 
 478                  474,  600, HPVP|HPVN|HNVP|HNVN, //usHSyncFreq, usVSyncFreq, ucHVPolarity
 479                   32,    7, //ucHSyncWidth, ucVSyncWidth
 480                 1440,  790, //usHTotal, usVTotal
 481                 1280,  768, //usModeHActive, usModeVActive
 482                 1280,  768, //usCapHActive, usCapVActive
 483                   64,    9, //usHStart, usVStart
 484                   12,   12,   3, //ucHSyncTolerance, ucVSyncTolerance, ucVTotalTolerance
 485                 _1280x768_60HZ_RB //usModeIndex
 486              },
C51 COMPILER V9.54   MODETABLE                                                             01/06/2017 14:56:40 PAGE 9   

 487              { //1280x768@60
 488                  OFF, //ucSampling 
 489                  478,  599, HPVP|HPVN|HNVP|HNVN, //usHSyncFreq, usVSyncFreq, ucHVPolarity
 490                  128,    7, //ucHSyncWidth, ucVSyncWidth
 491                 1664,  798, //usHTotal, usVTotal
 492                 1280,  768, //usModeHActive, usModeVActive
 493                 1280,  768, //usCapHActive, usCapVActive
 494                  177,   17, //usHStart, usVStart
 495                   12,   12,   3, //ucHSyncTolerance, ucVSyncTolerance, ucVTotalTolerance
 496                 _1280x768_60HZ //usModeIndex
 497              },
 498              { //1280x768@70
 499                  OFF, //ucSampling 
 500                  565,  701, HPVP|HPVN|HNVP|HNVN, //usHSyncFreq, usVSyncFreq, ucHVPolarity
 501                  128,    7, //ucHSyncWidth, ucVSyncWidth
 502                 1696,  806, //usHTotal, usVTotal
 503                 1280,  768, //usModeHActive, usModeVActive
 504                 1280,  768, //usCapHActive, usCapVActive
 505                  197,   25, //usHStart, usVStart
 506                   12,   12,   3, //ucHSyncTolerance, ucVSyncTolerance, ucVTotalTolerance
 507                 _1280x768_70HZ //usModeIndex
 508              },
 509              { //1280x768@72
 510                  OFF, //ucSampling 
 511                  577,  721, HPVP|HPVN|HNVP|HNVN, //usHSyncFreq, usVSyncFreq, ucHVPolarity
 512                  128,    7, //ucHSyncWidth, ucVSyncWidth
 513                 1696,  800, //usHTotal, usVTotal
 514                 1280,  768, //usModeHActive, usModeVActive
 515                 1280,  768, //usCapHActive, usCapVActive
 516                  197,   26, //usHStart, usVStart
 517                   12,   12,   3, //ucHSyncTolerance, ucVSyncTolerance, ucVTotalTolerance
 518                 _1280x768_72HZ //usModeIndex
 519              },
 520              { //1280x768@75
 521                  OFF, //ucSampling 
 522                  603,  749, HPVP|HPVN|HNVP|HNVN, //usHSyncFreq, usVSyncFreq, ucHVPolarity
 523                  128,    7, //ucHSyncWidth, ucVSyncWidth
 524                 1696,  805, //usHTotal, usVTotal
 525                 1280,  768, //usModeHActive, usModeVActive
 526                 1280,  768, //usCapHActive, usCapVActive
 527                  192,   24, //usHStart, usVStart
 528                   12,   12,   3, //ucHSyncTolerance, ucVSyncTolerance, ucVTotalTolerance
 529                 _1280x768_75HZ //usModeIndex
 530              },
 531              { //1280x768@85
 532                  OFF, //ucSampling 
 533                  686,  848, HPVP|HPVN|HNVP|HNVN, //usHSyncFreq, usVSyncFreq, ucHVPolarity
 534                  136,    7, //ucHSyncWidth, ucVSyncWidth
 535                 1712,  809, //usHTotal, usVTotal
 536                 1280,  768, //usModeHActive, usModeVActive
 537                 1280,  768, //usCapHActive, usCapVActive
 538                  200,   28, //usHStart, usVStart
 539                   12,   12,   3, //ucHSyncTolerance, ucVSyncTolerance, ucVTotalTolerance
 540                 _1280x768_85HZ //usModeIndex
 541              },
 542              { //1280x800@60 Reduced Blanking
 543                  OFF, //ucSampling 
 544                  493,  599, HPVP|HPVN|HNVP|HNVN, //usHSyncFreq, usVSyncFreq, ucHVPolarity
 545                   32,    6, //ucHSyncWidth, ucVSyncWidth
 546                 1440,  823, //usHTotal, usVTotal
 547                 1280,  800, //usModeHActive, usModeVActive
 548                 1280,  800, //usCapHActive, usCapVActive
C51 COMPILER V9.54   MODETABLE                                                             01/06/2017 14:56:40 PAGE 10  

 549                   65,   11, //usHStart, usVStart
 550                   12,   12,   3, //ucHSyncTolerance, ucVSyncTolerance, ucVTotalTolerance
 551                 _1280x800_60HZ_RB //usModeIndex
 552              },
 553              { //1280x800@60
 554                  OFF, //ucSampling 
 555                  497,  598, HPVP|HPVN|HNVP|HNVN, //usHSyncFreq, usVSyncFreq, ucHVPolarity
 556                  128,    6, //ucHSyncWidth, ucVSyncWidth
 557                 1680,  831, //usHTotal, usVTotal
 558                 1280,  800, //usModeHActive, usModeVActive
 559                 1280,  800, //usCapHActive, usCapVActive
 560                  185,   21, //usHStart, usVStart
 561                   12,   12,   3, //ucHSyncTolerance, ucVSyncTolerance, ucVTotalTolerance
 562                 _1280x800_60HZ //usModeIndex
 563              },
 564              { //1280x800@62
 565                  OFF, //ucSampling
 566                  520,  625, HPVP|HPVN|HNVP|HNVN, //usHSyncFreq, usVSyncFreq, ucHVPolarity
 567                   72,    3, //ucHSyncWidth, ucVSyncWidth
 568                 1696,  833, //usHTotal, usVTotal
 569                 1280,  800, //usModeHActive, usModeVActive
 570                 1280,  800, //usCapHActive, usCapVActive
 571                  193,   26, //usHStart, usVStart
 572                   12,   12,   3, //ucHSyncTolerance, ucVSyncTolerance, ucVTotalTolerance
 573                 _1280x800_62HZ //usModeIndex
 574              },
 575              { //1280x800@72
 576                  OFF, //ucSampling 
 577                  601,  720, HPVP|HPVN|HNVP|HNVN, //usHSyncFreq, usVSyncFreq, ucHVPolarity
 578                  136,    3, //ucHSyncWidth, ucVSyncWidth
 579                 1712,  834, //usHTotal, usVTotal
 580                 1280,  800, //usModeHActive, usModeVActive
 581                 1280,  800, //usCapHActive, usCapVActive
 582                  200,   27, //usHStart, usVStart
 583                   12,   12,   3, //ucHSyncTolerance, ucVSyncTolerance, ucVTotalTolerance
 584                 _1280x800_72HZ //usModeIndex
 585              },
 586              { //1280x800@75
 587                  OFF, //ucSampling 
 588                  629,  750, HPVP|HPVN|HNVP|HNVN, //usHSyncFreq, usVSyncFreq, ucHVPolarity
 589                  128,    6, //ucHSyncWidth, ucVSyncWidth
 590                 1696,  838, //usHTotal, usVTotal
 591                 1280,  800, //usModeHActive, usModeVActive
 592                 1280,  800, //usCapHActive, usCapVActive
 593                  192,   26, //usHStart, usVStart
 594                   12,   12,   3, //ucHSyncTolerance, ucVSyncTolerance, ucVTotalTolerance
 595                 _1280x800_75HZ //usModeIndex
 596              },
 597              { //1280x800@85
 598                  OFF, //ucSampling 
 599                  716,  849, HPVP|HPVN|HNVP|HNVN, //usHSyncFreq, usVSyncFreq, ucHVPolarity
 600                  136,    6, //ucHSyncWidth, ucVSyncWidth
 601                 1712,  843, //usHTotal, usVTotal
 602                 1280,  800, //usModeHActive, usModeVActive
 603                 1280,  800, //usCapHActive, usCapVActive
 604                  200,   31, //usHStart, usVStart
 605                   12,   12,   3, //ucHSyncTolerance, ucVSyncTolerance, ucVTotalTolerance
 606                 _1280x800_85HZ //usModeIndex
 607              },
 608              { //1280x960@60
 609                  OFF, //ucSampling 
 610                  600,  600, HPVP|HPVN|HNVP|HNVN, //usHSyncFreq, usVSyncFreq, ucHVPolarity
C51 COMPILER V9.54   MODETABLE                                                             01/06/2017 14:56:40 PAGE 11  

 611                  112,    3, //ucHSyncWidth, ucVSyncWidth
 612                 1800, 1000, //usHTotal, usVTotal
 613                 1280,  960, //usModeHActive, usModeVActive
 614                 1280,  960, //usCapHActive, usCapVActive
 615                  295,   33, //usHStart, usVStart
 616                   12,   12,   3, //ucHSyncTolerance, ucVSyncTolerance, ucVTotalTolerance
 617                 _1280x960_60HZ //usModeIndex
 618              },
 619              { //1280x960@75
 620                  OFF, //ucSampling 
 621                  750,  750, HPVP|HPVN|HNVP|HNVN, //usHSyncFreq, usVSyncFreq, ucHVPolarity
 622                  144,    3, //ucHSyncWidth, ucVSyncWidth
 623                 1680, 1000, //usHTotal, usVTotal
 624                 1280,  960, //usModeHActive, usModeVActive
 625                 1280,  960, //usCapHActive, usCapVActive
 626                  224,   36, //usHStart, usVStart
 627                   12,   12,   3, //ucHSyncTolerance, ucVSyncTolerance, ucVTotalTolerance
 628                 _1280x960_75HZ //usModeIndex
 629              },
 630              { //1280x960@85
 631                  OFF, //ucSampling 
 632                  859,  850, HPVP|HPVN|HNVP|HNVN, //usHSyncFreq, usVSyncFreq, ucHVPolarity
 633                  160,    3, //ucHSyncWidth, ucVSyncWidth
 634                 1728, 1011, //usHTotal, usVTotal
 635                 1280,  960, //usModeHActive, usModeVActive
 636                 1280,  960, //usCapHActive, usCapVActive
 637                  205,   44, //usHStart, usVStart
 638                   12,   12,   3, //ucHSyncTolerance, ucVSyncTolerance, ucVTotalTolerance
 639                 _1280x960_85HZ //usModeIndex
 640              },
 641              { //1280x1024@60
 642                  OFF, //ucSampling 
 643                  640,  600, HPVP|HPVN|HNVP|HNVN, //usHSyncFreq, usVSyncFreq, ucHVPolarity
 644                  112,    3, //ucHSyncWidth, ucVSyncWidth
 645                 1688, 1066, //usHTotal, usVTotal
 646                 1280, 1024, //usModeHActive, usModeVActive
 647                 1280, 1024, //usCapHActive, usCapVActive
 648                  231,   35, //usHStart, usVStart
 649                   12,   12,   3, //ucHSyncTolerance, ucVSyncTolerance, ucVTotalTolerance
 650                 _1280x1024_60HZ //usModeIndex
 651              },
 652              { //1280x1024@67
 653                  OFF, //ucSampling 
 654                  717,  672, HPVP|HPVN|HNVP|HNVN, //usHSyncFreq, usVSyncFreq, ucHVPolarity
 655                  112,    3, //ucHSyncWidth, ucVSyncWidth
 656                 1632, 1067, //usHTotal, usVTotal
 657                 1280, 1024, //usModeHActive, usModeVActive
 658                 1280, 1024, //usCapHActive, usCapVActive
 659                  207,   30, //usHStart, usVStart
 660                   12,   12,   3, //ucHSyncTolerance, ucVSyncTolerance, ucVTotalTolerance
 661                 _1280x1024_67HZ //usModeIndex
 662              },
 663              { //1280x1024@70 Reduced Blanking
 664                  OFF, //ucSampling 
 665                  749,  699, HPVP|HPVN|HNVP|HNVN, //usHSyncFreq, usVSyncFreq, ucHVPolarity
 666                  160,    4, //ucHSyncWidth, ucVSyncWidth
 667                 1696, 1072, //usHTotal, usVTotal
 668                 1280, 1024, //usModeHActive, usModeVActive
 669                 1280, 1024, //usCapHActive, usCapVActive
 670                  206,   39, //usHStart, usVStart
 671                   12,   12,   3, //ucHSyncTolerance, ucVSyncTolerance, ucVTotalTolerance
 672                 _1280x1024_70HZ_RB //usModeIndex
C51 COMPILER V9.54   MODETABLE                                                             01/06/2017 14:56:40 PAGE 12  

 673              },
 674              { //1280x1024@70
 675                  OFF, //ucSampling 
 676                  744,  700, HPVP|HPVN|HNVP|HNVN, //usHSyncFreq, usVSyncFreq, ucHVPolarity
 677                  112,    5, //ucHSyncWidth, ucVSyncWidth
 678                 1678, 1064, //usHTotal, usVTotal
 679                 1280, 1024, //usModeHActive, usModeVActive
 680                 1280, 1024, //usCapHActive, usCapVActive
 681                  198,   31, //usHStart, usVStart
 682                   12,   12,   3, //ucHSyncTolerance, ucVSyncTolerance, ucVTotalTolerance
 683                 _1280x1024_70HZ //usModeIndex
 684              },
 685              { //1280x1024@72
 686                  OFF, //ucSampling 
 687                  779,  720, HPVP|HPVN|HNVP|HNVN, //usHSyncFreq, usVSyncFreq, ucHVPolarity
 688                  136,    5, //ucHSyncWidth, ucVSyncWidth
 689                 1728, 1082, //usHTotal, usVTotal
 690                 1280, 1024, //usModeHActive, usModeVActive
 691                 1280, 1024, //usCapHActive, usCapVActive
 692                  206,   49, //usHStart, usVStart
 693                   12,   12,   3, //ucHSyncTolerance, ucVSyncTolerance, ucVTotalTolerance
 694                 _1280x1024_72HZ //usModeIndex
 695              },
 696              { //1280x1024@75
 697                  OFF, //ucSampling 
 698                  800,  750, HPVP|HPVN|HNVP|HNVN, //usHSyncFreq, usVSyncFreq, ucHVPolarity
 699                  100,   20, //ucHSyncWidth, ucVSyncWidth
 700                 1688, 1066, //usHTotal, usVTotal
 701                 1280, 1024, //usModeHActive, usModeVActive
 702                 1280, 1024, //usCapHActive, usCapVActive
 703                  230,   35, //usHStart, usVStart
 704                   12,   12,   3, //ucHSyncTolerance, ucVSyncTolerance, ucVTotalTolerance
 705                 _1280x1024_75HZ //usModeIndex
 706              },
 707              { //1280x1024@76
 708                  OFF, //ucSampling 
 709                  812,  762, HPVP|HPVN|HNVP|HNVN, //usHSyncFreq, usVSyncFreq, ucHVPolarity
 710                   64,    8, //ucHSyncWidth, ucVSyncWidth
 711                 1664, 1066, //usHTotal, usVTotal
 712                 1280, 1024, //usModeHActive, usModeVActive
 713                 1280, 1024, //usCapHActive, usCapVActive
 714                  272,   29, //usHStart, usVStart
 715                   12,   12,   3, //ucHSyncTolerance, ucVSyncTolerance, ucVTotalTolerance
 716                 _1280x1024_76HZ //usModeIndex
 717              },
 718              { //1280x1024@85
 719                  OFF, //ucSampling 
 720                  912,  850, HPVP|HPVN|HNVP|HNVN, //usHSyncFreq, usVSyncFreq, ucHVPolarity
 721                  160,    3, //ucHSyncWidth, ucVSyncWidth
 722                 1728, 1072, //usHTotal, usVTotal
 723                 1280, 1024, //usModeHActive, usModeVActive
 724                 1280, 1024, //usCapHActive, usCapVActive
 725                  205,   41, //usHStart, usVStart
 726                   12,   12,   3, //ucHSyncTolerance, ucVSyncTolerance, ucVTotalTolerance
 727                 _1280x1024_85HZ //usModeIndex
 728              },
 729              { //1360x768@60
 730                  OFF, //ucSampling 
 731                  477,  600, HPVP|HPVN|HNVP|HNVN, //usHSyncFreq, usVSyncFreq, ucHVPolarity
 732                  112,    6, //ucHSyncWidth, ucVSyncWidth
 733                 1792,  795, //usHTotal, usVTotal
 734                 1360,  768, //usModeHActive, usModeVActive
C51 COMPILER V9.54   MODETABLE                                                             01/06/2017 14:56:40 PAGE 13  

 735                 1360,  768, //usCapHActive, usCapVActive
 736                  240,   15, //usHStart, usVStart
 737                   12,   12,   3, //ucHSyncTolerance, ucVSyncTolerance, ucVTotalTolerance
 738                 _1360x768_60HZ //usModeIndex
 739              },
 740              { //1366x768@60
 741                  OFF, //ucSampling 
 742                  477,  598, HPVP|HPVN|HNVP|HNVN, //usHSyncFreq, usVSyncFreq, ucHVPolarity
 743                  143,    3, //ucHSyncWidth, ucVSyncWidth
 744                 1792,  798, //usHTotal, usVTotal
 745                 1366,  768, //usModeHActive, usModeVActive
 746                 1366,  768, //usCapHActive, usCapVActive
 747                  198,   21, //usHStart, usVStart
 748                   12,   12,   3, //ucHSyncTolerance, ucVSyncTolerance, ucVTotalTolerance
 749                 _1366x768_60HZ //usModeIndex
 750              },
 751              { //1400x1050@60 Reduced Blanking
 752                  OFF, //ucSampling 
 753                  647,  600, HPVP|HPVN|HNVP|HNVN, //usHSyncFreq, usVSyncFreq, ucHVPolarity
 754                   32,    4, //ucHSyncWidth, ucVSyncWidth
 755                 1560, 1080, //usHTotal, usVTotal
 756                 1400, 1050, //usModeHActive, usModeVActive
 757                 1400, 1050, //usCapHActive, usCapVActive
 758                   63,   20, //usHStart, usVStart
 759                   12,   12,   3, //ucHSyncTolerance, ucVSyncTolerance, ucVTotalTolerance
 760                 _1400x1050_60HZ_RB //usModeIndex
 761              },
 762              { //1400x1050@60
 763                  OFF, //ucSampling 
 764                  653,  600, HPVP|HPVN|HNVP|HNVN, //usHSyncFreq, usVSyncFreq, ucHVPolarity
 765                  144,    4, //ucHSyncWidth, ucVSyncWidth
 766                 1864, 1089, //usHTotal, usVTotal
 767                 1400, 1050, //usModeHActive, usModeVActive
 768                 1400, 1050, //usCapHActive, usCapVActive
 769                  216,   29, //usHStart, usVStart
 770                   12,   12,   3, //ucHSyncTolerance, ucVSyncTolerance, ucVTotalTolerance
 771                 _1400x1050_60HZ //usModeIndex
 772              },
 773              { //1400x1050@75
 774                  OFF, //ucSampling 
 775                  823,  749, HPVP|HPVN|HNVP|HNVN, //usHSyncFreq, usVSyncFreq, ucHVPolarity
 776                  144,    4, //ucHSyncWidth, ucVSyncWidth
 777                 1896, 1099, //usHTotal, usVTotal
 778                 1400, 1050, //usModeHActive, usModeVActive
 779                 1400, 1050, //usCapHActive, usCapVActive
 780                  231,   39, //usHStart, usVStart
 781                   12,   12,   3, //ucHSyncTolerance, ucVSyncTolerance, ucVTotalTolerance
 782                 _1400x1050_75HZ //usModeIndex
 783              },
 784              { //1400x1050@85
 785                  OFF, //ucSampling 
 786                  939,  850, HPVP|HPVN|HNVP|HNVN, //usHSyncFreq, usVSyncFreq, ucHVPolarity
 787                  152,    4, //ucHSyncWidth, ucVSyncWidth
 788                 1912, 1105, //usHTotal, usVTotal
 789                 1400, 1050, //usModeHActive, usModeVActive
 790                 1400, 1050, //usCapHActive, usCapVActive
 791                  239,   45, //usHStart, usVStart
 792                   12,   12,   3, //ucHSyncTolerance, ucVSyncTolerance, ucVTotalTolerance
 793                 _1400x1050_85HZ //usModeIndex
 794              },
 795              { //1440x900@60 Reduced Blanking
 796                  OFF, //ucSampling 
C51 COMPILER V9.54   MODETABLE                                                             01/06/2017 14:56:40 PAGE 14  

 797                  555,  599, HPVP|HPVN|HNVP|HNVN, //usHSyncFreq, usVSyncFreq, ucHVPolarity
 798                   32,    6, //ucHSyncWidth, ucVSyncWidth
 799                 1600,  926, //usHTotal, usVTotal
 800                 1440,  900, //usModeHActive, usModeVActive
 801                 1440,  900, //usCapHActive, usCapVActive
 802                   64,   14, //usHStart, usVStart
 803                   12,   12,   3, //ucHSyncTolerance, ucVSyncTolerance, ucVTotalTolerance
 804                 _1440x900_60HZ_RB //usModeIndex
 805              },
 806              { //1440x900@60
 807                  OFF, //ucSampling 
 808                  559,  599, HPVP|HPVN|HNVP|HNVN, //usHSyncFreq, usVSyncFreq, ucHVPolarity
 809                  152,    6, //ucHSyncWidth, ucVSyncWidth
 810                 1904,  934, //usHTotal, usVTotal
 811                 1440,  900, //usModeHActive, usModeVActive
 812                 1440,  900, //usCapHActive, usCapVActive
 813                  216,   22, //usHStart, usVStart
 814                   12,   12,   3, //ucHSyncTolerance, ucVSyncTolerance, ucVTotalTolerance
 815                 _1440x900_60HZ //usModeIndex
 816              },
 817              { //1440x900@75
 818                  OFF, //ucSampling 
 819                  706,  750, HPVP|HPVN|HNVP|HNVN, //usHSyncFreq, usVSyncFreq, ucHVPolarity
 820                  152,    6, //ucHSyncWidth, ucVSyncWidth
 821                 1936,  942, //usHTotal, usVTotal
 822                 1440,  900, //usModeHActive, usModeVActive
 823                 1440,  900, //usCapHActive, usCapVActive
 824                  232,   30, //usHStart, usVStart
 825                   12,   12,   3, //ucHSyncTolerance, ucVSyncTolerance, ucVTotalTolerance
 826                 _1440x900_75HZ //usModeIndex
 827              },
 828              { //1600x900@60
 829                  OFF, //ucSampling 
 830                  555,  600, HPVP|HPVN|HNVP|HNVN, //usHSyncFreq, usVSyncFreq, ucHVPolarity
 831                   32,    5, //ucHSyncWidth, ucVSyncWidth
 832                 1760,  926, //usHTotal, usVTotal
 833                 1600,  900, //usModeHActive, usModeVActive
 834                 1600,  900, //usCapHActive, usCapVActive
 835                   63,   15, //usHStart, usVStart
 836                   12,   12,   3, //ucHSyncTolerance, ucVSyncTolerance, ucVTotalTolerance
 837                 _1600x900_60HZ //usModeIndex
 838              },
 839              { //1600x1000@60 Reduced Blanking
 840                  OFF, //ucSampling 
 841                  617,  599, HPVP|HPVN|HNVP|HNVN, //usHSyncFreq, usVSyncFreq, ucHVPolarity
 842                   32,    6, //ucHSyncWidth, ucVSyncWidth
 843                 1760, 1029, //usHTotal, usVTotal
 844                 1600, 1000, //usModeHActive, usModeVActive
 845                 1600, 1000, //usCapHActive, usCapVActive
 846                   63,   17, //usHStart, usVStart
 847                   12,   12,   3, //ucHSyncTolerance, ucVSyncTolerance, ucVTotalTolerance
 848                 _1600x1000_60HZ_RB //usModeIndex
 849              },
 850              { //1600x1000@60
 851                  OFF, //ucSampling 
 852                  622,  599, HPVP|HPVN|HNVP|HNVN, //usHSyncFreq, usVSyncFreq, ucHVPolarity
 853                  168,    6, //ucHSyncWidth, ucVSyncWidth
 854                 2128, 1038, //usHTotal, usVTotal
 855                 1600, 1000, //usModeHActive, usModeVActive
 856                 1600, 1000, //usCapHActive, usCapVActive
 857                  247,   26, //usHStart, usVStart
 858                   12,   12,   3, //ucHSyncTolerance, ucVSyncTolerance, ucVTotalTolerance
C51 COMPILER V9.54   MODETABLE                                                             01/06/2017 14:56:40 PAGE 15  

 859                 _1600x1000_60HZ //usModeIndex
 860              },
 861              { //1600x1000@75
 862                  OFF, //ucSampling 
 863                  784,  748, HPVP|HPVN|HNVP|HNVN, //usHSyncFreq, usVSyncFreq, ucHVPolarity
 864                  168,    6, //ucHSyncWidth, ucVSyncWidth
 865                 2160, 1047, //usHTotal, usVTotal
 866                 1600, 1000, //usModeHActive, usModeVActive
 867                 1600, 1000, //usCapHActive, usCapVActive
 868                  261,   35, //usHStart, usVStart
 869                   12,   12,   3, //ucHSyncTolerance, ucVSyncTolerance, ucVTotalTolerance
 870                 _1600x1000_75HZ //usModeIndex
 871              },
 872              { //1600x1200@60 Reduced Blanking
 873                  OFF, //ucSampling 
 874                  740,  599, HPVP|HPVN|HNVP|HNVN, //usHSyncFreq, usVSyncFreq, ucHVPolarity
 875                   32,    4, //ucHSyncWidth, ucVSyncWidth
 876                 1760, 1235, //usHTotal, usVTotal
 877                 1600, 1200, //usModeHActive, usModeVActive
 878                 1600, 1200, //usCapHActive, usCapVActive
 879                   62,   26, //usHStart, usVStart
 880                   12,   12,   3, //ucHSyncTolerance, ucVSyncTolerance, ucVTotalTolerance
 881                 _1600x1200_60HZ_RB //usModeIndex
 882              },
 883              { //1600x1200@60
 884                  OFF, //ucSampling 
 885                  750,  600, HPVP|HPVN|HNVP|HNVN, //usHSyncFreq, usVSyncFreq, ucHVPolarity
 886                  192,    4, //ucHSyncWidth, ucVSyncWidth
 887                 2160, 1250, //usHTotal, usVTotal
 888                 1600, 1200, //usModeHActive, usModeVActive
 889                 1600, 1200, //usCapHActive, usCapVActive
 890                  285,   43, //usHStart, usVStart
 891                   12,   12,   3, //ucHSyncTolerance, ucVSyncTolerance, ucVTotalTolerance
 892                 _1600x1200_60HZ //usModeIndex
 893              },
 894              { //1600x1200@65
 895                  OFF, //ucSampling 
 896                  813,  650, HPVP|HPVN|HNVP|HNVN, //usHSyncFreq, usVSyncFreq, ucHVPolarity
 897                  192,    3, //ucHSyncWidth, ucVSyncWidth
 898                 2160, 1250, //usHTotal, usVTotal
 899                 1600, 1200, //usModeHActive, usModeVActive
 900                 1600, 1200, //usCapHActive, usCapVActive
 901                  284,   43, //usHStart, usVStart
 902                   12,   12,   3, //ucHSyncTolerance, ucVSyncTolerance, ucVTotalTolerance
 903                 _1600x1200_65HZ //usModeIndex
 904              },
 905              { //1600x1200@70
 906                  OFF, //ucSampling 
 907                  875,  700, HPVP|HPVN|HNVP|HNVN, //usHSyncFreq, usVSyncFreq, ucHVPolarity
 908                  192,    3, //ucHSyncWidth, ucVSyncWidth
 909                 2160, 1250, //usHTotal, usVTotal
 910                 1600, 1200, //usModeHActive, usModeVActive
 911                 1600, 1200, //usCapHActive, usCapVActive
 912                  284,   43, //usHStart, usVStart
 913                   12,   12,   3, //ucHSyncTolerance, ucVSyncTolerance, ucVTotalTolerance
 914                 _1600x1200_70HZ //usModeIndex
 915              },
 916              { //1600x1200@75
 917                  OFF, //ucSampling 
 918                  938,  750, HPVP|HPVN|HNVP|HNVN, //usHSyncFreq, usVSyncFreq, ucHVPolarity
 919                  192,    3, //ucHSyncWidth, ucVSyncWidth
 920                 2160, 1250, //usHTotal, usVTotal
C51 COMPILER V9.54   MODETABLE                                                             01/06/2017 14:56:40 PAGE 16  

 921                 1600, 1200, //usModeHActive, usModeVActive
 922                 1600, 1200, //usCapHActive, usCapVActive
 923                  284,   43, //usHStart, usVStart
 924                   12,   12,   3, //ucHSyncTolerance, ucVSyncTolerance, ucVTotalTolerance
 925                 _1600x1200_75HZ //usModeIndex
 926              },
 927              { //1680x1050@60 Reduced Blanking
 928                  OFF, //ucSampling 
 929                  647,  599, HPVP|HPVN|HNVP|HNVN, //usHSyncFreq, usVSyncFreq, ucHVPolarity
 930                   32,    6, //ucHSyncWidth, ucVSyncWidth
 931                 1840, 1080, //usHTotal, usVTotal
 932                 1680, 1050, //usModeHActive, usModeVActive
 933                 1680, 1050, //usCapHActive, usCapVActive
 934                   63,   18, //usHStart, usVStart
 935                   12,   12,   3, //ucHSyncTolerance, ucVSyncTolerance, ucVTotalTolerance
 936                 _1680x1050_60HZ_RB //usModeIndex
 937              },
 938              { //1680x1050@60
 939                  OFF, //ucSampling 
 940                  653,  600, HPVP|HPVN|HNVP|HNVN, //usHSyncFreq, usVSyncFreq, ucHVPolarity
 941                  176,    6, //ucHSyncWidth, ucVSyncWidth
 942                 2240, 1089, //usHTotal, usVTotal
 943                 1680, 1050, //usModeHActive, usModeVActive
 944                 1680, 1050, //usCapHActive, usCapVActive
 945                  263,   27, //usHStart, usVStart
 946                   12,   12,   3, //ucHSyncTolerance, ucVSyncTolerance, ucVTotalTolerance
 947                 _1680x1050_60HZ //usModeIndex
 948              },
 949              { //1680x1050@75
 950                  OFF, //ucSampling 
 951                  823,  749, HPVP|HPVN|HNVP|HNVN, //usHSyncFreq, usVSyncFreq, ucHVPolarity
 952                  176,    6, //ucHSyncWidth, ucVSyncWidth
 953                 2272, 1099, //usHTotal, usVTotal
 954                 1680, 1050, //usModeHActive, usModeVActive
 955                 1680, 1050, //usCapHActive, usCapVActive
 956                  279,   37, //usHStart, usVStart
 957                   12,   12,   3, //ucHSyncTolerance, ucVSyncTolerance, ucVTotalTolerance
 958                 _1680x1050_75HZ //usModeIndex
 959              },
 960              { //1600x1280@60
 961                  OFF, //ucSampling 
 962                  795,  599, HPVP|HPVN|HNVP|HNVN, //usHSyncFreq, usVSyncFreq, ucHVPolarity
 963                  168,    7, //ucHSyncWidth, ucVSyncWidth
 964                 2160, 1327, //usHTotal, usVTotal
 965                 1600, 1280, //usModeHActive, usModeVActive
 966                 1600, 1280, //usCapHActive, usCapVActive
 967                  261,   34, //usHStart, usVStart
 968                   12,   12,   3, //ucHSyncTolerance, ucVSyncTolerance, ucVTotalTolerance
 969                 _1600x1280_60HZ //usModeIndex
 970              },
 971              { //1920x1080@60 Reduced Blanking
 972                  OFF, //ucSampling 
 973                  666,  599, HPVP|HPVN|HNVP|HNVN, //usHSyncFreq, usVSyncFreq, ucHVPolarity
 974                   32,    5, //ucHSyncWidth, ucVSyncWidth
 975                 2080, 1111, //usHTotal, usVTotal
 976                 1920, 1080, //usModeHActive, usModeVActive
 977                 1920, 1080, //usCapHActive, usCapVActive
 978                   64,   19, //usHStart, usVStart
 979                   12,   12,   3, //ucHSyncTolerance, ucVSyncTolerance, ucVTotalTolerance
 980                 _1920x1080_60HZ_RB //usModeIndex
 981              },
 982              { //1920x1080@60
C51 COMPILER V9.54   MODETABLE                                                             01/06/2017 14:56:40 PAGE 17  

 983                  OFF, //ucSampling 
 984                  672,  600, HPVP|HPVN|HNVP|HNVN, //usHSyncFreq, usVSyncFreq, ucHVPolarity
 985                  200,    5, //ucHSyncWidth, ucVSyncWidth
 986                 2576, 1120, //usHTotal, usVTotal
 987                 1920, 1080, //usModeHActive, usModeVActive
 988                 1920, 1080, //usCapHActive, usCapVActive
 989                  311,   29, //usHStart, usVStart
 990                   12,   12,   3, //ucHSyncTolerance, ucVSyncTolerance, ucVTotalTolerance
 991                 _1920x1080_60HZ //usModeIndex
 992              },
 993              { //1920x1080P@60 //1080P
 994                  OFF, //ucSampling 
 995                  675,  600, HPVP|HPVN|HNVP|HNVN, //usHSyncFreq, usVSyncFreq, ucHVPolarity
 996                   44,    5, //ucHSyncWidth, ucVSyncWidth
 997                 2200, 1125, //usHTotal, usVTotal
 998                 1920, 1080, //usModeHActive, usModeVActive
 999                 1920, 1080, //usCapHActive, usCapVActive
1000                  130,   33, //usHStart, usVStart
1001                   12,   12,   3, //ucHSyncTolerance, ucVSyncTolerance, ucVTotalTolerance
1002                 _1920x1080P_60HZ //usModeIndex
1003              },
1004              { //1920x1200@50 Reduced Blanking
1005                  OFF, //ucSampling 
1006                  614,  500, HPVP|HPVN|HNVP|HNVN, //usHSyncFreq, usVSyncFreq, ucHVPolarity
1007                   32,    6, //ucHSyncWidth, ucVSyncWidth
1008                 2080, 1229, //usHTotal, usVTotal
1009                 1920, 1200, //usModeHActive, usModeVActive
1010                 1920, 1200, //usCapHActive, usCapVActive
1011                   62,   17, //usHStart, usVStart
1012                   12,   12,   3, //ucHSyncTolerance, ucVSyncTolerance, ucVTotalTolerance
1013                 _1920x1200_50HZ_RB //usModeIndex
1014              },
1015              { //1920x1200@60 Reduced Blanking
1016                  OFF, //ucSampling 
1017                  740,  600, HPVP|HPVN|HNVP|HNVN, //usHSyncFreq, usVSyncFreq, ucHVPolarity
1018                   32,    6, //ucHSyncWidth, ucVSyncWidth
1019                 2080, 1235, //usHTotal, usVTotal
1020                 1920, 1200, //usModeHActive, usModeVActive
1021                 1920, 1200, //usCapHActive, usCapVActive
1022                   61,   23, //usHStart, usVStart
1023                   12,   12,   3, //ucHSyncTolerance, ucVSyncTolerance, ucVTotalTolerance
1024                 _1920x1200_60HZ_RB //usModeIndex
1025              },
1026              { //1920x1200@60
1027                  OFF, //ucSampling 
1028                  746,  599, HPVP|HPVN|HNVP|HNVN, //usHSyncFreq, usVSyncFreq, ucHVPolarity
1029                  200,    6, //ucHSyncWidth, ucVSyncWidth
1030                 2592, 1245, //usHTotal, usVTotal
1031                 1920, 1200, //usModeHActive, usModeVActive
1032                 1920, 1200, //usCapHActive, usCapVActive
1033                  318,   33, //usHStart, usVStart
1034                   12,   12,   3, //ucHSyncTolerance, ucVSyncTolerance, ucVTotalTolerance
1035                 _1920x1200_60HZ //usModeIndex
1036              },
1037              { //720x480P@60
1038                  OFF, //ucSampling 
1039                  315,  600, HPVP|HPVN|HNVP|HNVN, //usHSyncFreq, usVSyncFreq, ucHVPolarity
1040                   62,    9, //ucHSyncWidth, ucVSyncWidth
1041                  858,  525, //usHTotal, usVTotal
1042                  720,  480, //usModeHActive, usModeVActive
1043                  720,  480, //usCapHActive, usCapVActive
1044                   46,   27, //usHStart, usVStart
C51 COMPILER V9.54   MODETABLE                                                             01/06/2017 14:56:40 PAGE 18  

1045                   12,   12,   3, //ucHSyncTolerance, ucVSyncTolerance, ucVTotalTolerance
1046                 _720x480P_60HZ //usModeIndex
1047              },
1048              { //720x576P@50
1049                  OFF, //ucSampling 
1050                  313,  500, HPVP|HPVN|HNVP|HNVN, //usHSyncFreq, usVSyncFreq, ucHVPolarity
1051                   64,    5, //ucHSyncWidth, ucVSyncWidth
1052                  864,  625, //usHTotal, usVTotal
1053                  720,  576, //usModeHActive, usModeVActive
1054                  720,  576, //usCapHActive, usCapVActive
1055                   54,   36, //usHStart, usVStart
1056                   12,   12,   3, //ucHSyncTolerance, ucVSyncTolerance, ucVTotalTolerance
1057                 _720x576P_50HZ //usModeIndex
1058              },
1059              { //720x576P@60
1060                  OFF, //ucSampling 
1061                  360,  600, HPVP|HPVN|HNVP|HNVN, //usHSyncFreq, usVSyncFreq, ucHVPolarity
1062                   64,    5, //ucHSyncWidth, ucVSyncWidth
1063                  912,  600, //usHTotal, usVTotal
1064                  720,  576, //usModeHActive, usModeVActive
1065                  720,  576, //usCapHActive, usCapVActive
1066                   99,   15, //usHStart, usVStart
1067                   12,   12,   3, //ucHSyncTolerance, ucVSyncTolerance, ucVTotalTolerance
1068                 _720x576P_60HZ //usModeIndex
1069              },
1070              { //1280x720P@50
1071                  OFF, //ucSampling 
1072                  375,  500, HPVP|HPVN|HNVP|HNVN, //usHSyncFreq, usVSyncFreq, ucHVPolarity
1073                   40,    5, //ucHSyncWidth, ucVSyncWidth
1074                 1980,  750, //usHTotal, usVTotal
1075                 1280,  720, //usModeHActive, usModeVActive
1076                 1280,  720, //usCapHActive, usCapVActive
1077                  205,   17, //usHStart, usVStart
1078                   12,   12,   3, //ucHSyncTolerance, ucVSyncTolerance, ucVTotalTolerance
1079                 _1280x720P_50HZ //usModeIndex
1080              },
1081              { //1920x1080P@50
1082                  OFF, //ucSampling 
1083                  563,  500, HPVP|HPVN|HNVP|HNVN, //usHSyncFreq, usVSyncFreq, ucHVPolarity
1084                   44,    5, //ucHSyncWidth, ucVSyncWidth
1085                 2640, 1125, //usHTotal, usVTotal
1086                 1920, 1080, //usModeHActive, usModeVActive
1087                 1920, 1080, //usCapHActive, usCapVActive
1088                  133,   35, //usHStart, usVStart
1089                   12,   12,   3, //ucHSyncTolerance, ucVSyncTolerance, ucVTotalTolerance
1090                 _1920x1080P_50HZ //usModeIndex
1091              },
1092              { //720x480I@60
1093                  OFF, //ucSampling 
1094                  157,  600, HPVP|HPVN|HNVP|HNVN, //usHSyncFreq, usVSyncFreq, ucHVPolarity
1095                   62,    2, //ucHSyncWidth, ucVSyncWidth
1096                  858,  262, //usHTotal, usVTotal
1097                  720,  480, //usModeHActive, usModeVActive
1098                  720,  480, //usCapHActive, usCapVActive
1099                   44,   12, //usHStart, usVStart
1100                   12,   12,   3, //ucHSyncTolerance, ucVSyncTolerance, ucVTotalTolerance
1101                 _720x480I_60HZ //usModeIndex
1102              },
1103              { //1440x480I@60
1104                  OFF, //ucSampling 
1105                  157,  600, HPVP|HPVN|HNVP|HNVN, //usHSyncFreq, usVSyncFreq, ucHVPolarity
1106                  124,    2, //ucHSyncWidth, ucVSyncWidth
C51 COMPILER V9.54   MODETABLE                                                             01/06/2017 14:56:40 PAGE 19  

1107                 1716,  262, //usHTotal, usVTotal
1108                 1440,  480, //usModeHActive, usModeVActive
1109                 1440,  480, //usCapHActive, usCapVActive
1110                   88,   12, //usHStart, usVStart
1111                   12,   12,   3, //ucHSyncTolerance, ucVSyncTolerance, ucVTotalTolerance
1112                 _1440x480I_60HZ //usModeIndex
1113              },
1114              { //2880x480I@60
1115                  OFF, //ucSampling 
1116                  157,  600, HPVP|HPVN|HNVP|HNVN, //usHSyncFreq, usVSyncFreq, ucHVPolarity
1117                  248,    2, //ucHSyncWidth, ucVSyncWidth
1118                 3432,  262, //usHTotal, usVTotal
1119                 2880,  480, //usModeHActive, usModeVActive
1120                 2880,  480, //usCapHActive, usCapVActive
1121                  176,   12, //usHStart, usVStart
1122                   12,   12,   3, //ucHSyncTolerance, ucVSyncTolerance, ucVTotalTolerance
1123                 _2880x480I_60HZ //usModeIndex
1124              },
1125              { //1920x1080I@60
1126                  OFF, //ucSampling 
1127                  338,  600, HPVP|HPVN|HNVP|HNVN, //usHSyncFreq, usVSyncFreq, ucHVPolarity
1128                   44,    2, //ucHSyncWidth, ucVSyncWidth
1129                 2200,  562, //usHTotal, usVTotal
1130                 1920, 1080, //usModeHActive, usModeVActive
1131                 1920, 1080, //usCapHActive, usCapVActive
1132                  133,   12, //usHStart, usVStart
1133                   12,   12,   3, //ucHSyncTolerance, ucVSyncTolerance, ucVTotalTolerance
1134                 _1920x1080I_60HZ //usModeIndex
1135              },
1136              { //720x576I@50
1137                  OFF, //ucSampling 
1138                  157,  500, HPVP|HPVN|HNVP|HNVN, //usHSyncFreq, usVSyncFreq, ucHVPolarity
1139                   63,    1, //ucHSyncWidth, ucVSyncWidth
1140                  864,  312, //usHTotal, usVTotal
1141                  720,  576, //usModeHActive, usModeVActive
1142                  720,  576, //usCapHActive, usCapVActive
1143                   56,   16, //usHStart, usVStart
1144                   12,   12,   3, //ucHSyncTolerance, ucVSyncTolerance, ucVTotalTolerance
1145                 _720x576I_50HZ //usModeIndex
1146              },
1147              { //1440x576I@50
1148                  OFF, //ucSampling 
1149                  157,  500, HPVP|HPVN|HNVP|HNVN, //usHSyncFreq, usVSyncFreq, ucHVPolarity
1150                  126,    1, //ucHSyncWidth, ucVSyncWidth
1151                 1728,  312, //usHTotal, usVTotal
1152                 1440,  576, //usModeHActive, usModeVActive
1153                 1440,  576, //usCapHActive, usCapVActive
1154                  112,   16, //usHStart, usVStart
1155                   12,   12,   3, //ucHSyncTolerance, ucVSyncTolerance, ucVTotalTolerance
1156                 _1440x576I_50HZ //usModeIndex
1157              },
1158              { //2880x576I@50
1159                  OFF, //ucSampling 
1160                  157,  500, HPVP|HPVN|HNVP|HNVN, //usHSyncFreq, usVSyncFreq, ucHVPolarity
1161                  252,    1, //ucHSyncWidth, ucVSyncWidth
1162                 3456,  312, //usHTotal, usVTotal
1163                 2880,  576, //usModeHActive, usModeVActive
1164                 2880,  576, //usCapHActive, usCapVActive
1165                  224,   16, //usHStart, usVStart
1166                   12,   12,   3, //ucHSyncTolerance, ucVSyncTolerance, ucVTotalTolerance
1167                 _2880x576I_50HZ //usModeIndex
1168              },
C51 COMPILER V9.54   MODETABLE                                                             01/06/2017 14:56:40 PAGE 20  

1169              { //1920x1080I@50
1170                  OFF, //ucSampling 
1171                  322,  515, HPVP|HPVN|HNVP|HNVN, //usHSyncFreq, usVSyncFreq, ucHVPolarity
1172                  168,   22, //ucHSyncWidth, ucVSyncWidth
1173                 2304,  625, //usHTotal, usVTotal
1174                 1920, 1080, //usModeHActive, usModeVActive
1175                 1920, 1080, //usCapHActive, usCapVActive
1176                  132,   12, //usHStart, usVStart
1177                   12,   12,   3, //ucHSyncTolerance, ucVSyncTolerance, ucVTotalTolerance
1178                 _1920x1080I_50HZ_RB //usModeIndex
1179              },
1180              { //1920x1080I@50
1181                  OFF, //ucSampling 
1182                  281,  500, HPVP|HPVN|HNVP|HNVN, //usHSyncFreq, usVSyncFreq, ucHVPolarity
1183                   44,    2, //ucHSyncWidth, ucVSyncWidth
1184                 2640,  562, //usHTotal, usVTotal
1185                 1920, 1080, //usModeHActive, usModeVActive
1186                 1920, 1080, //usCapHActive, usCapVActive
1187                  132,   12, //usHStart, usVStart
1188                   12,   12,   3, //ucHSyncTolerance, ucVSyncTolerance, ucVTotalTolerance
1189                 _1920x1080I_50HZ //usModeIndex
1190              },
1191              { //2048x1152@60 Reduced Blanking
1192                  OFF, //ucSampling 
1193                  701,  599, HPVP|HPVN|HNVP|HNVN, //usHSyncFreq, usVSyncFreq, ucHVPolarity
1194                   32,    3, //ucHSyncWidth, ucVSyncWidth
1195                 2208, 1185, //usHTotal, usVTotal
1196                 2048, 1152, //usModeHActive, usModeVActive
1197                 2048, 1152, //usCapHActive, usCapVActive
1198                   62,   22, //usHStart, usVStart
1199                   12,   12,   3, //ucHSyncTolerance, ucVSyncTolerance, ucVTotalTolerance
1200                 _2048x1152_60HZ_RB //usModeIndex
1201              },
1202              { //2048x1152@60
1203                  OFF, //ucSampling 
1204                  716,  600, HPVP|HPVN|HNVP|HNVN, //usHSyncFreq, usVSyncFreq, ucHVPolarity
1205                  216,    3, //ucHSyncWidth, ucVSyncWidth
1206                 2752, 1195, //usHTotal, usVTotal
1207                 2048, 1152, //usModeHActive, usModeVActive
1208                 2048, 1152, //usCapHActive, usCapVActive
1209                  338,   32, //usHStart, usVStart
1210                   12,   12,   3, //ucHSyncTolerance, ucVSyncTolerance, ucVTotalTolerance
1211                 _2048x1152_60HZ //usModeIndex
1212              },
1213              { //1280x600@60
1214                  OFF, //ucSampling 
1215                  377,  600, HPVP|HPVN|HNVP|HNVN, //usHSyncFreq, usVSyncFreq, ucHVPolarity
1216                  128,    5, //ucHSyncWidth, ucVSyncWidth
1217                 1688,  628, //usHTotal, usVTotal
1218                 1280,  600, //usModeHActive, usModeVActive
1219                 1280,  600, //usCapHActive, usCapVActive
1220                  81,   20, //usHStart, usVStart
1221                   12,   12,   3, //ucHSyncTolerance, ucVSyncTolerance, ucVTotalTolerance
1222                 _1280x600_60HZ //usModeIndex
1223              },
1224              { //1024x600@60
1225                  OFF, //ucSampling 
1226                  373,  599, HPVP|HPVN|HNVP|HNVN, //usHSyncFreq, usVSyncFreq, ucHVPolarity
1227                  136,    6, //ucHSyncWidth, ucVSyncWidth
1228                 1312,  624, //usHTotal, usVTotal
1229                 1024,  600, //usModeHActive, usModeVActive
1230                 1024,  600, //usCapHActive, usCapVActive
C51 COMPILER V9.54   MODETABLE                                                             01/06/2017 14:56:40 PAGE 21  

1231                  144,   11, //usHStart, usVStart
1232                   12,   12,   3, //ucHSyncTolerance, ucVSyncTolerance, ucVTotalTolerance
1233                 _1024x600_60HZ //usModeIndex
1234              },
1235              { //1920x1080i@50
1236                  OFF, //ucSampling 
1237                  313,  500, HPVP|HPVN|HNVP|HNVN, //usHSyncFreq, usVSyncFreq, ucHVPolarity
1238                  168,    5, //ucHSyncWidth, ucVSyncWidth
1239                 2304,  625, //usHTotal, usVTotal
1240                 1920, 1080, //usModeHActive, usModeVActive
1241                 1920, 1080, //usCapHActive, usCapVActive
1242                  184,   57, //usHStart, usVStart
1243                   12,   12,   3, //ucHSyncTolerance, ucVSyncTolerance, ucVTotalTolerance
1244                 _1920x1080I_50HZ125 //usModeIndex
1245              },
1246              { //End of ModeTable
1247                 OFF, //ucSampling 
1248                 0xFFFF, 0xFFFF, 0xFF,
1249                   0xFF,   0xFF,
1250                 0xFFFF, 0xFFFF,
1251                 0xFFFF, 0xFFFF,
1252                 0xFFFF, 0xFFFF,
1253                 0xFFFF, 0xFFFF,
1254                   0xFF,   0xFF, 0xFF,
1255                 0xFFFF
1256              },
1257          
1258          };
1259          
1260          //******************************************************************************
1261          // S T A T I C   V A R I A B L E S
1262          //******************************************************************************
1263          
1264          //******************************************************************************
1265          // E X T E R N A L   V A R I A B L E   P R O T O T Y P E S
1266          //******************************************************************************
1267          
1268          //******************************************************************************
1269          // S T A T I C   F U N C T I O N   P R O T O T Y P E S
1270          //******************************************************************************
1271          
1272          //******************************************************************************
1273          // E X T E R N A L   F U N C T I O N   P R O T O T Y P E S
1274          //******************************************************************************
1275          
1276          //******************************************************************************
1277          // F U N C T I O N   B O D Y S
1278          //******************************************************************************


MODULE INFORMATION:   STATIC OVERLAYABLE
   CODE SIZE        =   ----    ----
   CONSTANT SIZE    =   3248    ----
   XDATA SIZE       =   ----    ----
   PDATA SIZE       =   ----    ----
   DATA SIZE        =   ----    ----
   IDATA SIZE       =   ----    ----
   BIT SIZE         =   ----    ----
END OF MODULE INFORMATION.


C51 COMPILATION COMPLETE.  0 WARNING(S),  0 ERROR(S)
