C51 COMPILER V9.54   OD                                                                    01/06/2017 14:57:18 PAGE 1   


C51 COMPILER V9.54, COMPILATION OF MODULE OD
OBJECT MODULE PLACED IN .\Bin\OD.obj
COMPILER INVOKED BY: D:\Keil_v5\C51\BIN\C51.EXE App\OD.c LARGE OPTIMIZE(9,SPEED) BROWSE INCDIR(.\App;.\App\OSD;.\App\Use
                    -r;.\Lib;.\Lib\NT68810 Series;.\Lib\ScalerCfg;.\Phy\Panel;.\Phy\SI\NVT\Board;.\Phy\SI\NVT\Component;.\Phy\SI\NVT\Keypad;.
                    -\Sys;.\Sys\SI\NVT;.\Phy\SI\NVT\Keypad\NT68870_MODULE_KEYPAD) DEFINE(SCALER_TYPE=NT68870,NT68870_MODULE,LVIEW_2560X1440,F
                    -LASH_BANK=8) PRINT(.\Lst\OD.lst) TABS(2) OBJECT(.\Bin\OD.obj)

line level    source

   1          /******************************************************************************/
   2          /*                       Novatek MicroElectronics Corp.                       */
   3          /*       6F, No. 1-2, Innovation Road I, Science-Based Industrial Park,       */
   4          /*                         HsinChu 300, Taiwan, R.O.C.                        */
   5          /*                 TEL:886-3-567-0889       FAX:886-3-577-0132                */
   6          /*                            All Rights Reserved                             */
   7          /******************************************************************************/
   8          
   9          //******************************************************************************
  10          // I N C L U D E   F I L E S
  11          //******************************************************************************
  12          #include "Include.h"
  13          
  14          #if ENABLE_OD == ON
  15          
  16          #include "ODData.c"
  17          
  18          //******************************************************************************
  19          // M A C R O   D E F I N I T I O N S
  20          //******************************************************************************
  21          
  22          //******************************************************************************
  23          // S T A T I C   V A R I A B L E S
  24          //******************************************************************************
  25          
  26          //******************************************************************************
  27          // G L O B A L   V A R I A B L E S
  28          //******************************************************************************
  29          
  30          //******************************************************************************
  31          // S T A T I C   V A R I A B L E S
  32          //******************************************************************************
  33              
  34          //******************************************************************************
  35          // E X T E R N A L   V A R I A B L E   P R O T O T Y P E S
  36          //******************************************************************************
  37          
  38          //******************************************************************************
  39          // S T A T I C   F U N C T I O N   P R O T O T Y P E S
  40          //******************************************************************************
  41          
  42          //******************************************************************************
  43          // E X T E R N A L   F U N C T I O N   P R O T O T Y P E S
  44          //******************************************************************************
  45          
  46          //******************************************************************************
  47          // Prototype: 
  48          //  void SetODMode(UCHAR mode)
  49          // Parameters:
  50          //  mode    : OD mode
  51          // Return:
  52          //  None
C51 COMPILER V9.54   OD                                                                    01/06/2017 14:57:18 PAGE 2   

  53          // Purpose:
  54          //  Set OD mode
  55          // Notes:
  56          //  None
  57          //******************************************************************************
  58          void SetODMode(UCHAR mode)
  59          {
  60   1          static UCHAR od_mode = 0xFF;
  61   1      
  62   1          if ((od_mode != mode) || ODAPI_IsODReset()) {
  63   2              ODAPI_LoadOD(ODTable[mode]);
  64   2              od_mode = mode;
  65   2          }
  66   1          ODAPI_EnableOD();
  67   1      }
  68          
  69          
  70          #endif //#if ENABLE_OD == ON
  71          
  72          void ForODCompilerCodePass(void)
  73          {
  74   1        code UCHAR temp[]={0x00};
  75   1        UCHAR i;
  76   1        i = temp[0];
  77   1      }
  78          
  79          
  80          void ODAPI_SetSeparateODTestPatternEnable(UCHAR tmp)
  81          {
  82   1          tmp = 0;
  83   1          SC_OD_TEST_CONFIGURATION |= BIT0; 
  84   1      
  85   1      }
  86          void ODAPI_ODTestPatternEnable(void)
  87          {
  88   1      
  89   1          SC_OD_TEST_CONFIGURATION |= BIT0; 
  90   1      
  91   1      }
  92          
  93          void ODAPI_ODTestPatternDisable(void)
  94          {
  95   1          SC_OD_TEST_CONFIGURATION &= ~BIT0; 
  96   1      
  97   1      }
  98          


MODULE INFORMATION:   STATIC OVERLAYABLE
   CODE SIZE        =     93    ----
   CONSTANT SIZE    =   3082    ----
   XDATA SIZE       =      1       2
   PDATA SIZE       =   ----    ----
   DATA SIZE        =   ----    ----
   IDATA SIZE       =   ----    ----
   BIT SIZE         =   ----    ----
END OF MODULE INFORMATION.


C51 COMPILATION COMPLETE.  0 WARNING(S),  0 ERROR(S)
