C51 COMPILER V9.54   OSDAPI_INDENT                                                         01/06/2017 14:57:14 PAGE 1   


C51 COMPILER V9.54, COMPILATION OF MODULE OSDAPI_INDENT
OBJECT MODULE PLACED IN .\Bin\OSDAPI_Indent.obj
COMPILER INVOKED BY: D:\Keil_v5\C51\BIN\C51.EXE App\OSD\OSDAPI_Indent.c LARGE OPTIMIZE(9,SPEED) BROWSE INCDIR(.\App;.\Ap
                    -p\OSD;.\App\User;.\Lib;.\Lib\NT68810 Series;.\Lib\ScalerCfg;.\Phy\Panel;.\Phy\SI\NVT\Board;.\Phy\SI\NVT\Component;.\Phy\
                    -SI\NVT\Keypad;.\Sys;.\Sys\SI\NVT;.\Phy\SI\NVT\Keypad\NT68870_MODULE_KEYPAD) DEFINE(SCALER_TYPE=NT68870,NT68870_MODULE,LV
                    -IEW_2560X1440,FLASH_BANK=8) PRINT(.\Lst\OSDAPI_Indent.lst) TABS(2) OBJECT(.\Bin\OSDAPI_Indent.obj)

line level    source

   1          /******************************************************************************/
   2          /*                       Novatek MicroElectronics Corp.                       */
   3          /*       6F, No. 1-2, Innovation Road I, Science-Based Industrial Park,       */
   4          /*                         HsinChu 300, Taiwan, R.O.C.                        */
   5          /*                 TEL:886-3-567-0889       FAX:886-3-577-0132                */
   6          /*                            All Rights Reserved                             */
   7          /******************************************************************************/
   8          
   9          //******************************************************************************
  10          // I N C L U D E   F I L E S
  11          //******************************************************************************
  12          #include "Include.h"
  13          
  14          //******************************************************************************
  15          // G L O B A L   D E F I N I T I O N S
  16          //******************************************************************************
  17          
  18          //******************************************************************************
  19          // S T A T I C   V A R I A B L E S
  20          //******************************************************************************
  21          //static idata USHRT *pIndentFontBase;
  22          //static idata UCHAR *pIndentWidthBase;
  23          //static idata USHRT usIndentFontIndex = 0;
  24          //static idata UCHAR ucIndentStringLen = 0;
  25          //static idata UCHAR ucIndentStringLen = 0;
  26          //static idata UCHAR ucIndentWidth = 0;
  27          //static xdata USHRT usIndentFontBuffer[18];
  28          
  29          idata USHRT *pIndentFontBase;
  30          idata UCHAR *pIndentWidthBase;
  31          xdata USHRT uslay1IndentFontIndex = 0;
  32          idata USHRT usIndentFontIndex = 0;
  33          idata UCHAR ucIndentStringLen = 0;
  34          idata UCHAR ucIndentWidth = 0;
  35          xdata USHRT usIndentFontBuffer[18];
  36          
  37          //******************************************************************************
  38          // S T A T I C   F U N C T I O N   P R O T O T Y P E S
  39          //******************************************************************************
  40          //static void OSDAPI_LoadIndentFont(void) small;
  41          void OSDAPI_LoadIndentFont(void) small;
  42          
  43          //******************************************************************************
  44          // Prototype:
  45          //  void OSDAPI_SetIndentIndex(USHRT index)
  46          // Parameters:
  47          //  index   : start font index of a indent string
  48          // Return:
  49          //  None
  50          // Purpose:
  51          //  Set start font index of a indent string
  52          // Notes:
C51 COMPILER V9.54   OSDAPI_INDENT                                                         01/06/2017 14:57:14 PAGE 2   

  53          //  None
  54          //******************************************************************************
  55          void OSDAPI_SetIndentIndex(USHRT index)
  56          {
  57   1          usIndentFontIndex = index;
  58   1      }
  59          
  60          //******************************************************************************
  61          // Prototype:
  62          //  void OSDAPI_SetIndentIndex(USHRT index)
  63          // Parameters:
  64          //  index   : start font index of a indent string
  65          // Return:
  66          //  None
  67          // Purpose:
  68          //  Set start font index of a indent string
  69          // Notes:
  70          //  None
  71          //******************************************************************************
  72          #if LAYER_INDENT_COUNT == ON
              USHRT OSDAPI_GetIndentIndex(void)
              {
                  return usIndentFontIndex;
              }
              #endif
  78          
  79          //******************************************************************************
  80          // Prototype:
  81          //  void OSDAPI_SetIndentIndex(USHRT index)
  82          // Parameters:
  83          //  index   : start font index of a indent string
  84          // Return:
  85          //  None
  86          // Purpose:
  87          //  Set start font index of a indent string
  88          // Notes:
  89          //  None
  90          //******************************************************************************
  91          /*
  92          void OSDAPI_SetIndentStringLen(UCHAR len)
  93          {
  94              ucIndentStringLen = len;
  95          }
  96          */
  97          
  98          //******************************************************************************
  99          // Prototype:
 100          //  void OSDAPI_SetIndentIndex(USHRT index)
 101          // Parameters:
 102          //  index   : start font index of a indent string
 103          // Return:
 104          //  None
 105          // Purpose:
 106          //  Set start font index of a indent string
 107          // Notes:
 108          //  None
 109          //******************************************************************************
 110          /*
 111          UCHAR OSDAPI_GetIndentStringLen(void)
 112          {
 113              return ucIndentStringLen;
 114          }
C51 COMPILER V9.54   OSDAPI_INDENT                                                         01/06/2017 14:57:14 PAGE 3   

 115          */
 116          
 117          //******************************************************************************
 118          // Prototype:
 119          //  void OSDAPI_SetIndentWidth(UCHAR width)
 120          // Parameters:
 121          //  width   : indent string width
 122          // Return:
 123          //  None
 124          // Purpose:
 125          //  Set indent string width
 126          // Notes:
 127          //  None
 128          //******************************************************************************
 129          void OSDAPI_SetIndentWidth(UCHAR width)
 130          {
 131   1          ucIndentWidth = width;
 132   1      }
 133          
 134          //******************************************************************************
 135          // Prototype:
 136          //  void OSDAPI_SetIndentWidth(UCHAR width)
 137          // Parameters:
 138          //  width   : indent string width
 139          // Return:
 140          //  None
 141          // Purpose:
 142          //  Set indent string width
 143          // Notes:
 144          //  None
 145          //******************************************************************************
 146          /*
 147          UCHAR OSDAPI_GetIndentWidth(void)
 148          {
 149              return ucIndentWidth;
 150          }
 151          */
 152          
 153          //******************************************************************************
 154          // Prototype:
 155          //  void OSDAPI_SetIndentFont(USHRT *pfont, UCHAR *pwidth)
 156          // Parameters:
 157          //  *pfont   : pointer to font table
 158          //  *pwidth  : pointer to font width table
 159          // Return:
 160          //  None
 161          // Purpose:
 162          //  Set indent font table & width table
 163          // Notes:
 164          //  None
 165          //******************************************************************************
 166          void OSDAPI_SetIndentFont(USHRT *pfont, UCHAR *pwidth)
 167          {
 168   1          pIndentFontBase = pfont;
 169   1          pIndentWidthBase = pwidth;
 170   1      }
 171          
 172          //******************************************************************************
 173          // Prototype:
 174          //  void OSDAPI_LoadIndentFont(void)
 175          // Parameters:
 176          //  None
C51 COMPILER V9.54   OSDAPI_INDENT                                                         01/06/2017 14:57:14 PAGE 4   

 177          // Return:
 178          //  None
 179          // Purpose:
 180          //  Load run-time-gererated OSD font to OSD SRam in scaler
 181          // Notes:
 182          //  None
 183          //******************************************************************************
 184          void OSDAPI_LoadIndentFont(void) small
 185          {
 186   1          UCHAR i,ch,height;
 187   1      
 188   1          ResetWDTimer();
 189   1          SC_INDEX_CTRL = 0xA0;
 190   1          SC_INDEX_ADDR_LO = (UCHAR)usIndentFontIndex; //Index low
 191   1          SC_INDEX_ADDR_HI = (UCHAR)(usIndentFontIndex>>8); //Index high
 192   1      
 193   1      #if ENABLE_OSD_ROTATION == ON
 194   1      #if 0 // 0 lrd add 
                  if ((SC_OSD_CTRL1&BIT7) != 0) {
                      UCHAR buffer[27];
                      OSDAPI_RotateIdentFont(buffer,usIndentFontBuffer);
                      for (i=0; i<27; i++) {
                          SC_INDEX_DATA = buffer[i];
                      }        
                  }
                  else
              #else
 204   1      if ((SC_OSD_CTRL1&BIT7) != 0) {
 205   2        OSDAPI_RotateIdentFont(usIndentFontBuffer);    
 206   2      }
 207   1      else 
 208   1      #endif
 209   1      #endif //ENABLE_OSD_ROTATION == ON
 210   1          {
 211   2              height = OSDAPI_GetOSDFontHeight();
 212   2              for (i=0; i<height; i++) {
 213   3                  usIndentFontBuffer[i] >>= 4;
 214   3                  SC_INDEX_DATA = (UCHAR)usIndentFontBuffer[i]; //1'st byte
 215   3                  ch = (UCHAR)(usIndentFontBuffer[i]>>8) & 0x0F;
 216   3                  i++;
 217   3                  ch |= ((UCHAR)usIndentFontBuffer[i] & 0xF0);
 218   3                  SC_INDEX_DATA = ch; //2'nd byte
 219   3                  ch = (UCHAR)((usIndentFontBuffer[i]>>8) & 0x00FF);
 220   3                  SC_INDEX_DATA = ch; //3'th byte
 221   3              }
 222   2          }
 223   1          usIndentFontIndex++;
 224   1          ucIndentStringLen++;
 225   1          ResetWDTimer();
 226   1      }
 227          
 228          //******************************************************************************
 229          // Prototype: 
 230          // static void InitFontTableByLang(tFontTable *table)
 231          // Parameters:
 232          // Return:
 233          // Purpose:
 234          // Notes:
 235          //  None
 236          //******************************************************************************
 237          void InitFontTableByLang(USHRT k,tFontTable *RemoveFontTab)
 238          {
C51 COMPILER V9.54   OSDAPI_INDENT                                                         01/06/2017 14:57:14 PAGE 5   

 239   1            if (UserData.ucLanguage == OSDLANG_CHINESE_T ) {
 240   2               if(bSelectTable == OSDFontTble1){
 241   3                   InitFont_TC_Table1();
 242   3                }
 243   2                else{
 244   3                   InitFont_TC_Table2();
 245   3                }
 246   2                RemoveFontTab->head = 0;
 247   2                RemoveFontTab->tail = 0;
 248   2           }
 249   1           else if (UserData.ucLanguage == OSDLANG_CHINESE_S) {
 250   2               if(bSelectTable == OSDFontTble1){
 251   3                   InitFont_SC_Table1();
 252   3                }
 253   2                else{
 254   3                    InitFont_SC_Table2();
 255   3                }
 256   2                RemoveFontTab->head = 0;
 257   2                RemoveFontTab->tail = 0;
 258   2           }
 259   1           else if (UserData.ucLanguage == OSDLANG_JAPANESE) {
 260   2               if(bSelectTable == OSDFontTble1){
 261   3                   InitFont_Japan_Table1();
 262   3                }
 263   2                else{
 264   3                    InitFont_Japan_Table2();
 265   3                }
 266   2                RemoveFontTab->head = 0;
 267   2                RemoveFontTab->tail = 0;
 268   2           }         
 269   1           else if(UserData.ucLanguage == OSDLANG_FRENCH && k >= OSDCOMMONEFONT){
 270   2               InitFont_Franais();
 271   2               RemoveFontTab->head = 0;
 272   2               RemoveFontTab->tail = 0;
 273   2           }
 274   1           else if(UserData.ucLanguage == OSDLANG_GERMAN && k >= OSDCOMMONEFONT){
 275   2               InitFont_Deutsch();
 276   2               RemoveFontTab->head = 0;
 277   2               RemoveFontTab->tail = 0;
 278   2           }
 279   1           else if(UserData.ucLanguage == OSDLANG_ITALIAN&& k >= OSDCOMMONEFONT){
 280   2               InitFont_Italiano();
 281   2               RemoveFontTab->head = 0;
 282   2               RemoveFontTab->tail = 0;
 283   2           }
 284   1           else if(UserData.ucLanguage == OSDLANG_SPANISH && k >= OSDCOMMONEFONT){
 285   2               InitFont_Espanol();
 286   2               RemoveFontTab->head = 0;
 287   2               RemoveFontTab->tail = 0;
 288   2           }
 289   1           
 290   1           else if(UserData.ucLanguage == OSDLANG_SPANISH && k >= OSDCOMMONEFONT){
 291   2               InitFont_Espanol();
 292   2               RemoveFontTab->head = 0;
 293   2               RemoveFontTab->tail = 0;
 294   2           }        
 295   1           else if(UserData.ucLanguage == OSDLANG_POLISH && k >= OSDCOMMONEFONT){
 296   2               InitFont_Polski();
 297   2               RemoveFontTab->head = 0;
 298   2               RemoveFontTab->tail = 0;
 299   2           }
 300   1           
C51 COMPILER V9.54   OSDAPI_INDENT                                                         01/06/2017 14:57:14 PAGE 6   

 301   1           else if(UserData.ucLanguage == OSDLANG_CZECH && k >= OSDCOMMONEFONT){
 302   2               InitFont_Cesky();
 303   2               RemoveFontTab->head = 0;
 304   2               RemoveFontTab->tail = 0;
 305   2           }
 306   1           else if(UserData.ucLanguage == OSDLANG_HUNGARIAN && k >= OSDCOMMONEFONT){
 307   2               InitFont_Magyar();
 308   2               RemoveFontTab->head = 0;
 309   2               RemoveFontTab->tail = 0;
 310   2           }
 311   1           
 312   1           else if(UserData.ucLanguage == OSDLANG_SERBO&& k >= OSDCOMMONEFONT){
 313   2               InitFont_SiCG();
 314   2               RemoveFontTab->head = 0;
 315   2               RemoveFontTab->tail = 0;
 316   2           }
 317   1           else if(UserData.ucLanguage == OSDLANG_ROMANA && k >= OSDCOMMONEFONT){
 318   2               InitFont_Romana();
 319   2               RemoveFontTab->head = 0;
 320   2               RemoveFontTab->tail = 0;
 321   2           }
 322   1          else if(UserData.ucLanguage == OSDLANG_RUSSIAN && k >= OSDCOMMONEFONT){
 323   2               InitFont_Pyccknn();
 324   2               RemoveFontTab->head = 0;
 325   2               RemoveFontTab->tail = 0;
 326   2           }
 327   1           else if(UserData.ucLanguage == OSDLANG_SWEDISH && k >= OSDCOMMONEFONT){
 328   2               InitFont_Svenska();
 329   2               RemoveFontTab->head = 0;
 330   2               RemoveFontTab->tail = 0;
 331   2           }
 332   1           else if(UserData.ucLanguage == OSDLANG_PORTUGUESE && k >= OSDCOMMONEFONT){
 333   2               InitFont_Portugus();
 334   2               RemoveFontTab->head = 0;
 335   2               RemoveFontTab->tail = 0;
 336   2           }
 337   1      #if OSDLANG_ARAB != OSDLANG_NONE
 338   1           else if(UserData.ucLanguage == OSDLANG_ARAB && k >= OSDCOMMONEFONT){
 339   2               InitFont_ARAB();
 340   2               RemoveFontTab->head = 0;
 341   2               RemoveFontTab->tail = 0;
 342   2           }
 343   1      #endif
 344   1          else {
 345   2              InitFont_Europe();
 346   2              RemoveFontTab->head = 0;
 347   2              RemoveFontTab->tail = 0;
 348   2          }
 349   1          
 350   1          RemoveFontTab->height = OSDAPI_GetOSDFontHeight()-(RemoveFontTab->head+RemoveFontTab->tail);
 351   1      }
 352          
 353          //******************************************************************************
 354          // Prototype: 
 355          //  void OSDAPI_ShowIndents(BOOL attr, UCHAR x, UCHAR y) small
 356          // Parameters:
 357          //  attr: set OSD attributes
 358          //  x   : x position on OSD
 359          //  y   : y position on OSD
 360          // Return:
 361          //  None
 362          // Purpose:
C51 COMPILER V9.54   OSDAPI_INDENT                                                         01/06/2017 14:57:14 PAGE 7   

 363          //  Show pre-load indent string.
 364          // Notes:
 365          //  None
 366          //******************************************************************************
 367          void OSDAPI_ShowIndents(BOOL attr, UCHAR x, UCHAR y) small
 368          {
 369   1          UCHAR i,l;
 370   1      
 371   1          UCHAR ch;
 372   1          USHRT m,temp;
 373   1          ResetWDTimer();
 374   1      
 375   1          temp = usIndentFontIndex - ucIndentStringLen;
 376   1        
 377   1          m = y * OSDAPI_GetOSDWidth() + x;
 378   1          
 379   1          OSDAPI_GetAttribute(m);//OSD bug
 380   1          if (attr == TRUE) {
 381   2              SC_INDEX_CTRL = 0x90;
 382   2          }
 383   1          else {
 384   2              SC_INDEX_CTRL = 0x40;
 385   2          }
 386   1          SC_INDEX_ADDR_LO = (UCHAR)m;
 387   1          SC_INDEX_ADDR_HI = (UCHAR)(m >> 8);
 388   1      
 389   1          //Alignment
 390   1          if (OSDAPI_GetAlignType() == 0) { //Left
 391   2              l = 0;
 392   2          }
 393   1          else if (OSDAPI_GetAlignType() == 1) { //Right
 394   2              l = ucIndentWidth - ucIndentStringLen;
 395   2          }
 396   1          else if (OSDAPI_GetAlignType() == 2) { //Center
 397   2              l = (ucIndentWidth - ucIndentStringLen) >> 1;
 398   2          }
 399   1          //write front space
 400   1          for (i=0; i<l; i++) {
 401   2              SC_INDEX_DATA = 0x00;
 402   2          }
 403   1          //write font index
 404   1          for (i=0; i<ucIndentStringLen; i++) {
 405   2              ch = (UCHAR)(temp + i);
 406   2              SC_INDEX_DATA = ch;
 407   2          }
 408   1          //write back space
 409   1          i = l + ucIndentStringLen;
 410   1          for (i; i<ucIndentWidth; i++) {
 411   2              SC_INDEX_DATA = 0x00;
 412   2          }
 413   1          ResetWDTimer();
 414   1      }
 415          #if 0 // 0 lrd add :ÒÆ¶¯µ½ÁËcommom
              //******************************************************************************
              // Prototype:
              //  void OSDAPI_ShowIndentString(BOOL attr, UCHAR x, UCHAR y, UCHAR len, UCHAR *ptr)
              // Parameters:
              //  attr: set OSD attributes
              //  x   : x position on OSD
              //  y   : y position on OSD
              //  len : length of indent string
              //  *ptr  : pointer to font index of indent string
C51 COMPILER V9.54   OSDAPI_INDENT                                                         01/06/2017 14:57:14 PAGE 8   

              // Return:
              //  None
              // Purpose:
              //  Show indent string
              // Notes:
              //  None
              //******************************************************************************
              void ShowIndentString(BOOL attr, UCHAR x, UCHAR y, UCHAR len, UCHAR *p)
              {
                  UCHAR i,l;
                  l = p[0]+1;
                  if (l > GLOB_FONTBUF_LEN)
                      l = GLOB_FONTBUF_LEN;
                  
               //   memset(glob_FontBuff, 0, GLOB_FONTBUF_LEN);
                for(i=0;i < GLOB_FONTBUF_LEN;i++)
                {
                  glob_FontBuff[i]= 0;
                }
                  for (i=0;i<l;i++){
                      glob_FontBuff[i] = p[i];
                  }
                  
              #if OSDLANG_ARAB != OSDLANG_NONE
                  if(UserData.ucLanguage == OSDLANG_ARAB 
                      && OSDAPI_GetAlignType() == OSD_ALIGN_LEFT
                      &&isOSDArabAlignRight()==TRUE){
                      OSDAPI_SetAlignType(OSD_ALIGN_RIGHT);
                  }
              
              #endif
                  OSDAPI_SetIndentWidth(len);
                  switch(UserData.ucLanguage)
                  {
                  default:
                      FindTable_Europe(glob_FontBuff);
                      break;
                  case OSDLANG_CHINESE_T:
                      FindTable_TC(glob_FontBuff);
                      break;
                  case OSDLANG_CHINESE_S:
                      FindTable_SC(glob_FontBuff);
                      break;
                  case OSDLANG_JAPANESE:
                      FindTable_Japan(glob_FontBuff);
                      break;
                  }
                  OSDAPI_ShowIndents(attr, x, y);
              }
              #endif
 475          


MODULE INFORMATION:   STATIC OVERLAYABLE
   CODE SIZE        =    778    ----
   CONSTANT SIZE    =   ----    ----
   XDATA SIZE       =     38      11
   PDATA SIZE       =   ----    ----
   DATA SIZE        =   ----       8
   IDATA SIZE       =     10    ----
   BIT SIZE         =   ----       1
END OF MODULE INFORMATION.

C51 COMPILER V9.54   OSDAPI_INDENT                                                         01/06/2017 14:57:14 PAGE 9   


C51 COMPILATION COMPLETE.  0 WARNING(S),  0 ERROR(S)
