C51 COMPILER V9.54   OSDFONT_EUROPE                                                        01/06/2017 14:57:11 PAGE 1   


C51 COMPILER V9.54, COMPILATION OF MODULE OSDFONT_EUROPE
OBJECT MODULE PLACED IN .\Bin\OSDFont_Europe.obj
COMPILER INVOKED BY: D:\Keil_v5\C51\BIN\C51.EXE App\OSD\OSD_BENQ_V2\OSDFont_Europe.c LARGE OPTIMIZE(9,SPEED) BROWSE INCD
                    -IR(.\App;.\App\OSD;.\App\User;.\Lib;.\Lib\NT68810 Series;.\Lib\ScalerCfg;.\Phy\Panel;.\Phy\SI\NVT\Board;.\Phy\SI\NVT\Com
                    -ponent;.\Phy\SI\NVT\Keypad;.\Sys;.\Sys\SI\NVT;.\Phy\SI\NVT\Keypad\NT68870_MODULE_KEYPAD) DEFINE(SCALER_TYPE=NT68870,NT68
                    -870_MODULE,LVIEW_2560X1440,FLASH_BANK=8) PRINT(.\Lst\OSDFont_Europe.lst) TABS(2) OBJECT(.\Bin\OSDFont_Europe.obj)

line level    source

   1          //******************************************************************************
   2          // I N C L U D E   F I L E S
   3          //******************************************************************************
   4          #include "Include.h"
   5          code UCHAR ucEuropeWidthTable[]={
   6              9, 4, 9, 9, 9, 8, 8, 8, 15, 15, 9, 16, 8, 15, 15, 15, 
   7              15, 15, 15, 15, 8, 11, 8, 8, 11, 8, 9, 12, 16, 9, 12, 8, 
   8              4, 4, 6, 9, 9, 14, 8, 3, 5, 5, 9, 9, 4, 5, 4, 4, 
   9              9, 7, 9, 9, 9, 9, 9, 9, 9, 9, 4, 4, 9, 9, 9, 9, 
  10              16, 11, 11, 12, 12, 11, 10, 12, 11, 3, 8, 11, 9, 13, 11, 12, 
  11              11, 12, 11, 11, 9, 11, 11, 15, 11, 9, 9, 5, 5, 4, 12, 10, 
  12              4, 9, 9, 8, 9, 9, 5, 9, 8, 3, 3, 9, 3, 13, 8, 9, 
  13              9, 9, 6, 8, 5, 8, 9, 12, 8, 8, 8, 
  14          
  15          };
  16          //new
  17          code USHRT usEuropeFontTable[] = {
  18              //0
  19              0x0000, 0x0000, 0x0000, 0x0400, 0x0800, 0x0000, 0x1E00, 0x2100, 0x4100, 0x0700, 0x3900, 0x4100, 0x4100
             -, 0x4300, 0x3D00, 0x0000, 0x0000, 0x0000, //0x00E1
  20              //1
  21              0x0000, 0x0000, 0x0000, 0x2000, 0x4000, 0x0000, 0x4000, 0x4000, 0x4000, 0x4000, 0x4000, 0x4000, 0x4000
             -, 0x4000, 0x4000, 0x0000, 0x0000, 0x0000, //0x00ED
  22              //2
  23              0x0000, 0x0000, 0x0000, 0x0400, 0x0800, 0x0000, 0x1C00, 0x2200, 0x4100, 0x4100, 0x7F00, 0x4000, 0x4100
             -, 0x2200, 0x1C00, 0x0000, 0x0000, 0x0000, //0x00E9
  24              //3
  25              0x0000, 0x0000, 0x0000, 0x0000, 0x1400, 0x0000, 0x1E00, 0x2100, 0x4100, 0x0700, 0x3900, 0x4100, 0x4100
             -, 0x4300, 0x3D00, 0x0000, 0x0000, 0x0000, //0x00E4
  26              //4
  27              0x0000, 0x0000, 0x0000, 0x0400, 0x0800, 0x0000, 0x1C00, 0x2200, 0x4100, 0x4100, 0x4100, 0x4100, 0x4100
             -, 0x2200, 0x1C00, 0x0000, 0x0000, 0x0000, //0x00F3
  28              //5
  29              0x0000, 0x0000, 0x0000, 0x0000, 0x0000, 0x0000, 0x0000, 0x0000, 0x0000, 0x0000, 0x0000, 0x0000, 0x0000
             -, 0x0000, 0x0000, 0x0000, 0x0000, 0x0000, //0x000A
  30              //6
  31              0x0000, 0x0000, 0x0000, 0x2400, 0x1800, 0x0000, 0x1C00, 0x2200, 0x4000, 0x4000, 0x4000, 0x4000, 0x4000
             -, 0x2200, 0x1C00, 0x0000, 0x0000, 0x0000, //0x010D
  32              //7
  33              0x0000, 0x0000, 0x0000, 0x0000, 0x0000, 0x0000, 0x1C00, 0x2200, 0x4000, 0x4000, 0x4000, 0x4000, 0x4000
             -, 0x2200, 0x1C00, 0x0800, 0x0400, 0x1C00, //0x00E7
  34              //8
  35              0x0200, 0x0200, 0x0210, 0x7FF8, 0x4210, 0x4210, 0x4210, 0x4210, 0x7FF0, 0x0200, 0x0200, 0x0200, 0x0200
             -, 0x0200, 0x0000, 0x0000, 0x0000, 0x0000, //0x4E2D
  36              //9
  37              0x0200, 0x0100, 0x0108, 0x7FFC, 0x0840, 0x0840, 0x0440, 0x0480, 0x0280, 0x0100, 0x0280, 0x0460, 0x181C
             -, 0xE008, 0x0000, 0x0000, 0x0000, 0x0000, //0x6587
  38              //10
  39              0x0000, 0x0000, 0x0000, 0x0000, 0x1400, 0x0000, 0x1C00, 0x2200, 0x4100, 0x4100, 0x4100, 0x4100, 0x4100
             -, 0x2200, 0x1C00, 0x0000, 0x0000, 0x0000, //0x00F6
  40              //11
  41              0x0000, 0x0000, 0x0000, 0x0000, 0x0000, 0x0000, 0x0000, 0x0000, 0x0000, 0x0000, 0x0000, 0x0000, 0x0000
C51 COMPILER V9.54   OSDFONT_EUROPE                                                        01/06/2017 14:57:11 PAGE 2   

             -, 0x0000, 0x2108, 0x0000, 0x0000, 0x0000, //0x2026
  42              //12
  43              0x0000, 0x0000, 0x0000, 0x0000, 0x0000, 0x0000, 0x0000, 0x0000, 0x0000, 0x0000, 0x0000, 0x0000, 0x0000
             -, 0x0000, 0x0000, 0x0000, 0x0000, 0x0000, //0x00A0
  44              //13
  45              0x0000, 0x0000, 0x1FF0, 0x1010, 0x1010, 0x1010, 0x1010, 0x1FF0, 0x1010, 0x1010, 0x1010, 0x1010, 0x1010
             -, 0x1FF0, 0x0000, 0x0000, 0x0000, 0x0000, //0x65E5
  46             //202
  47             0x0000, 0x0100, 0x0100, 0x0100, 0x7FFC, 0x0380, 0x0540, 0x0540, 0x0920, 0x1110, 0x2FE8, 0x4104, 0x0100,
             - 0x0100, 0x0000, 0x0000, 0x0000, 0x0000, //0x672C
  48             //203
  49             0x0000, 0x3BF8, 0x0040, 0x7DF0, 0x0090, 0x7890, 0x03FC, 0x7800, 0x0000, 0x79F8, 0x4908, 0x4908, 0x4908,
             - 0x79F8, 0x0000, 0x0000, 0x0000, 0x0000, //0x8A9E
  50             //198
  51             0x2040, 0x3F7C, 0x6A88, 0xBF50, 0x2A20, 0x3F50, 0x228C, 0x04C0, 0x1F00, 0x0220, 0x3FF0, 0x0948, 0x1120,
             - 0x6318, 0x0000, 0x0000, 0x0000, 0x0000, //0x7E41
  52             //199
  53             0x00A0, 0x7BF8, 0x4AA8, 0x7BF8, 0x4AA8, 0xFFF8, 0x8400, 0x7BFC, 0x4800, 0x79F8, 0x4908, 0x79F8, 0x4890,
             - 0x5BFC, 0x0000, 0x0000, 0x0000, 0x0000, //0x9AD4
  54             //201
  55             0x1040, 0x1EFC, 0x2920, 0x4410, 0x93F8, 0x2808, 0x27C8, 0x2448, 0x2448, 0x27C8, 0x2448, 0x27C8, 0x2028,
             - 0x2010, 0x0000, 0x0000, 0x0000, 0x0000, //0x7B80
  56             //202
  57             0x1080, 0x1080, 0x1088, 0x2FFC, 0x2080, 0x61C0, 0xA2A0, 0x22A0, 0x2490, 0x2888, 0x37F4, 0x2080, 0x2080,
             - 0x2080, 0x0000, 0x0000, 0x0000, 0x0000, //0x4F53
  58              //20
  59              0x0000, 0x0000, 0x0000, 0x2400, 0x1800, 0x0000, 0x3C00, 0x4200, 0x4000, 0x4000, 0x3C00, 0x0200, 0x0200
             -, 0x4200, 0x3C00, 0x0000, 0x0000, 0x0000, //0x0161
  60              //21
  61              0x0200, 0x0400, 0x0000, 0x0400, 0x0A00, 0x0A00, 0x0A00, 0x1100, 0x1100, 0x1100, 0x3F80, 0x2080, 0x2080
             -, 0x4040, 0x4040, 0x0000, 0x0000, 0x0000, //0x00C1
  62              //22
  63              0x0000, 0x0000, 0x0000, 0x0400, 0x0800, 0x0000, 0x1C00, 0x2200, 0x4000, 0x4000, 0x4000, 0x4000, 0x4000
             -, 0x2200, 0x1C00, 0x0000, 0x0000, 0x0000, //0x0107
  64              //23
  65              0x0000, 0x0000, 0x0000, 0x0000, 0x2800, 0x0000, 0x4200, 0x4200, 0x4200, 0x4200, 0x4200, 0x4200, 0x4200
             -, 0x4600, 0x3A00, 0x0000, 0x0000, 0x0000, //0x00FC
  66              //24
  67              0x0200, 0x0400, 0x0000, 0x7FC0, 0x4000, 0x4000, 0x4000, 0x4000, 0x7F80, 0x4000, 0x4000, 0x4000, 0x4000
             -, 0x4000, 0x7FC0, 0x0000, 0x0000, 0x0000, //0x00C9
  68              //25
  69              0x0000, 0x0000, 0x0000, 0x0400, 0x0800, 0x0000, 0x4200, 0x4200, 0x4200, 0x4200, 0x4200, 0x4200, 0x4200
             -, 0x4600, 0x3A00, 0x0000, 0x0000, 0x0000, //0x00FA
  70              //26
  71              0x0000, 0x0000, 0x0000, 0x2400, 0x1800, 0x0000, 0xFE00, 0x0400, 0x0800, 0x0800, 0x1000, 0x2000, 0x2000
             -, 0x4000, 0xFE00, 0x0000, 0x0000, 0x0000, //0x017E
  72              //27
  73              0x0900, 0x0600, 0x0000, 0x0F80, 0x1040, 0x2020, 0x4000, 0x4000, 0x4000, 0x4000, 0x4000, 0x4000, 0x2020
             -, 0x1040, 0x0F80, 0x0000, 0x0000, 0x0000, //0x010C
  74              //28
  75              0x0000, 0x0000, 0x0000, 0x0000, 0x0000, 0x0000, 0x0000, 0x0000, 0x0000, 0x0000, 0x0000, 0x0000, 0x0000
             -, 0x0000, 0x0000, 0x0000, 0x0000, 0x0000, //0x3000
  76              //29
  77              0x0000, 0x0000, 0x0000, 0x1000, 0x0800, 0x0000, 0x1C00, 0x2200, 0x4100, 0x4100, 0x7F00, 0x4000, 0x4100
             -, 0x2200, 0x1C00, 0x0000, 0x0000, 0x0000, //0x00E8
  78              //30
  79              0x0200, 0x0400, 0x0000, 0x0F00, 0x1080, 0x2040, 0x4020, 0x4020, 0x4020, 0x4020, 0x4020, 0x4020, 0x2040
             -, 0x1080, 0x0F00, 0x0000, 0x0000, 0x0000, //0x00D3
  80              //31
  81              0x2000, 0x4000, 0x0000, 0x4000, 0x4000, 0x4000, 0x4000, 0x4000, 0x4000, 0x4000, 0x4000, 0x4000, 0x4000
             -, 0x4000, 0x4000, 0x0000, 0x0000, 0x0000, //0x00CD
  82              //32
C51 COMPILER V9.54   OSDFONT_EUROPE                                                        01/06/2017 14:57:11 PAGE 3   

  83              0x0000, 0x0000, 0x0000, 0x0000, 0x0000, 0x0000, 0x0000, 0x0000, 0x0000, 0x0000, 0x0000, 0x0000, 0x0000
             -, 0x0000, 0x0000, 0x0000, 0x0000, 0x0000, //0x0020
  84              //33
  85              0x0000, 0x0000, 0x0000, 0x2000, 0x2000, 0x2000, 0x2000, 0x2000, 0x2000, 0x2000, 0x2000, 0x2000, 0x2000
             -, 0x0000, 0x2000, 0x0000, 0x0000, 0x0000, //0x0021
  86              //34
  87              0x0000, 0x0000, 0x0000, 0x4800, 0x4800, 0x4800, 0x4800, 0x0000, 0x0000, 0x0000, 0x0000, 0x0000, 0x0000
             -, 0x0000, 0x0000, 0x0000, 0x0000, 0x0000, //0x0022
  88              //35 X
  89              0x0000, 0x0000, 0x0000, 0x0000, 0x0000, 0x0000, 0x4200, 0x4400, 0x4800, 0x4800, 0x7000, 0x4800, 0x4800
             -, 0x4400, 0x4200, 0x0000, 0x0000, 0x0000, //0x043A
  90              //36 X
  91              0x0000, 0x0000, 0x0000, 0x0000, 0x0000, 0x0000, 0x4200, 0x4600, 0x4600, 0x4A00, 0x5200, 0x5200, 0x6200
             -, 0x6200, 0x4200, 0x0000, 0x0000, 0x0000, //0x0438
  92              //37
  93              0x0000, 0x0000, 0x0000, 0x3840, 0x4480, 0x4480, 0x4500, 0x4500, 0x3900, 0x0270, 0x0288, 0x0488, 0x0488
             -, 0x0888, 0x0870, 0x0000, 0x0000, 0x0000, //0x0025
  94              //38
  95              0x0000, 0x0000, 0x0000, 0x2200, 0x1C00, 0x0000, 0x4200, 0x4600, 0x4600, 0x4A00, 0x5200, 0x5200, 0x6200
             -, 0x6200, 0x4200, 0x0000, 0x0000, 0x0000, //0x0439
  96              //39
  97              0x0000, 0x0000, 0x0000, 0x4000, 0x4000, 0x4000, 0x4000, 0x0000, 0x0000, 0x0000, 0x0000, 0x0000, 0x0000
             -, 0x0000, 0x0000, 0x0000, 0x0000, 0x0000, //0x0027
  98                  //40
  99                  0x0000, 0x0000, 0x0000, 0x1000, 0x2000, 0x2000, 0x2000, 0x4000, 0x4000, 0x4000, 0x4000, 0x4000, 0x
             -4000, 0x4000, 0x2000, 0x2000, 0x2000, 0x1000, //0x0028        
 100                  //41
 101                  0x0000, 0x0000, 0x0000, 0x4000, 0x2000, 0x2000, 0x2000, 0x1000, 0x1000, 0x1000, 0x1000, 0x1000, 0x
             -1000, 0x1000, 0x2000, 0x2000, 0x2000, 0x4000, //0x0029
 102                  //42
 103                  0x0000, 0x0000, 0x0000, 0x1200, 0x0C00, 0x0000, 0x1E00, 0x2100, 0x4100, 0x0700, 0x3900, 0x4100, 0x
             -4100, 0x4300, 0x3D00, 0x0000, 0x0000, 0x0000, //0x01CE
 104                  //43
 105                  0x0000, 0x0000, 0x0000, 0x0C00, 0x1200, 0x0000, 0x1C00, 0x2200, 0x4100, 0x4100, 0x7F00, 0x4000, 0x
             -4100, 0x2200, 0x1C00, 0x0000, 0x0000, 0x0000, //0x00EA
 106              //44
 107              0x0000, 0x0000, 0x0000, 0x0000, 0x0000, 0x0000, 0x0000, 0x0000, 0x0000, 0x0000, 0x0000, 0x0000, 0x0000
             -, 0x0000, 0x2000, 0x2000, 0x2000, 0x0000, //0x002C
 108              //45
 109              0x0000, 0x0000, 0x0000, 0x0000, 0x0000, 0x0000, 0x0000, 0x0000, 0x0000, 0x0000, 0x0000, 0xF000, 0x0000
             -, 0x0000, 0x0000, 0x0000, 0x0000, 0x0000, //0x002D
 110              //46
 111              0x0000, 0x0000, 0x0000, 0x0000, 0x0000, 0x0000, 0x0000, 0x0000, 0x0000, 0x0000, 0x0000, 0x0000, 0x0000
             -, 0x0000, 0x2000, 0x0000, 0x0000, 0x0000, //0x002E
 112              //47
 113              0x0000, 0x0000, 0x0000, 0x1000, 0x1000, 0x2000, 0x2000, 0x2000, 0x2000, 0x4000, 0x4000, 0x4000, 0x4000
             -, 0x8000, 0x8000, 0x0000, 0x0000, 0x0000, //0x002F
 114              //48
 115              0x0000, 0x0000, 0x0000, 0x1C00, 0x2200, 0x4100, 0x4100, 0x4100, 0x4100, 0x4100, 0x4100, 0x4100, 0x4100
             -, 0x2200, 0x1C00, 0x0000, 0x0000, 0x0000, //0x0030
 116              //49
 117              0x0000, 0x0000, 0x0000, 0x0400, 0x0C00, 0x1400, 0x2400, 0x0400, 0x0400, 0x0400, 0x0400, 0x0400, 0x0400
             -, 0x0400, 0x0400, 0x0000, 0x0000, 0x0000, //0x0031
 118              //50
 119              0x0000, 0x0000, 0x0000, 0x1E00, 0x2200, 0x4100, 0x0100, 0x0100, 0x0200, 0x0200, 0x0400, 0x0800, 0x1000
             -, 0x2000, 0x7F00, 0x0000, 0x0000, 0x0000, //0x0032
 120              //51
 121              0x0000, 0x0000, 0x0000, 0x1C00, 0x2200, 0x4200, 0x0200, 0x0600, 0x1C00, 0x0200, 0x0100, 0x0100, 0x4100
             -, 0x6200, 0x1C00, 0x0000, 0x0000, 0x0000, //0x0033
 122              //52
 123              0x0000, 0x0000, 0x0000, 0x0200, 0x0600, 0x0A00, 0x1200, 0x1200, 0x2200, 0x4200, 0x8200, 0xFF00, 0x0200
             -, 0x0200, 0x0200, 0x0000, 0x0000, 0x0000, //0x0034
C51 COMPILER V9.54   OSDFONT_EUROPE                                                        01/06/2017 14:57:11 PAGE 4   

 124              //53
 125              0x0000, 0x0000, 0x0000, 0x3F00, 0x2000, 0x2000, 0x4000, 0x7C00, 0x4200, 0x0100, 0x0100, 0x0100, 0x4100
             -, 0x2200, 0x1C00, 0x0000, 0x0000, 0x0000, //0x0035
 126              //54
 127              0x0000, 0x0000, 0x0000, 0x1C00, 0x2200, 0x4100, 0x4000, 0x5C00, 0x6200, 0x4100, 0x4100, 0x4100, 0x4100
             -, 0x2200, 0x1C00, 0x0000, 0x0000, 0x0000, //0x0036
 128              //55
 129              0x0000, 0x0000, 0x0000, 0x7F00, 0x0200, 0x0200, 0x0400, 0x0400, 0x0800, 0x0800, 0x0800, 0x0800, 0x1000
             -, 0x1000, 0x1000, 0x0000, 0x0000, 0x0000, //0x0037
 130              //56
 131              0x0000, 0x0000, 0x0000, 0x1C00, 0x2200, 0x4100, 0x4100, 0x2200, 0x1C00, 0x2200, 0x4100, 0x4100, 0x4100
             -, 0x2200, 0x1C00, 0x0000, 0x0000, 0x0000, //0x0038
 132              //57
 133              0x0000, 0x0000, 0x0000, 0x1C00, 0x2200, 0x4100, 0x4100, 0x4100, 0x4100, 0x2300, 0x1D00, 0x0100, 0x4100
             -, 0x2200, 0x1C00, 0x0000, 0x0000, 0x0000, //0x0039
 134              //58
 135              0x0000, 0x0000, 0x0000, 0x0000, 0x0000, 0x0000, 0x4000, 0x0000, 0x0000, 0x0000, 0x0000, 0x0000, 0x0000
             -, 0x0000, 0x4000, 0x0000, 0x0000, 0x0000, //0x003A
 136              //59
 137              0x0000, 0x0000, 0x0000, 0x0000, 0x0000, 0x0000, 0x4000, 0x0000, 0x0000, 0x0000, 0x0000, 0x0000, 0x0000
             -, 0x0000, 0x4000, 0x4000, 0x4000, 0x0000, //0x003B
 138              //60
 139              0x0000, 0x0000, 0x0000, 0x0000, 0x0000, 0x0000, 0x0100, 0x0E00, 0x3000, 0x4000, 0x3000, 0x0E00, 0x0100
             -, 0x0000, 0x0000, 0x0000, 0x0000, 0x0000, //0x003C
 140              //61
 141              0x0000, 0x0000, 0x0000, 0x0000, 0x0000, 0x0000, 0x0000, 0x7F00, 0x0000, 0x0000, 0x0000, 0x7F00, 0x0000
             -, 0x0000, 0x0000, 0x0000, 0x0000, 0x0000, //0x003D
 142              //62
 143              0x0000, 0x0000, 0x0000, 0x0000, 0x0000, 0x0000, 0x4000, 0x3800, 0x0600, 0x0100, 0x0600, 0x3800, 0x4000
             -, 0x0000, 0x0000, 0x0000, 0x0000, 0x0000, //0x003E
 144              //63
 145              0x0000, 0x0000, 0x0000, 0x1C00, 0x2200, 0x4100, 0x4100, 0x0100, 0x0200, 0x0400, 0x0800, 0x0800, 0x0800
             -, 0x0000, 0x0800, 0x0000, 0x0000, 0x0000, //0x003F
 146              //64
 147              0x0000, 0x0000, 0x0000, 0x03F0, 0x0C0C, 0x1002, 0x21D2, 0x2231, 0x4411, 0x4811, 0x4821, 0x4821, 0x4822
             -, 0x4464, 0x23B8, 0x1001, 0x0C06, 0x03F8, //0x0040
 148              //65
 149              0x0000, 0x0000, 0x0000, 0x0400, 0x0A00, 0x0A00, 0x0A00, 0x1100, 0x1100, 0x1100, 0x3F80, 0x2080, 0x2080
             -, 0x4040, 0x4040, 0x0000, 0x0000, 0x0000, //0x0041
 150              //66
 151              0x0000, 0x0000, 0x0000, 0x7F80, 0x4080, 0x4040, 0x4040, 0x4080, 0x7F00, 0x4080, 0x4040, 0x4040, 0x4040
             -, 0x4080, 0x7F00, 0x0000, 0x0000, 0x0000, //0x0042
 152              //67
 153              0x0000, 0x0000, 0x0000, 0x0F80, 0x1040, 0x2020, 0x4000, 0x4000, 0x4000, 0x4000, 0x4000, 0x4000, 0x2020
             -, 0x1040, 0x0F80, 0x0000, 0x0000, 0x0000, //0x0043
 154              //68
 155              0x0000, 0x0000, 0x0000, 0x7F00, 0x4080, 0x4040, 0x4020, 0x4020, 0x4020, 0x4020, 0x4020, 0x4020, 0x4040
             -, 0x4080, 0x7F00, 0x0000, 0x0000, 0x0000, //0x0044
 156              //69
 157              0x0000, 0x0000, 0x0000, 0x7FC0, 0x4000, 0x4000, 0x4000, 0x4000, 0x7F80, 0x4000, 0x4000, 0x4000, 0x4000
             -, 0x4000, 0x7FC0, 0x0000, 0x0000, 0x0000, //0x0045
 158              //70
 159              0x0000, 0x0000, 0x0000, 0x7F80, 0x4000, 0x4000, 0x4000, 0x4000, 0x4000, 0x7F00, 0x4000, 0x4000, 0x4000
             -, 0x4000, 0x4000, 0x0000, 0x0000, 0x0000, //0x0046
 160              //71
 161              0x0000, 0x0000, 0x0000, 0x0F00, 0x1080, 0x2040, 0x4000, 0x4000, 0x4000, 0x43E0, 0x4020, 0x4020, 0x2040
             -, 0x1080, 0x0F00, 0x0000, 0x0000, 0x0000, //0x0047
 162              //72
 163              0x0000, 0x0000, 0x0000, 0x4040, 0x4040, 0x4040, 0x4040, 0x4040, 0x7FC0, 0x4040, 0x4040, 0x4040, 0x4040
             -, 0x4040, 0x4040, 0x0000, 0x0000, 0x0000, //0x0048
 164              //73
 165              0x0000, 0x0000, 0x0000, 0x4000, 0x4000, 0x4000, 0x4000, 0x4000, 0x4000, 0x4000, 0x4000, 0x4000, 0x4000
C51 COMPILER V9.54   OSDFONT_EUROPE                                                        01/06/2017 14:57:11 PAGE 5   

             -, 0x4000, 0x4000, 0x0000, 0x0000, 0x0000, //0x0049
 166              //74
 167              0x0000, 0x0000, 0x0000, 0x0200, 0x0200, 0x0200, 0x0200, 0x0200, 0x0200, 0x0200, 0x0200, 0x4200, 0x4200
             -, 0x4200, 0x3C00, 0x0000, 0x0000, 0x0000, //0x004A
 168              //75
 169              0x0000, 0x0000, 0x0000, 0x4040, 0x4080, 0x4100, 0x4200, 0x4400, 0x4C00, 0x5400, 0x6200, 0x4100, 0x4100
             -, 0x4080, 0x4040, 0x0000, 0x0000, 0x0000, //0x004B
 170              //76
 171              0x0000, 0x0000, 0x0000, 0x4000, 0x4000, 0x4000, 0x4000, 0x4000, 0x4000, 0x4000, 0x4000, 0x4000, 0x4000
             -, 0x4000, 0x7F00, 0x0000, 0x0000, 0x0000, //0x004C
 172              //77
 173              0x0000, 0x0000, 0x0000, 0x4010, 0x6030, 0x6030, 0x5050, 0x5050, 0x4890, 0x4890, 0x4510, 0x4510, 0x4510
             -, 0x4210, 0x4210, 0x0000, 0x0000, 0x0000, //0x004D
 174              //78
 175              0x0000, 0x0000, 0x0000, 0x4040, 0x6040, 0x5040, 0x5040, 0x4840, 0x4440, 0x4440, 0x4240, 0x4140, 0x4140
             -, 0x40C0, 0x4040, 0x0000, 0x0000, 0x0000, //0x004E
 176              //79
 177              0x0000, 0x0000, 0x0000, 0x0F00, 0x1080, 0x2040, 0x4020, 0x4020, 0x4020, 0x4020, 0x4020, 0x4020, 0x2040
             -, 0x1080, 0x0F00, 0x0000, 0x0000, 0x0000, //0x004F
 178              //80
 179              0x0000, 0x0000, 0x0000, 0x7F00, 0x4080, 0x4040, 0x4040, 0x4040, 0x4080, 0x7F00, 0x4000, 0x4000, 0x4000
             -, 0x4000, 0x4000, 0x0000, 0x0000, 0x0000, //0x0050
 180              //81
 181              0x0000, 0x0000, 0x0000, 0x0F00, 0x1080, 0x2040, 0x4020, 0x4020, 0x4020, 0x4020, 0x4020, 0x4020, 0x2360
             -, 0x10C0, 0x0F60, 0x0000, 0x0000, 0x0000, //0x0051
 182              //82
 183              0x0000, 0x0000, 0x0000, 0x7F00, 0x4080, 0x4040, 0x4040, 0x4040, 0x4080, 0x7F00, 0x4200, 0x4100, 0x4100
             -, 0x4080, 0x4040, 0x0000, 0x0000, 0x0000, //0x0052
 184              //83
 185              0x0000, 0x0000, 0x0000, 0x1F00, 0x2080, 0x4040, 0x4000, 0x2000, 0x1C00, 0x0380, 0x0040, 0x0040, 0x4040
             -, 0x2080, 0x1F00, 0x0000, 0x0000, 0x0000, //0x0053
 186              //84
 187              0x0000, 0x0000, 0x0000, 0xFF80, 0x0800, 0x0800, 0x0800, 0x0800, 0x0800, 0x0800, 0x0800, 0x0800, 0x0800
             -, 0x0800, 0x0800, 0x0000, 0x0000, 0x0000, //0x0054
 188              //85
 189              0x0000, 0x0000, 0x0000, 0x4040, 0x4040, 0x4040, 0x4040, 0x4040, 0x4040, 0x4040, 0x4040, 0x4040, 0x4040
             -, 0x2080, 0x1F00, 0x0000, 0x0000, 0x0000, //0x0055
 190              //86
 191              0x0000, 0x0000, 0x0000, 0x4040, 0x4040, 0x2080, 0x2080, 0x2080, 0x1100, 0x1100, 0x1100, 0x0A00, 0x0A00
             -, 0x0400, 0x0400, 0x0000, 0x0000, 0x0000, //0x0056
 192              //87
 193              0x0000, 0x0000, 0x0000, 0x8102, 0x8282, 0x4284, 0x4284, 0x4444, 0x4444, 0x2448, 0x2828, 0x2828, 0x2828
             -, 0x1010, 0x1010, 0x0000, 0x0000, 0x0000, //0x0057
 194              //88
 195              0x0000, 0x0000, 0x0000, 0x4040, 0x2080, 0x1100, 0x1100, 0x0A00, 0x0400, 0x0A00, 0x1100, 0x1100, 0x2080
             -, 0x4040, 0x8020, 0x0000, 0x0000, 0x0000, //0x0058
 196              //89
 197              0x0000, 0x0000, 0x0000, 0x8080, 0x4100, 0x4100, 0x2200, 0x1400, 0x1400, 0x0800, 0x0800, 0x0800, 0x0800
             -, 0x0800, 0x0800, 0x0000, 0x0000, 0x0000, //0x0059
 198              //90
 199              0x0000, 0x0000, 0x0000, 0x7F80, 0x0100, 0x0200, 0x0200, 0x0400, 0x0800, 0x0800, 0x1000, 0x2000, 0x2000
             -, 0x4000, 0xFF80, 0x0000, 0x0000, 0x0000, //0x005A
 200              //91
 201              0x0000, 0x0000, 0x0000, 0x7000, 0x4000, 0x4000, 0x4000, 0x4000, 0x4000, 0x4000, 0x4000, 0x4000, 0x4000
             -, 0x4000, 0x4000, 0x4000, 0x4000, 0x7000, //0x005B
 202              //92
 203              0x0000, 0x0000, 0x0000, 0x8000, 0x8000, 0x4000, 0x4000, 0x4000, 0x4000, 0x2000, 0x2000, 0x2000, 0x2000
             -, 0x1000, 0x1000, 0x0000, 0x0000, 0x0000, //0x005C
 204              //93
 205              0x0000, 0x0000, 0x0000, 0xE000, 0x2000, 0x2000, 0x2000, 0x2000, 0x2000, 0x2000, 0x2000, 0x2000, 0x2000
             -, 0x2000, 0x2000, 0x2000, 0x2000, 0xE000, //0x005D
 206              //94
C51 COMPILER V9.54   OSDFONT_EUROPE                                                        01/06/2017 14:57:11 PAGE 6   

 207              0x0000, 0x0000, 0x0000, 0x0000, 0x0000, 0x0000, 0x0000, 0x0000, 0x1820, 0x2420, 0x4240, 0x4180, 0x0000
             -, 0x0000, 0x0000, 0x0000, 0x0000, 0x0000, 
 208              //95
 209              0x0000, 0x0000, 0x0000, 0x0000, 0x0000, 0x0000, 0x0000, 0x0000, 0x0000, 0x0000, 0x0000, 0x0000, 0x0000
             -, 0x0000, 0x0000, 0x0000, 0x0000, 0xFF80, //0x005F
 210              //96
 211              0x0000, 0x0000, 0x0000, 0x4000, 0x2000, 0x0000, 0x0000, 0x0000, 0x0000, 0x0000, 0x0000, 0x0000, 0x0000
             -, 0x0000, 0x0000, 0x0000, 0x0000, 0x0000, //0x0060
 212              //97
 213              0x0000, 0x0000, 0x0000, 0x0000, 0x0000, 0x0000, 0x1E00, 0x2100, 0x4100, 0x0700, 0x3900, 0x4100, 0x4100
             -, 0x4300, 0x3D00, 0x0000, 0x0000, 0x0000, //0x0061
 214              //98
 215              0x0000, 0x0000, 0x0000, 0x4000, 0x4000, 0x4000, 0x5C00, 0x6200, 0x4100, 0x4100, 0x4100, 0x4100, 0x4100
             -, 0x6200, 0x5C00, 0x0000, 0x0000, 0x0000, //0x0062
 216              //99
 217              0x0000, 0x0000, 0x0000, 0x0000, 0x0000, 0x0000, 0x1C00, 0x2200, 0x4000, 0x4000, 0x4000, 0x4000, 0x4000
             -, 0x2200, 0x1C00, 0x0000, 0x0000, 0x0000, //0x0063
 218              //100
 219              0x0000, 0x0000, 0x0000, 0x0100, 0x0100, 0x0100, 0x1D00, 0x2300, 0x4100, 0x4100, 0x4100, 0x4100, 0x4100
             -, 0x2300, 0x1D00, 0x0000, 0x0000, 0x0000, //0x0064
 220              //101
 221              0x0000, 0x0000, 0x0000, 0x0000, 0x0000, 0x0000, 0x1C00, 0x2200, 0x4100, 0x4100, 0x7F00, 0x4000, 0x4100
             -, 0x2200, 0x1C00, 0x0000, 0x0000, 0x0000, //0x0065
 222              //102
 223              0x0000, 0x0000, 0x0000, 0x3000, 0x4000, 0x4000, 0xF000, 0x4000, 0x4000, 0x4000, 0x4000, 0x4000, 0x4000
             -, 0x4000, 0x4000, 0x0000, 0x0000, 0x0000, //0x0066
 224              //103
 225              0x0000, 0x0000, 0x0000, 0x0000, 0x0000, 0x0000, 0x1D00, 0x2300, 0x4100, 0x4100, 0x4100, 0x4100, 0x4100
             -, 0x2300, 0x1D00, 0x0100, 0x4200, 0x3C00, //0x0067
 226              //104
 227              0x0000, 0x0000, 0x0000, 0x4000, 0x4000, 0x4000, 0x5C00, 0x6200, 0x4200, 0x4200, 0x4200, 0x4200, 0x4200
             -, 0x4200, 0x4200, 0x0000, 0x0000, 0x0000, //0x0068
 228              //105
 229              0x0000, 0x0000, 0x0000, 0x4000, 0x0000, 0x0000, 0x4000, 0x4000, 0x4000, 0x4000, 0x4000, 0x4000, 0x4000
             -, 0x4000, 0x4000, 0x0000, 0x0000, 0x0000, //0x0069
 230              //106
 231              0x0000, 0x0000, 0x0000, 0x4000, 0x0000, 0x0000, 0x4000, 0x4000, 0x4000, 0x4000, 0x4000, 0x4000, 0x4000
             -, 0x4000, 0x4000, 0x4000, 0x4000, 0x8000, //0x006A
 232              //107
 233              0x0000, 0x0000, 0x0000, 0x4000, 0x4000, 0x4000, 0x4100, 0x4200, 0x4400, 0x4800, 0x5800, 0x6400, 0x4400
             -, 0x4200, 0x4100, 0x0000, 0x0000, 0x0000, //0x006B
 234              //108
 235              0x0000, 0x0000, 0x0000, 0x4000, 0x4000, 0x4000, 0x4000, 0x4000, 0x4000, 0x4000, 0x4000, 0x4000, 0x4000
             -, 0x4000, 0x4000, 0x0000, 0x0000, 0x0000, //0x006C
 236              //109
 237              0x0000, 0x0000, 0x0000, 0x0000, 0x0000, 0x0000, 0x5CE0, 0x6310, 0x4210, 0x4210, 0x4210, 0x4210, 0x4210
             -, 0x4210, 0x4210, 0x0000, 0x0000, 0x0000, //0x006D
 238              //110
 239              0x0000, 0x0000, 0x0000, 0x0000, 0x0000, 0x0000, 0x5C00, 0x6200, 0x4200, 0x4200, 0x4200, 0x4200, 0x4200
             -, 0x4200, 0x4200, 0x0000, 0x0000, 0x0000, //0x006E
 240              //111
 241              0x0000, 0x0000, 0x0000, 0x0000, 0x0000, 0x0000, 0x1C00, 0x2200, 0x4100, 0x4100, 0x4100, 0x4100, 0x4100
             -, 0x2200, 0x1C00, 0x0000, 0x0000, 0x0000, //0x006F
 242              //112
 243              0x0000, 0x0000, 0x0000, 0x0000, 0x0000, 0x0000, 0x5C00, 0x6200, 0x4100, 0x4100, 0x4100, 0x4100, 0x4100
             -, 0x6200, 0x5C00, 0x4000, 0x4000, 0x4000, //0x0070
 244              //113
 245              0x0000, 0x0000, 0x0000, 0x0000, 0x0000, 0x0000, 0x1D00, 0x2300, 0x4100, 0x4100, 0x4100, 0x4100, 0x4100
             -, 0x2300, 0x1D00, 0x0100, 0x0100, 0x0100, //0x0071
 246              //114
 247              0x0000, 0x0000, 0x0000, 0x0000, 0x0000, 0x0000, 0x5800, 0x6000, 0x4000, 0x4000, 0x4000, 0x4000, 0x4000
             -, 0x4000, 0x4000, 0x0000, 0x0000, 0x0000, //0x0072
C51 COMPILER V9.54   OSDFONT_EUROPE                                                        01/06/2017 14:57:11 PAGE 7   

 248              //115
 249              0x0000, 0x0000, 0x0000, 0x0000, 0x0000, 0x0000, 0x3C00, 0x4200, 0x4000, 0x4000, 0x3C00, 0x0200, 0x0200
             -, 0x4200, 0x3C00, 0x0000, 0x0000, 0x0000, //0x0073
 250              //116
 251              0x0000, 0x0000, 0x0000, 0x0000, 0x4000, 0x4000, 0xF000, 0x4000, 0x4000, 0x4000, 0x4000, 0x4000, 0x4000
             -, 0x4000, 0x7000, 0x0000, 0x0000, 0x0000, //0x0074
 252              //117
 253              0x0000, 0x0000, 0x0000, 0x0000, 0x0000, 0x0000, 0x4200, 0x4200, 0x4200, 0x4200, 0x4200, 0x4200, 0x4200
             -, 0x4600, 0x3A00, 0x0000, 0x0000, 0x0000, //0x0075
 254              //118
 255              0x0000, 0x0000, 0x0000, 0x0000, 0x0000, 0x0000, 0x8200, 0x8200, 0x4400, 0x4400, 0x2800, 0x2800, 0x2800
             -, 0x1000, 0x1000, 0x0000, 0x0000, 0x0000, //0x0076
 256              //119
 257              0x0000, 0x0000, 0x0000, 0x0000, 0x0000, 0x0000, 0x8420, 0x8420, 0x4A40, 0x4A40, 0x5140, 0x5140, 0x5140
             -, 0x2080, 0x2080, 0x0000, 0x0000, 0x0000, //0x0077
 258              //120
 259              0x0000, 0x0000, 0x0000, 0x0000, 0x0000, 0x0000, 0x8200, 0x4400, 0x2800, 0x2800, 0x1000, 0x2800, 0x2800
             -, 0x4400, 0x8200, 0x0000, 0x0000, 0x0000, //0x0078
 260              //121
 261              0x0000, 0x0000, 0x0000, 0x0000, 0x0000, 0x0000, 0x8200, 0x8200, 0x8400, 0x4400, 0x4400, 0x2800, 0x2800
             -, 0x2800, 0x1000, 0x1000, 0x1000, 0x6000, //0x0079
 262              //122
 263              0x0000, 0x0000, 0x0000, 0x0000, 0x0000, 0x0000, 0xFE00, 0x0400, 0x0800, 0x0800, 0x1000, 0x2000, 0x2000
             -, 0x4000, 0xFE00, 0x0000, 0x0000, 0x0000, //0x007A
 264          
 265          };
 266          
 267          
 268           
 269           code USHRT usFrancaisFontTable[] = {
 270               //123
 271               0x0000, 0x0000, 0x0000, 0x0C00, 0x1200, 0x0000, 0x1E00, 0x2100, 0x4100, 0x0700, 0x3900, 0x4100, 0x410
             -0, 0x4300, 0x3D00, 0x0000, 0x0000, 0x0000, //0x00E2
 272               //124
 273               0x0000, 0x0000, 0x0000, 0x4000, 0x4000, 0x4000, 0x0000, 0x0000, 0x0000, 0x0000, 0x0000, 0x0000, 0x000
             -0, 0x0000, 0x0000, 0x0000, 0x0000, 0x0000, //0x2019
 274               //125
 275               0x0000, 0x0000, 0x0000, 0x0C00, 0x1200, 0x0000, 0x1C00, 0x2200, 0x4100, 0x4100, 0x4100, 0x4100, 0x410
             -0, 0x2200, 0x1C00, 0x0000, 0x0000, 0x0000, //0x00F4
 276          
 277           };
 278           code UCHAR ucFrancaisWidthTable[] = {
 279              9, 3, 9, 
 280           
 281           };
 282          
 283          
 284          code USHRT usDeutschFontTable[] = {
 285          //123
 286          0x0000, 0x0000, 0x0000, 0x1800, 0x2400, 0x4400, 0x4400, 0x4800, 0x4800, 0x4400, 0x4200, 0x4100, 0x4100, 0x
             -5100, 0x4E00, 0x0000, 0x0000, 0x0000, //0x00DF
 287          
 288          };
 289          code UCHAR ucDeutschWidthTable[] = {
 290          9, 
 291          
 292          };
 293          
 294          code USHRT usItalianoFontTable[] = {
 295              //123
 296              0x0000, 0x0000, 0x0000, 0x0800, 0x0400, 0x0000, 0x1E00, 0x2100, 0x4100, 0x0700, 0x3900, 0x4100, 0x4100
             -, 0x4300, 0x3D00, 0x0000, 0x0000, 0x0000, //0x00E0
C51 COMPILER V9.54   OSDFONT_EUROPE                                                        01/06/2017 14:57:11 PAGE 8   

 297              //124
 298              0x0400, 0x0200, 0x0000, 0x7FC0, 0x4000, 0x4000, 0x4000, 0x4000, 0x7F80, 0x4000, 0x4000, 0x4000, 0x4000
             -, 0x4000, 0x7FC0, 0x0000, 0x0000, 0x0000, //0x00C8
 299          
 300          };
 301          code UCHAR ucItalianoWidthTable[] = {
 302            
 303            9, 11, 
 304            
 305          };
 306          
 307          
 308          
 309          code USHRT usEspanolFontTable[] = {
 310              //123
 311              0x0000, 0x0000, 0x0000, 0x0000, 0x0000, 0x0000, 0x0800, 0x0000, 0x0800, 0x0800, 0x0800, 0x1000, 0x2000
             -, 0x4000, 0x4080, 0x4080, 0x2100, 0x1E00, //0x00BF
 312              //124
 313              0x0000, 0x0000, 0x0000, 0x1400, 0x2800, 0x0000, 0x5C00, 0x6200, 0x4200, 0x4200, 0x4200, 0x4200, 0x4200
             -, 0x4200, 0x4200, 0x0000, 0x0000, 0x0000, //0x00F1
 314          
 315          };
 316          code UCHAR ucEspanolWidthTable[] = {
 317              10, 8, 
 318          };
 319          
 320          code USHRT usPolskiFontTable[] = {
 321              //123
 322              0x0000, 0x0000, 0x0000, 0x0800, 0x1000, 0x0000, 0x3C00, 0x4200, 0x4000, 0x4000, 0x3C00, 0x0200, 0x0200
             -, 0x4200, 0x3C00, 0x0000, 0x0000, 0x0000, //0x015B
 323              //124
 324              0x0000, 0x0000, 0x0000, 0x0000, 0x1000, 0x0000, 0xFE00, 0x0400, 0x0800, 0x0800, 0x1000, 0x2000, 0x2000
             -, 0x4000, 0xFE00, 0x0000, 0x0000, 0x0000, //0x017C
 325              //125
 326              0x0000, 0x0000, 0x0000, 0x4000, 0x4000, 0x4000, 0x4800, 0x5000, 0x6000, 0x4000, 0xC000, 0x4000, 0x4000
             -, 0x4000, 0x7F80, 0x0000, 0x0000, 0x0000, //0x0141
 327              //126
 328              0x0000, 0x0000, 0x0000, 0x0400, 0x0A00, 0x0A00, 0x0A00, 0x1100, 0x1100, 0x1100, 0x3F80, 0x2080, 0x2080
             -, 0x4040, 0x4040, 0x0040, 0x0040, 0x0030, //0x0104
 329              //127
 330              0x0200, 0x0400, 0x0000, 0x1F00, 0x2080, 0x4040, 0x4000, 0x2000, 0x1C00, 0x0380, 0x0040, 0x0040, 0x4040
             -, 0x2080, 0x1F00, 0x0000, 0x0000, 0x0000, //0x015A
 331              //128
 332              0x0000, 0x0000, 0x0000, 0x0000, 0x0000, 0x0000, 0x1C00, 0x2200, 0x4100, 0x4100, 0x7F00, 0x4000, 0x4100
             -, 0x2200, 0x1C00, 0x0800, 0x0800, 0x0600, //0x0119
 333              //129
 334              0x0000, 0x0000, 0x0000, 0x4000, 0x4000, 0x4000, 0x4000, 0x4000, 0x6000, 0x4000, 0xC000, 0x4000, 0x4000
             -, 0x4000, 0x4000, 0x0000, 0x0000, 0x0000, //0x0142
 335              //130
 336              0x0000, 0x0000, 0x0000, 0x0800, 0x1000, 0x0000, 0xFE00, 0x0400, 0x0800, 0x0800, 0x1000, 0x2000, 0x2000
             -, 0x4000, 0xFE00, 0x0000, 0x0000, 0x0000, //0x017A
 337              //131
 338              0x0000, 0x0000, 0x0000, 0x0000, 0x0000, 0x0000, 0x1E00, 0x2100, 0x4100, 0x0700, 0x3900, 0x4100, 0x4100
             -, 0x4300, 0x3D00, 0x0100, 0x0100, 0x00C0, //0x0105
 339          //132
 340          0x0000, 0x0000, 0x0000, 0x0400, 0x0800, 0x0000, 0x5C00, 0x6200, 0x4200, 0x4200, 0x4200, 0x4200, 0x4200, 0x
             -0000, 0x0000, 0x0000, 0x0000, 0x0000, //0x0144
 341          
 342          };
 343          code UCHAR ucPolskiWidthTable[] = {
 344          8, 8, 10, 13, 11, 
 345          9, 4, 8, 11,  8
C51 COMPILER V9.54   OSDFONT_EUROPE                                                        01/06/2017 14:57:11 PAGE 9   

 346          
 347          };
 348          code USHRT usCeskyFontTable[] = {
 349              //123
 350              0x0900, 0x0600, 0x0000, 0x1F00, 0x2080, 0x4040, 0x4000, 0x2000, 0x1C00, 0x0380, 0x0040, 0x0040, 0x4040
             -, 0x2080, 0x1F00, 0x0000, 0x0000, 0x0000, //0x0160
 351              //124
 352              0x0000, 0x0000, 0x0000, 0x4800, 0x3000, 0x0000, 0x5800, 0x6000, 0x4000, 0x4000, 0x4000, 0x4000, 0x4000
             -, 0x4000, 0x4000, 0x0000, 0x0000, 0x0000, //0x0159
 353              //125
 354              0x0900, 0x0600, 0x0000, 0x7FC0, 0x4000, 0x4000, 0x4000, 0x4000, 0x7F80, 0x4000, 0x4000, 0x4000, 0x4000
             -, 0x4000, 0x7FC0, 0x0000, 0x0000, 0x0000, //0x011A
 355              //126
 356              0x0000, 0x0000, 0x0000, 0x0000, 0x0000, 0x0000, 0x0000, 0x0000, 0x0000, 0x0000, 0xFF80, 0x0000, 0x0000
             -, 0x0000, 0x0000, 0x0000, 0x0000, 0x0000, //0x2013
 357              //127
 358              0x0000, 0x0000, 0x0000, 0x1200, 0x0C00, 0x0000, 0x1C00, 0x2200, 0x4100, 0x4100, 0x7F00, 0x4000, 0x4100
             -, 0x2200, 0x1C00, 0x0000, 0x0000, 0x0000, //0x011B
 359              //128
 360              0x0000, 0x0000, 0x0000, 0x0800, 0x1000, 0x0000, 0x8200, 0x8200, 0x8400, 0x4400, 0x4400, 0x2800, 0x2800
             -, 0x2800, 0x1000, 0x1000, 0x1000, 0x6000, //0x00FD
 361              //129
 362              0x0000, 0x0000, 0x3800, 0x2800, 0x3800, 0x0000, 0x4200, 0x4200, 0x4200, 0x4200, 0x4200, 0x4200, 0x4200
             -, 0x4600, 0x3A00, 0x0000, 0x0000, 0x0000, //0x016F
 363              //130
 364              0x0000, 0x0000, 0x0000, 0x0140, 0x0140, 0x0140, 0x1D00, 0x2300, 0x4100, 0x4100, 0x4100, 0x4100, 0x4100
             -, 0x2300, 0x1D00, 0x0000, 0x0000, 0x0000, //0x010F
 365              //131
 366              0x0000, 0x0000, 0x0000, 0x0000, 0x2800, 0x1000, 0x0000, 0x3800, 0x6400, 0x4000, 0x4000, 0x4000, 0x6400
             -, 0x3800, 0x0000, 0x0000, 0x0000, 0x0000, //0x010D
 367          
 368          };
 369          code UCHAR ucCeskyWidthTable[] = {
 370              11, 6, 11, 10, 9, 
 371              8, 8, 11, 9,
 372          
 373          
 374          
 375          };
 376          
 377          code USHRT usMagyarFontTable[] = {
 378              //123
 379              0x0000, 0x0000, 0x0000, 0x1200, 0x2400, 0x0000, 0x1C00, 0x2200, 0x4100, 0x4100, 0x4100, 0x4100, 0x4100
             -, 0x2200, 0x1C00, 0x0000, 0x0000, 0x0000, //0x0151
 380              //124
 381              0x0000, 0x0A00, 0x0000, 0x4040, 0x4040, 0x4040, 0x4040, 0x4040, 0x4040, 0x4040, 0x4040, 0x4040, 0x4040
             -, 0x2080, 0x1F00, 0x0000, 0x0000, 0x0000, //0x00DC
 382              //125
 383              0x0000, 0x0000, 0x0000, 0x1200, 0x2400, 0x0000, 0x4200, 0x4200, 0x4200, 0x4200, 0x4200, 0x4200, 0x4200
             -, 0x4600, 0x3A00, 0x0000, 0x0000, 0x0000, //0x0171
 384          
 385          };
 386          code UCHAR ucMagyarWidthTable[] = {
 387              9, 11, 9, 
 388          
 389          
 390          };
 391          
 392          code USHRT usSiCGFontTable[] = {
 393              //123
 394              0x0000, 0x0000, 0x0000, 0x0100, 0x0F80, 0x0100, 0x1D00, 0x2300, 0x4100, 0x4100, 0x4100, 0x4100, 0x4100
             -, 0x2300, 0x1D00, 0x0000, 0x0000, 0x0000, //0x0111
C51 COMPILER V9.54   OSDFONT_EUROPE                                                        01/06/2017 14:57:11 PAGE 10  

 395          
 396          };
 397          code UCHAR ucSiCGWidthTable[] = {
 398          10, 
 399          
 400          };
 401          
 402          code USHRT usRomanaFontTable[] = {
 403              //123
 404              0x0000, 0x0000, 0x0000, 0x0000, 0x0000, 0x0000, 0x3C00, 0x4200, 0x4000, 0x4000, 0x3C00, 0x0200, 0x0200
             -, 0x4200, 0x3C00, 0x1000, 0x0800, 0x3800, //0x015F
 405              //124
 406              0x0000, 0x0000, 0x0000, 0x0000, 0x4000, 0x4000, 0xF000, 0x4000, 0x4000, 0x4000, 0x4000, 0x4000, 0x4000
             -, 0x4000, 0x7000, 0x2000, 0x1000, 0x7000, 
 407              //125
 408              0x0000, 0x0000, 0x0000, 0x2200, 0x1C00, 0x0000, 0x1E00, 0x2100, 0x4100, 0x0700, 0x3900, 0x4100, 0x4100
             -, 0x4300, 0x3D00, 0x0000, 0x0000, 0x0000, //0x0103
 409              //126
 410              0x0000, 0x0000, 0x0000, 0xFF80, 0x0800, 0x0800, 0x0800, 0x0800, 0x0800, 0x0800, 0x0800, 0x0800, 0x0800
             -, 0x0800, 0x0800, 0x0000, 0x0800, 0x0800, //0x0162
 411              //127
 412              0x6000, 0x9000, 0x0000, 0x4000, 0x4000, 0x4000, 0x4000, 0x4000, 0x4000, 0x4000, 0x4000, 0x4000, 0x4000
             -, 0x4000, 0x4000, 0x0000, 0x0000, 0x0000, //0x00CE
 413              //128
 414              0x0000, 0x0000, 0x0000, 0x6000, 0x9000, 0x0000, 0x4000, 0x4000, 0x4000, 0x4000, 0x4000, 0x4000, 0x4000
             -, 0x4000, 0x4000, 0x0000, 0x0000, 0x0000, //0x00EE
 415          
 416          };
 417          code UCHAR ucRomanaWidthTable[] = {
 418              8, 5, 9, 10, 5, 
 419              5, 
 420          
 421          
 422          };
 423          code USHRT usPyccknnFontTable[] = {
 424              //123
 425              0x0000, 0x0000, 0x0000, 0x1F80, 0x1080, 0x1080, 0x1080, 0x1080, 0x1080, 0x1080, 0x2080, 0x2080, 0x2080
             -, 0x4080, 0xFFC0, 0x8040, 0x8040, 0x8040, //0x0414
 426              //124
 427              0x0000, 0x0000, 0x0000, 0x0000, 0x0000, 0x0000, 0x4200, 0x4600, 0x4600, 0x4A00, 0x5200, 0x5200, 0x6200
             -, 0x6200, 0x4200, 0x0000, 0x0000, 0x0000, //0x0438
 428              //125
 429              0x0000, 0x0000, 0x0000, 0x0000, 0x0000, 0x0000, 0x1C00, 0x2200, 0x4000, 0x4000, 0x4000, 0x4000, 0x4000
             -, 0x2200, 0x1C00, 0x0000, 0x0000, 0x0000, //0x0441
 430              //126
 431              0x0000, 0x0000, 0x0000, 0x0000, 0x0000, 0x0000, 0x7E00, 0x4200, 0x4200, 0x4200, 0x4200, 0x4200, 0x4200
             -, 0x4200, 0x4200, 0x0000, 0x0000, 0x0000, //0x043F
 432              //127
 433              0x0000, 0x0000, 0x0000, 0x0000, 0x0000, 0x0000, 0x7E00, 0x4200, 0x4200, 0x4200, 0x4200, 0x4200, 0x4200
             -, 0x4200, 0x8200, 0x0000, 0x0000, 0x0000, //0x043B
 434              //128
 435              0x0000, 0x0000, 0x0000, 0x0000, 0x0000, 0x0000, 0x1C00, 0x2200, 0x4100, 0x4100, 0x7F00, 0x4000, 0x4100
             -, 0x2200, 0x1C00, 0x0000, 0x0000, 0x0000, //0x0435
 436              //129
 437              0x0000, 0x0000, 0x0000, 0x2200, 0x1C00, 0x0000, 0x4200, 0x4600, 0x4600, 0x4A00, 0x5200, 0x5200, 0x6200
             -, 0x6200, 0x4200, 0x0000, 0x0000, 0x0000, //0x0439
 438              //130
 439              0x0000, 0x0000, 0x0000, 0x0400, 0x0A00, 0x0A00, 0x0A00, 0x1100, 0x1100, 0x1100, 0x3F80, 0x2080, 0x2080
             -, 0x4040, 0x4040, 0x0000, 0x0000, 0x0000, //0x0410
 440              //131
 441              0x0000, 0x0000, 0x0000, 0x0000, 0x0000, 0x0000, 0x7E00, 0x4100, 0x4100, 0x4100, 0x7E00, 0x4100, 0x4100
             -, 0x4100, 0x7E00, 0x0000, 0x0000, 0x0000, //0x0432
C51 COMPILER V9.54   OSDFONT_EUROPE                                                        01/06/2017 14:57:11 PAGE 11  

 442              //132
 443              0x0000, 0x0000, 0x0000, 0x0000, 0x0000, 0x0000, 0xFE00, 0x1000, 0x1000, 0x1000, 0x1000, 0x1000, 0x1000
             -, 0x1000, 0x1000, 0x0000, 0x0000, 0x0000, //0x0442
 444              //133
 445              0x0000, 0x0000, 0x0000, 0x0000, 0x0000, 0x0000, 0x5C00, 0x6200, 0x4100, 0x4100, 0x4100, 0x4100, 0x4100
             -, 0x6200, 0x5C00, 0x4000, 0x4000, 0x4000, //0x0440
 446              //134
 447              0x0000, 0x0000, 0x0000, 0x0000, 0x0000, 0x0000, 0x7C00, 0x4000, 0x4000, 0x4000, 0x4000, 0x4000, 0x4000
             -, 0x4000, 0x4000, 0x0000, 0x0000, 0x0000, //0x0433
 448              //135
 449              0x0000, 0x0000, 0x0000, 0x0000, 0x0000, 0x0000, 0x8200, 0x8200, 0x8400, 0x4400, 0x4400, 0x2800, 0x2800
             -, 0x2800, 0x1000, 0x1000, 0x1000, 0x6000, //0x0443
 450              //136
 451              0x0000, 0x0000, 0x0000, 0x0000, 0x0000, 0x0000, 0x1C00, 0x2200, 0x4100, 0x4100, 0x4100, 0x4100, 0x4100
             -, 0x2200, 0x1C00, 0x0000, 0x0000, 0x0000, //0x043E
 452              //137
 453              0x0000, 0x0000, 0x0000, 0x7F80, 0x4080, 0x4040, 0x4040, 0x4080, 0x7F00, 0x4080, 0x4040, 0x4040, 0x4040
             -, 0x4080, 0x7F00, 0x0000, 0x0000, 0x0000, //0x0412
 454              //138
 455              0x0000, 0x0000, 0x0000, 0x0000, 0x0000, 0x0000, 0x8200, 0x4400, 0x2800, 0x2800, 0x1000, 0x2800, 0x2800
             -, 0x4400, 0x8200, 0x0000, 0x0000, 0x0000, //0x0445
 456              //139
 457              0x0000, 0x0000, 0x0000, 0x0000, 0x0000, 0x0000, 0x3E00, 0x2200, 0x2200, 0x2200, 0x2200, 0x2200, 0x4200
             -, 0x4200, 0xFF00, 0x8100, 0x8100, 0x0000, //0x0434
 458              //140
 459              0x0000, 0x0000, 0x0000, 0x7F80, 0x4000, 0x4000, 0x4000, 0x4000, 0x4000, 0x4000, 0x4000, 0x4000, 0x4000
             -, 0x4000, 0x4000, 0x0000, 0x0000, 0x0000, //0x0413
 460              //141
 461              0x0000, 0x0000, 0x0000, 0x0000, 0x0000, 0x0000, 0x7800, 0x8400, 0x0400, 0x0400, 0x3800, 0x0400, 0x0400
             -, 0x8400, 0x7800, 0x0000, 0x0000, 0x0000, //0x0437
 462              //142
 463              0x0000, 0x0000, 0x0000, 0x4080, 0x4080, 0x4080, 0x4080, 0x4080, 0x4080, 0x4180, 0x3E80, 0x0080, 0x0080
             -, 0x0080, 0x0080, 0x0000, 0x0000, 0x0000, //0x0427
 464              //143
 465              0x0000, 0x0000, 0x0000, 0x0000, 0x0000, 0x0000, 0x1E00, 0x2100, 0x4100, 0x0700, 0x3900, 0x4100, 0x4100
             -, 0x4300, 0x3D00, 0x0000, 0x0000, 0x0000, //0x0430
 466              //144
 467              0x0000, 0x0000, 0x0000, 0x0000, 0x0000, 0x0000, 0x4200, 0x4200, 0x4200, 0x4200, 0x7E00, 0x4200, 0x4200
             -, 0x4200, 0x4200, 0x0000, 0x0000, 0x0000, //0x043D
 468              //145
 469              0x0000, 0x0000, 0x0000, 0x0400, 0x0400, 0x1F00, 0x2480, 0x4440, 0x4440, 0x4440, 0x4440, 0x2480, 0x1F00
             -, 0x0400, 0x0400, 0x0000, 0x0000, 0x0000, //0x0424
 470              //146
 471              0x0000, 0x0000, 0x0000, 0x0000, 0x0000, 0x0000, 0x60C0, 0x60C0, 0x60C0, 0x5140, 0x5140, 0x4A40, 0x4A40
             -, 0x4440, 0x4440, 0x0000, 0x0000, 0x0000, //0x043C
 472              //147
 473              0x0000, 0x0000, 0x0000, 0x0000, 0x0000, 0x0000, 0x4200, 0x4200, 0x4200, 0x4200, 0x2200, 0x1E00, 0x0200
             -, 0x0200, 0x0200, 0x0000, 0x0000, 0x0000, //0x0447
 474              //148
 475              0x0000, 0x0000, 0x0000, 0x0000, 0x0000, 0x0000, 0x4200, 0x4400, 0x4800, 0x4800, 0x7000, 0x4800, 0x4800
             -, 0x4400, 0x4200, 0x0000, 0x0000, 0x0000, //0x043A
 476              //149
 477              0x0000, 0x0000, 0x0000, 0x0000, 0x0000, 0x0000, 0x3F00, 0x4100, 0x4100, 0x4100, 0x3F00, 0x1100, 0x2100
             -, 0x4100, 0x4100, 0x0000, 0x0000, 0x0000, //0x044F
 478              //150
 479              0x0000, 0x0000, 0x0000, 0x4020, 0x4060, 0x4060, 0x40A0, 0x4120, 0x4220, 0x4420, 0x4820, 0x5020, 0x6020
             -, 0x6020, 0x4020, 0x0000, 0x0000, 0x0000, //0x0418
 480              //151
 481              0x0000, 0x0000, 0x0000, 0x1F00, 0x2000, 0x4000, 0x5C00, 0x6200, 0x4100, 0x4100, 0x4100, 0x4100, 0x4100
             -, 0x2200, 0x1C00, 0x0000, 0x0000, 0x0000, //0x0431
 482              //152
 483              0x0000, 0x0000, 0x0000, 0x0000, 0x0000, 0x0000, 0x88C0, 0x8880, 0x4900, 0x4900, 0x3E00, 0x4900, 0x4900
C51 COMPILER V9.54   OSDFONT_EUROPE                                                        01/06/2017 14:57:11 PAGE 12  

             -, 0x8880, 0x0840, 0x0000, 0x0000, 0x0000, //0x0436
 484              //153
 485              0x0000, 0x0000, 0x0000, 0x4180, 0x4200, 0x4400, 0x4400, 0x4800, 0x7000, 0x4800, 0x4400, 0x4200, 0x4100
             -, 0x4100, 0x4080, 0x0000, 0x0000, 0x0000, //0x041A
 486              //154
 487              0x0000, 0x0000, 0x0000, 0x0FE0, 0x1020, 0x2020, 0x2020, 0x2020, 0x1020, 0x0FE0, 0x0420, 0x0820, 0x0820
             -, 0x1020, 0x2020, 0x0000, 0x0000, 0x0000, //0x042F
 488              //155
 489              0x0000, 0x0000, 0x0000, 0x0000, 0x0000, 0x0000, 0x4000, 0x4000, 0x4000, 0x4000, 0x7E00, 0x4100, 0x4100
             -, 0x4100, 0x7E00, 0x0000, 0x0000, 0x0000, //0x044C
 490              //156
 491              0x0000, 0x0000, 0x0000, 0x7F00, 0x4080, 0x4040, 0x4040, 0x4040, 0x4080, 0x7F00, 0x4000, 0x4000, 0x4000
             -, 0x4000, 0x4000, 0x0000, 0x0000, 0x0000, //0x0420
 492              //157
 493              0x0000, 0x0000, 0x0000, 0x4040, 0x4040, 0x4040, 0x4040, 0x4040, 0x4040, 0x4040, 0x4040, 0x4040, 0x4040
             -, 0x4040, 0x7FE0, 0x0020, 0x0020, 0x0020, //0x0426
 494              //158
 495              0x0000, 0x0000, 0x0000, 0x4040, 0x4040, 0x4040, 0x4040, 0x4040, 0x7FC0, 0x4040, 0x4040, 0x4040, 0x4040
             -, 0x4040, 0x4040, 0x0000, 0x0000, 0x0000, //0x041D
 496              //159
 497              0x0000, 0x0000, 0x0000, 0x0000, 0x0000, 0x0000, 0x4020, 0x4020, 0x4020, 0x4020, 0x7E20, 0x4120, 0x4120
             -, 0x4120, 0x7E20, 0x0000, 0x0000, 0x0000, //0x044B
 498              //160
 499              0x0000, 0x0000, 0x0000, 0x4040, 0x2080, 0x1100, 0x1100, 0x0A00, 0x0400, 0x0A00, 0x1100, 0x1100, 0x2080
             -, 0x4040, 0x8020, 0x0000, 0x0000, 0x0000, //0x0425
 500              //161
 501              0x0000, 0x0000, 0x0000, 0xFF80, 0x0800, 0x0800, 0x0800, 0x0800, 0x0800, 0x0800, 0x0800, 0x0800, 0x0800
             -, 0x0800, 0x0800, 0x0000, 0x0000, 0x0000, //0x0422
 502              //162
 503              0x0000, 0x0000, 0x0000, 0x0F00, 0x1080, 0x2040, 0x4020, 0x4020, 0x4020, 0x4020, 0x4020, 0x4020, 0x2040
             -, 0x1080, 0x0F00, 0x0000, 0x0000, 0x0000, //0x041E
 504              //163
 505              0x0000, 0x0000, 0x0000, 0x0000, 0x0000, 0x0000, 0x4440, 0x4440, 0x4440, 0x4440, 0x4440, 0x4440, 0x4440
             -, 0x4440, 0x7FE0, 0x0020, 0x0020, 0x0020, //0x0449
 506              //164
 507              0x0000, 0x0000, 0x0000, 0x0F80, 0x1040, 0x2020, 0x4000, 0x4000, 0x4000, 0x4000, 0x4000, 0x4000, 0x2020
             -, 0x1040, 0x0F80, 0x0000, 0x0000, 0x0000, //0x0421
 508              //165
 509              0x0000, 0x0000, 0x0000, 0x4008, 0x4008, 0x4008, 0x4008, 0x4008, 0x7F88, 0x4048, 0x4048, 0x4048, 0x4048
             -, 0x4048, 0x7F88, 0x0000, 0x0000, 0x0000, //0x042B
 510              //166
 511              0x0000, 0x0000, 0x0000, 0x3FC0, 0x2040, 0x2040, 0x2040, 0x2040, 0x2040, 0x2040, 0x2040, 0x2040, 0x2040
             -, 0x2040, 0xC040, 0x0000, 0x0000, 0x0000, //0x041B
 512              //167
 513              0x0000, 0x0000, 0x0000, 0x7FC0, 0x4040, 0x4040, 0x4040, 0x4040, 0x4040, 0x4040, 0x4040, 0x4040, 0x4040
             -, 0x4040, 0x4040, 0x0000, 0x0000, 0x0000, //0x041F
 514              //168
 515              0x0000, 0x0000, 0x0000, 0x4010, 0x6030, 0x6030, 0x5050, 0x5050, 0x4890, 0x4890, 0x4510, 0x4510, 0x4510
             -, 0x4210, 0x4210, 0x0000, 0x0000, 0x0000, //0x041C
 516              //169
 517              0x0000, 0x0000, 0x0000, 0x7FC0, 0x4000, 0x4000, 0x4000, 0x4000, 0x7F80, 0x4000, 0x4000, 0x4000, 0x4000
             -, 0x4000, 0x7FC0, 0x0000, 0x0000, 0x0000, //0x0415
 518              //170
 519              0x0000, 0x0000, 0x0000, 0x7F80, 0x4000, 0x4000, 0x4000, 0x4000, 0x7F80, 0x4040, 0x4040, 0x4040, 0x4040
             -, 0x4040, 0x7F80, 0x0000, 0x0000, 0x0000, //0x0411
 520              //171
 521              0x0000, 0x0000, 0x0000, 0x0000, 0x0000, 0x0000, 0x4100, 0x4100, 0x4100, 0x4100, 0x4100, 0x4100, 0x4100
             -, 0x4100, 0x7F80, 0x0080, 0x0080, 0x0080, //0x0446
 522              //172
 523              0x0000, 0x0000, 0x0000, 0x0200, 0x0200, 0x0200, 0x1AC0, 0x2720, 0x4210, 0x4210, 0x4210, 0x4210, 0x4210
             -, 0x2720, 0x1AC0, 0x0200, 0x0200, 0x0200, //0x0444
 524              //173
C51 COMPILER V9.54   OSDFONT_EUROPE                                                        01/06/2017 14:57:11 PAGE 13  

 525              0x0000, 0x0000, 0x0000, 0x4040, 0x4040, 0x2080, 0x2080, 0x1100, 0x1100, 0x0A00, 0x0A00, 0x0400, 0x0400
             -, 0x0800, 0x3800, 0x0000, 0x0000, 0x0000, //0x0423
 526              //174
 527              0x0000, 0x0000, 0x0000, 0x0000, 0x0000, 0x0000, 0x4380, 0x4440, 0x4820, 0x4820, 0x7820, 0x4820, 0x4820
             -, 0x4440, 0x4380, 0x0000, 0x0000, 0x0000, //0x044E
 528              //175
 529              0x0000, 0x0000, 0x0000, 0x1E00, 0x2100, 0x4100, 0x0100, 0x0200, 0x0C00, 0x0300, 0x0080, 0x0080, 0x4080
             -, 0x2080, 0x1F00, 0x0000, 0x0000, 0x0000, //0x0417
 530              //176
 531              0x0000, 0x0000, 0x0000, 0x0000, 0x0000, 0x0000, 0x1800, 0x2400, 0x4200, 0x0200, 0x1E00, 0x0200, 0x4200
             -, 0x2400, 0x1800, 0x0000, 0x0000, 0x0000, //0x044D
 532              //177
 533              0x0000, 0x0000, 0x0000, 0x0000, 0x0000, 0x0000, 0x4440, 0x4440, 0x4440, 0x4440, 0x4440, 0x4440, 0x4440
             -, 0x4440, 0x7FC0, 0x0000, 0x0000, 0x0000, //0x0448
 534              //178
 535              0x0000, 0x0000, 0x0000, 0x1F00, 0x2080, 0x4040, 0x0020, 0x0020, 0x07E0, 0x0020, 0x0020, 0x0020, 0x4040
             -, 0x2080, 0x1F00, 0x0000, 0x0000, 0x0000, //0x042D
 536          
 537          };
 538          code UCHAR ucPyccknnWidthTable[] = {
 539              11, 8, 8, 8, 8, 9, 8, 11, 9, 8, 9, 7, 8, 9, 11,8,
 540              9, 10, 7, 10, 9, 8, 11, 11, 8, 8, 9, 12, 9, 10,10, 12, 
 541              9, 11, 12, 11, 11,  11, 10, 12, 12, 12, 14, 11, 11, 13, 11, 11,
 542              10, 13, 11, 12, 10, 8, 11, 12, 
 543          };
 544          
 545          code USHRT usSvenskaFontTable[] = {
 546              //123
 547              0x0000, 0x0000, 0x1C00, 0x1400, 0x1C00, 0x0000, 0x1E00, 0x2100, 0x4100, 0x0700, 0x3900, 0x4100, 0x4100
             -, 0x4300, 0x3D00, 0x0000, 0x0000, 0x0000, //0x00E5
 548              //124
 549              0x0000, 0x0E00, 0x0A00, 0x0E00, 0x0A00, 0x0A00, 0x0A00, 0x1100, 0x1100, 0x1100, 0x3F80, 0x2080, 0x2080
             -, 0x4040, 0x4040, 0x0000, 0x0000, 0x0000, //0x00C5
 550              //125
 551              0x0000, 0x0500, 0x0000, 0x0F00, 0x1080, 0x2040, 0x4020, 0x4020, 0x4020, 0x4020, 0x4020, 0x4020, 0x2040
             -, 0x1080, 0x0F00, 0x0000, 0x0000, 0x0000, //0x00D6
 552          
 553          };
 554          code UCHAR ucSvenskaWidthTable[] = {
 555              9, 11, 12, 
 556          
 557          };
 558          
 559          
 560          code USHRT usPortuguesFontTable[] = {
 561              //123
 562              0x0000, 0x0000, 0x0000, 0x0A00, 0x1400, 0x0000, 0x1E00, 0x2100, 0x4100, 0x0700, 0x3900, 0x4100, 0x4100
             -, 0x4300, 0x3D00, 0x0000, 0x0000, 0x0000, //0x00E3
 563              //124
 564              0x0000, 0x0000, 0x0000, 0x0A00, 0x1400, 0x0000, 0x1C00, 0x2200, 0x4100, 0x4100, 0x4100, 0x4100, 0x4100
             -, 0x2200, 0x1C00, 0x0000, 0x0000, 0x0000, //0x00F5
 565              //125
 566              0x0500, 0x0A00, 0x0000, 0x0400, 0x0A00, 0x0A00, 0x0A00, 0x1100, 0x1100, 0x1100, 0x3F80, 0x2080, 0x2080
             -, 0x4040, 0x4040, 0x0000, 0x0000, 0x0000, //0x00C3
 567              //126
 568              0x0600, 0x0900, 0x0000, 0x0400, 0x0A00, 0x0A00, 0x0A00, 0x1100, 0x1100, 0x1100, 0x3F80, 0x2080, 0x2080
             -, 0x4040, 0x4040, 0x0000, 0x0000, 0x0000, //0x00C2
 569          
 570          };
 571          code UCHAR ucPortuguesWidthTable[] = {
 572              9, 9, 11, 11, 
 573          
C51 COMPILER V9.54   OSDFONT_EUROPE                                                        01/06/2017 14:57:11 PAGE 14  

 574          };
 575          
 576          code USHRT usARABFontTable[] = {
 577              //[00][00]
 578              0x0000, 0x0000, 0x0000, 0x0000, 0x0000, 0x0000, 0x3C00, 0x4200, 0x4000, 0x4000, 0x4000, 0x2000, 0x7E00
             -, 0x0000, 0x0000, 0x0000, 0x0000, 0x0000, 
 579              
 580              //[01][00]
 581              0x0000, 0xF800, 0x0000, 0x2000, 0x2000, 0x2000, 0x2000, 0x2000, 0x2000, 0x2000, 0x2000, 0x2000, 0x2000
             -, 0x2000, 0x0000, 0x0000, 0x0000, 0x0000, 
 582              
 583              //[02][00]
 584              0x0000, 0xF800, 0x0000, 0x2000, 0x2000, 0x2000, 0x2000, 0x2000, 0x2000, 0x2000, 0x2000, 0x2000, 0x2000
             -, 0x1800, 0x0000, 0x0000, 0x0000, 0x0000, 
 585              
 586              //[03][00]
 587              0x0000, 0x2000, 0x4000, 0x6000, 0x0000, 0x4000, 0x4000, 0x4000, 0x4000, 0x4000, 0x4000, 0x4000, 0x4000
             -, 0x4000, 0x4000, 0x4000, 0x0000, 0x0000, 
 588              
 589              //[04][00]
 590              0x0000, 0x2000, 0x4000, 0x6000, 0x0000, 0x4000, 0x4000, 0x4000, 0x4000, 0x4000, 0x4000, 0x4000, 0x4000
             -, 0x4000, 0x4000, 0x3000, 0x0000, 0x0000, 
 591              
 592              //[05][00]
 593              0x0000, 0x0200, 0x0400, 0x0600, 0x0000, 0x0E00, 0x1100, 0x1080, 0x1080, 0x0880, 0x0780, 0x0080, 0x0100
             -, 0x0200, 0x0C00, 0xF000, 0x0000, 0x0000, 
 594              
 595              //[06][00]
 596              0x0000, 0x0000, 0x0200, 0x0400, 0x0600, 0x0000, 0x0000, 0x0C00, 0x1200, 0x1100, 0x1100, 0x1100, 0x0F80
             -, 0x0100, 0x0600, 0xF800, 0x0000, 0x0000, 
 597              
 598              //[07][00]
 599              0x0000, 0x0000, 0x4000, 0x4000, 0x4000, 0x4000, 0x4000, 0x4000, 0x4000, 0x4000, 0x4000, 0x4000, 0x4000
             -, 0x0000, 0x2000, 0x4000, 0x6000, 0x0000, 
 600              
 601              //[08][00]
 602              0x0000, 0x0000, 0x4000, 0x4000, 0x4000, 0x4000, 0x4000, 0x4000, 0x4000, 0x4000, 0x4000, 0x4000, 0x3000
             -, 0x0000, 0x4000, 0x8000, 0xC000, 0x0000, 
 603              
 604              //[09][00]
 605              0x0000, 0x0000, 0x0000, 0x0000, 0x0000, 0x0000, 0x13C0, 0x2420, 0x3400, 0x0300, 0x40C0, 0x4020, 0x4020
             -, 0x2040, 0x1F80, 0x0000, 0x0000, 0x0000, 
 606              
 607              //[00][01]
 608              0x0000, 0x0000, 0x0000, 0x0000, 0x0000, 0x0000, 0x0000, 0x0000, 0x1000, 0x2000, 0x3000, 0x0000, 0x0078
             -, 0x4040, 0x4030, 0x6020, 0x1FC0, 0x0000, 
 609              
 610              //[01][01]
 611              0x0000, 0x0000, 0x0000, 0x0000, 0x0800, 0x1000, 0x1800, 0x0000, 0x1000, 0x1000, 0x1000, 0x1000, 0xE000
             -, 0x0000, 0x0000, 0x0000, 0x0000, 0x0000, 
 612              
 613              //[02][01]
 614              0x0000, 0x0000, 0x0000, 0x0000, 0x1000, 0x2000, 0x3000, 0x0000, 0x2000, 0x2000, 0x2000, 0x2000, 0xD800
             -, 0x0000, 0x0000, 0x0000, 0x0000, 0x0000, 
 615              
 616              //[03][01]
 617              0x0000, 0x0000, 0x4000, 0x4000, 0x4000, 0x4000, 0x4000, 0x4000, 0x4000, 0x4000, 0x4000, 0x4000, 0x4000
             -, 0x0000, 0x0000, 0x0000, 0x0000, 0x0000, 
 618              
 619              //[04][01]
 620              0x0000, 0x0000, 0x4000, 0x4000, 0x4000, 0x4000, 0x4000, 0x4000, 0x4000, 0x4000, 0x4000, 0x4000, 0x3000
             -, 0x0000, 0x0000, 0x0000, 0x0000, 0x0000, 
C51 COMPILER V9.54   OSDFONT_EUROPE                                                        01/06/2017 14:57:11 PAGE 15  

 621              
 622              //[05][01]
 623              0x0000, 0x0000, 0x0000, 0x0000, 0x0000, 0x0000, 0x0000, 0x0000, 0x0000, 0x4020, 0x4020, 0x4060, 0x20C0
             -, 0x1F00, 0x0000, 0x0200, 0x0000, 0x0000, 
 624              
 625              //[06][01]
 626              0x0000, 0x0000, 0x0000, 0x0000, 0x0000, 0x0000, 0x0000, 0x0000, 0x0000, 0x4010, 0x4010, 0x4010, 0x2068
             -, 0x1F80, 0x0000, 0x0200, 0x0000, 0x0000, 
 627              
 628              //[07][01]
 629              0x0000, 0x0000, 0x0000, 0x0000, 0x0000, 0x0000, 0x0000, 0x0000, 0x1000, 0x1000, 0x1000, 0x1000, 0xE000
             -, 0x0000, 0x1000, 0x0000, 0x0000, 0x0000, 
 630              
 631              //[08][01]
 632              0x0000, 0x0000, 0x0000, 0x0000, 0x0000, 0x0000, 0x0000, 0x0000, 0x2000, 0x2000, 0x2000, 0x2000, 0xD800
             -, 0x0000, 0x2000, 0x0000, 0x0000, 0x0000, 
 633              
 634              //[09][01]
 635              0x0000, 0x0000, 0x0000, 0x1400, 0x0000, 0x0000, 0x1800, 0x3400, 0x4200, 0x4200, 0x4200, 0x4200, 0x3C00
             -, 0x0000, 0x0000, 0x0000, 0x0000, 0x0000, 
 636              
 637              //[00][02]
 638              0x0000, 0x0000, 0x0000, 0x2800, 0x0000, 0x0000, 0x0400, 0x1C00, 0x2400, 0x4400, 0x4400, 0x3A00, 0x0100
             -, 0x0000, 0x0000, 0x0000, 0x0000, 0x0000, 
 639              
 640              //[01][02]
 641              0x0000, 0x0000, 0x0000, 0x0000, 0x0000, 0x0000, 0x0500, 0x0000, 0x0000, 0x4020, 0x4020, 0x4060, 0x20C0
             -, 0x1F00, 0x0000, 0x0000, 0x0000, 0x0000, 
 642              
 643              //[02][02]
 644              0x0000, 0x0000, 0x0000, 0x0000, 0x0000, 0x0000, 0x0500, 0x0000, 0x0000, 0x4010, 0x4010, 0x4010, 0x2068
             -, 0x1F80, 0x0000, 0x0000, 0x0000, 0x0000, 
 645              
 646              //[03][02]
 647              0x0000, 0x0000, 0x0000, 0x0000, 0x0000, 0x2800, 0x0000, 0x0000, 0x1000, 0x1000, 0x1000, 0x1000, 0xE000
             -, 0x0000, 0x0000, 0x0000, 0x0000, 0x0000, 
 648              
 649              //[04][02]
 650              0x0000, 0x0000, 0x0000, 0x0000, 0x0000, 0x5000, 0x0000, 0x0000, 0x2000, 0x2000, 0x2000, 0x2000, 0xD800
             -, 0x0000, 0x0000, 0x0000, 0x0000, 0x0000, 
 651              
 652              //[05][02]
 653              0x0000, 0x0000, 0x0000, 0x0000, 0x0200, 0x0000, 0x0500, 0x0000, 0x0000, 0x4020, 0x4020, 0x4060, 0x20C0
             -, 0x1F00, 0x0000, 0x0000, 0x0000, 0x0000, 
 654              
 655              //[06][02]
 656              0x0000, 0x0000, 0x0000, 0x0000, 0x0200, 0x0000, 0x0500, 0x0000, 0x0000, 0x4010, 0x4010, 0x4010, 0x2068
             -, 0x1F80, 0x0000, 0x0000, 0x0000, 0x0000, 
 657              
 658              //[07][02]
 659              0x0000, 0x0000, 0x0000, 0x1000, 0x0000, 0x2800, 0x0000, 0x0000, 0x1000, 0x1000, 0x1000, 0x1000, 0xE000
             -, 0x0000, 0x0000, 0x0000, 0x0000, 0x0000, 
 660              
 661              //[08][02]
 662              0x0000, 0x0000, 0x0000, 0x2000, 0x0000, 0x5000, 0x0000, 0x0000, 0x2000, 0x2000, 0x2000, 0x2000, 0xD800
             -, 0x0000, 0x0000, 0x0000, 0x0000, 0x0000, 
 663              
 664              //[09][02]
 665              0x0000, 0x0000, 0x0000, 0x0000, 0x0000, 0x0000, 0x7C00, 0x0200, 0x0700, 0x1800, 0x2000, 0x4000, 0x4000
             -, 0x4400, 0x4000, 0x2000, 0x1F80, 0x0000, 
 666              
 667              //[00][03]
C51 COMPILER V9.54   OSDFONT_EUROPE                                                        01/06/2017 14:57:11 PAGE 16  

 668              0x0000, 0x0000, 0x0000, 0x0000, 0x0000, 0x0000, 0x7C00, 0x0200, 0x0700, 0x1A00, 0x2100, 0x4080, 0x4060
             -, 0x4400, 0x4000, 0x2000, 0x1F80, 0x0000, 
 669              
 670              //[01][03]
 671              0x0000, 0x0000, 0x0000, 0x0000, 0x0000, 0x0000, 0x3800, 0x0600, 0x0180, 0x01C0, 0x0600, 0x1800, 0xE000
             -, 0x0200, 0x0000, 0x0000, 0x0000, 0x0000, 
 672              
 673              //[02][03]
 674              0x0000, 0x0000, 0x0000, 0x0000, 0x0000, 0x0000, 0x3C00, 0x0300, 0x0080, 0x01C0, 0x0700, 0x1880, 0xE060
             -, 0x0000, 0x0200, 0x0000, 0x0000, 0x0000, 
 675              
 676              //[03][03]
 677              0x0000, 0x0000, 0x0000, 0x0000, 0x0000, 0x0000, 0x7C00, 0x0200, 0x0700, 0x1800, 0x2000, 0x4000, 0x4000
             -, 0x4000, 0x4000, 0x2000, 0x1F80, 0x0000, 
 678              
 679              //[04][03]
 680              0x0000, 0x0000, 0x0000, 0x0000, 0x0000, 0x0000, 0x7C00, 0x0200, 0x0700, 0x1A00, 0x2100, 0x4080, 0x4060
             -, 0x4000, 0x4000, 0x2000, 0x1F80, 0x0000, 
 681              
 682              //[05][03]
 683              0x0000, 0x0000, 0x0000, 0x0000, 0x0000, 0x0000, 0x3800, 0x0600, 0x0180, 0x01C0, 0x0600, 0x1800, 0xE000
             -, 0x0000, 0x0000, 0x0000, 0x0000, 0x0000, 
 684              
 685              //[06][03]
 686              0x0000, 0x0000, 0x0000, 0x0000, 0x0000, 0x0000, 0x3C00, 0x0300, 0x0080, 0x01C0, 0x0700, 0x1880, 0xE060
             -, 0x0000, 0x0000, 0x0000, 0x0000, 0x0000, 
 687              
 688              //[07][03]
 689              0x0000, 0x0000, 0x0000, 0x0800, 0x0000, 0x0000, 0x7C00, 0x0200, 0x0700, 0x1800, 0x2000, 0x4000, 0x4000
             -, 0x4000, 0x4000, 0x2000, 0x1F80, 0x0000, 
 690              
 691              //[08][03]
 692              0x0000, 0x0000, 0x0000, 0x0400, 0x0000, 0x0000, 0x7C00, 0x0200, 0x0700, 0x1A00, 0x2100, 0x4080, 0x4060
             -, 0x4000, 0x4000, 0x2000, 0x1F80, 0x0000, 
 693              
 694              //[09][03]
 695              0x0000, 0x0000, 0x0000, 0x0000, 0x0200, 0x0000, 0x3800, 0x0600, 0x0180, 0x01C0, 0x0600, 0x1800, 0xE000
             -, 0x0000, 0x0000, 0x0000, 0x0000, 0x0000, 
 696              
 697              //[00][04]
 698              0x0000, 0x0000, 0x0000, 0x0000, 0x0200, 0x0000, 0x3C00, 0x0300, 0x0080, 0x01C0, 0x0700, 0x1880, 0xE060
             -, 0x0000, 0x0000, 0x0000, 0x0000, 0x0000, 
 699              
 700              //[01][04]
 701              0x0000, 0x0000, 0x0000, 0x0000, 0x0000, 0x0000, 0x2000, 0x1000, 0x0800, 0x0400, 0x0400, 0x0800, 0x7000
             -, 0x0000, 0x0000, 0x0000, 0x0000, 0x0000, 
 702              
 703              //[02][04]
 704              0x0000, 0x0000, 0x0000, 0x0000, 0x0000, 0x0000, 0x1000, 0x0800, 0x0800, 0x0400, 0x0400, 0x0400, 0x7A00
             -, 0x0000, 0x0000, 0x0000, 0x0000, 0x0000, 
 705              
 706              //[03][04]
 707              0x0000, 0x0000, 0x0000, 0x2000, 0x0000, 0x0000, 0x2000, 0x1000, 0x0800, 0x0400, 0x0400, 0x0800, 0x7000
             -, 0x0000, 0x0000, 0x0000, 0x0000, 0x0000, 
 708              
 709              //[04][04]
 710              0x0000, 0x0000, 0x0000, 0x1000, 0x0000, 0x0000, 0x1000, 0x0800, 0x0800, 0x0400, 0x0400, 0x0400, 0x7A00
             -, 0x0000, 0x0000, 0x0000, 0x0000, 0x0000, 
 711              
 712              //[05][04]
 713              0x0000, 0x0000, 0x0000, 0x0000, 0x0000, 0x0000, 0x0000, 0x0000, 0x0400, 0x0200, 0x0200, 0x0200, 0x0200
             -, 0x0400, 0x0C00, 0xF000, 0x0000, 0x0000, 
C51 COMPILER V9.54   OSDFONT_EUROPE                                                        01/06/2017 14:57:11 PAGE 17  

 714              
 715              //[06][04]
 716              0x0000, 0x0000, 0x0000, 0x0000, 0x0000, 0x0000, 0x0000, 0x0000, 0x0000, 0x0200, 0x0200, 0x0200, 0x0300
             -, 0x0200, 0x0400, 0xF800, 0x0000, 0x0000, 
 717              
 718              //[07][04]
 719              0x0000, 0x0000, 0x0000, 0x0000, 0x0000, 0x0000, 0x0400, 0x0000, 0x0400, 0x0200, 0x0200, 0x0200, 0x0200
             -, 0x0400, 0x0C00, 0xF000, 0x0000, 0x0000, 
 720              
 721              //[08][04]
 722              0x0000, 0x0000, 0x0000, 0x0000, 0x0000, 0x0000, 0x0200, 0x0000, 0x0000, 0x0200, 0x0200, 0x0200, 0x0300
             -, 0x0200, 0x0400, 0xF800, 0x0000, 0x0000, 
 723              
 724              //[09][04]
 725              0x0000, 0x0000, 0x0000, 0x0000, 0x0000, 0x0000, 0x0000, 0x0000, 0x0044, 0x0044, 0x0044, 0x4044, 0x407B
             -, 0x4040, 0x4040, 0x2080, 0x1F00, 0x0000, 
 726              
 727              //[00][05]
 728              0x0000, 0x0000, 0x0000, 0x0000, 0x0000, 0x0000, 0x0000, 0x0000, 0x0044, 0x0044, 0x0044, 0x4044, 0x407B
             -, 0x4040, 0x4040, 0x2080, 0x1F00, 0x0000, 
 729              
 730              //[01][05]
 731              0x0000, 0x0000, 0x0000, 0x0000, 0x0000, 0x0000, 0x0000, 0x0010, 0x1110, 0x1110, 0x1110, 0x1110, 0xEEE0
             -, 0x0000, 0x0000, 0x0000, 0x0000, 0x0000, 
 732              
 733              //[02][05]
 734              0x0000, 0x0000, 0x0000, 0x0000, 0x0000, 0x0000, 0x0000, 0x0010, 0x1110, 0x1110, 0x1110, 0x1110, 0xEEE8
             -, 0x0000, 0x0000, 0x0000, 0x0000, 0x0000, 
 735              
 736              //[03][05]
 737              0x0000, 0x0000, 0x0000, 0x0004, 0x0000, 0x000A, 0x0000, 0x0000, 0x0044, 0x0044, 0x0044, 0x4044, 0x407B
             -, 0x4040, 0x4040, 0x2080, 0x1F00, 0x0000, 
 738              
 739              //[04][05]
 740              0x0000, 0x0000, 0x0000, 0x0004, 0x0000, 0x000A, 0x0000, 0x0000, 0x0044, 0x0044, 0x0044, 0x4044, 0x407B
             -, 0x4040, 0x4040, 0x2080, 0x1F00, 0x0000, 
 741              
 742              //[05][05]
 743              0x0000, 0x0000, 0x0000, 0x0100, 0x0000, 0x0280, 0x0000, 0x0010, 0x1110, 0x1110, 0x1110, 0x1110, 0xEEE0
             -, 0x0000, 0x0000, 0x0000, 0x0000, 0x0000, 
 744              
 745              //[06][05]
 746              0x0000, 0x0000, 0x0000, 0x0100, 0x0280, 0x0000, 0x0000, 0x0010, 0x1110, 0x1110, 0x1110, 0x1110, 0xEEE8
             -, 0x0000, 0x0000, 0x0000, 0x0000, 0x0000, 
 747              
 748              //[07][05]
 749              0x0000, 0x0000, 0x0000, 0x0000, 0x0000, 0x0000, 0x0000, 0x0001, 0x0002, 0x0004, 0x0048, 0x4050, 0x407F
             -, 0x4040, 0x4040, 0x2080, 0x1F00, 0x0000, 
 750              
 751              //[08][05]
 752              0x0000, 0x0000, 0x0000, 0x0000, 0x0000, 0x0000, 0x0000, 0x0001, 0x0002, 0x0004, 0x0048, 0x4050, 0x407F
             -, 0x4040, 0x4040, 0x2080, 0x1F00, 0x0000, 
 753              
 754              //[09][05]
 755              0x0000, 0x0000, 0x0000, 0x0000, 0x0000, 0x0000, 0x0070, 0x0088, 0x0108, 0x2208, 0x2408, 0x2830, 0xDFC0
             -, 0x0000, 0x0000, 0x0000, 0x0000, 0x0000, 
 756              
 757              //[00][06]
 758              0x0000, 0x0000, 0x0000, 0x0000, 0x0000, 0x0000, 0x0070, 0x0088, 0x0108, 0x2208, 0x2408, 0x2830, 0xDFCC
             -, 0x0000, 0x0000, 0x0000, 0x0000, 0x0000, 
 759              
 760              //[01][06]
C51 COMPILER V9.54   OSDFONT_EUROPE                                                        01/06/2017 14:57:11 PAGE 18  

 761              0x0000, 0x0000, 0x0000, 0x0000, 0x0000, 0x0010, 0x0000, 0x0001, 0x0002, 0x0004, 0x0048, 0x4050, 0x407F
             -, 0x4040, 0x4040, 0x2080, 0x1F00, 0x0000, 
 762              
 763              //[02][06]
 764              0x0000, 0x0000, 0x0000, 0x0000, 0x0000, 0x0010, 0x0000, 0x0001, 0x0002, 0x0004, 0x0048, 0x4050, 0x407F
             -, 0x4040, 0x4040, 0x2080, 0x1F00, 0x0000, 
 765              
 766              //[03][06]
 767              0x0000, 0x0000, 0x0000, 0x0000, 0x0000, 0x0800, 0x0070, 0x0088, 0x0108, 0x2208, 0x2408, 0x2830, 0xDFC0
             -, 0x0000, 0x0000, 0x0000, 0x0000, 0x0000, 
 768              
 769              //[04][06]
 770              0x0000, 0x0000, 0x0000, 0x0000, 0x0000, 0x0800, 0x0070, 0x0088, 0x0108, 0x2208, 0x2408, 0x2830, 0xDFCC
             -, 0x0000, 0x0000, 0x0000, 0x0000, 0x0000, 
 771              
 772              //[05][06]
 773              0x0000, 0x0000, 0x1000, 0x1000, 0x1000, 0x1000, 0x10E0, 0x1110, 0x1210, 0x1410, 0x1810, 0x1020, 0x7FC0
             -, 0x0000, 0x0000, 0x0000, 0x0000, 0x0000, 
 774              
 775              //[06][06]
 776              0x0000, 0x0000, 0x1000, 0x1000, 0x1000, 0x1000, 0x10E0, 0x1110, 0x1210, 0x1410, 0x1810, 0x1020, 0x7FD8
             -, 0x0000, 0x0000, 0x0000, 0x0000, 0x0000, 
 777              
 778              //[07][06]
 779              0x0000, 0x0000, 0x2000, 0x2000, 0x2000, 0x2000, 0x21C0, 0x2220, 0x2410, 0x2810, 0x3010, 0x2060, 0xFF80
             -, 0x0000, 0x0000, 0x0000, 0x0000, 0x0000, 
 780              
 781              //[08][06]
 782              0x0000, 0x0000, 0x2000, 0x2000, 0x2000, 0x2000, 0x21C0, 0x2220, 0x2410, 0x2810, 0x3010, 0x2060, 0xFF98
             -, 0x0000, 0x0000, 0x0000, 0x0000, 0x0000, 
 783              
 784              //[09][06]
 785              0x0000, 0x0000, 0x1000, 0x1000, 0x1200, 0x1000, 0x10E0, 0x1110, 0x1210, 0x1410, 0x1810, 0x1020, 0x7FC0
             -, 0x0000, 0x0000, 0x0000, 0x0000, 0x0000, 
 786              
 787              //[00][07]
 788              0x0000, 0x0000, 0x1000, 0x1000, 0x1200, 0x1000, 0x10E0, 0x1110, 0x1210, 0x1410, 0x1810, 0x1020, 0x7FD8
             -, 0x0000, 0x0000, 0x0000, 0x0000, 0x0000, 
 789              
 790              //[01][07]
 791              0x0000, 0x0000, 0x2000, 0x2000, 0x2400, 0x2000, 0x21C0, 0x2220, 0x2410, 0x2810, 0x3010, 0x2060, 0xFF80
             -, 0x0000, 0x0000, 0x0000, 0x0000, 0x0000, 
 792              
 793              //[02][07]
 794              0x0000, 0x0000, 0x2000, 0x2000, 0x2400, 0x2000, 0x21C0, 0x2220, 0x2410, 0x2810, 0x3010, 0x2060, 0xFF98
             -, 0x0000, 0x0000, 0x0000, 0x0000, 0x0000, 
 795              
 796              //[03][07]
 797              0x0000, 0x0000, 0x0000, 0x0000, 0x0000, 0x1E00, 0x2100, 0x2000, 0x2000, 0x1F00, 0x1000, 0x2000, 0x4000
             -, 0x4000, 0x4000, 0x2000, 0x1F80, 0x0000, 
 798              
 799              //[04][07]
 800              0x0000, 0x0000, 0x0000, 0x0000, 0x0000, 0x0000, 0x3E00, 0x4100, 0x4100, 0x2200, 0x1400, 0x2800, 0x4780
             -, 0x4000, 0x4000, 0x2000, 0x1F80, 0x0000, 
 801              
 802              //[05][07]
 803              0x0000, 0x0000, 0x0000, 0x0000, 0x0000, 0x0E00, 0x1100, 0x2080, 0x2000, 0x2000, 0x1080, 0x0F00, 0xF000
             -, 0x0000, 0x0000, 0x0000, 0x0000, 0x0000, 
 804              
 805              //[06][07]
 806              0x0000, 0x0000, 0x0000, 0x0000, 0x0000, 0x0000, 0x1F00, 0x2080, 0x2080, 0x1100, 0x0A00, 0x0400, 0xFBC0
             -, 0x0000, 0x0000, 0x0000, 0x0000, 0x0000, 
C51 COMPILER V9.54   OSDFONT_EUROPE                                                        01/06/2017 14:57:11 PAGE 19  

 807              
 808              //[07][07]
 809              0x0000, 0x0000, 0x0400, 0x0000, 0x0000, 0x1E00, 0x2100, 0x2000, 0x2000, 0x1F00, 0x1000, 0x2000, 0x4000
             -, 0x4000, 0x4000, 0x2000, 0x1F80, 0x0000, 
 810              
 811              //[08][07]
 812              0x0000, 0x0000, 0x0000, 0x0800, 0x0000, 0x0000, 0x3E00, 0x4100, 0x4100, 0x2200, 0x1400, 0x2800, 0x4780
             -, 0x4000, 0x4000, 0x2000, 0x1F80, 0x0000, 
 813              
 814              //[09][07]
 815              0x0000, 0x0000, 0x0400, 0x0000, 0x0000, 0x0E00, 0x1100, 0x2080, 0x2000, 0x2000, 0x1080, 0x0F00, 0xF000
             -, 0x0000, 0x0000, 0x0000, 0x0000, 0x0000, 
 816              
 817              //[00][08]
 818              0x0000, 0x0000, 0x0000, 0x0400, 0x0000, 0x0000, 0x1F00, 0x2080, 0x2080, 0x1100, 0x0A00, 0x0400, 0xFBC0
             -, 0x0000, 0x0000, 0x0000, 0x0000, 0x0000, 
 819              
 820              //[01][08]
 821              0x0000, 0x0010, 0x0000, 0x0000, 0x0030, 0x0048, 0x0044, 0x4044, 0x4044, 0x403C, 0x4008, 0x2010, 0x1FE0
             -, 0x0000, 0x0000, 0x0000, 0x0000, 0x0000, 
 822              
 823              //[02][08]
 824              0x0000, 0x0000, 0x0000, 0x0000, 0x0020, 0x0000, 0x0000, 0x0070, 0x4088, 0x4088, 0x4088, 0x4050, 0x20FC
             -, 0x1F00, 0x0000, 0x0000, 0x0000, 0x0000, 
 825              
 826              //[03][08]
 827              0x0000, 0x0800, 0x0000, 0x0000, 0x1800, 0x2400, 0x2200, 0x2200, 0x2200, 0x1E00, 0x0400, 0x0800, 0xF000
             -, 0x0000, 0x0000, 0x0000, 0x0000, 0x0000, 
 828              
 829              //[04][08]
 830              0x0000, 0x0000, 0x0000, 0x0000, 0x0800, 0x0000, 0x0000, 0x1C00, 0x2200, 0x2200, 0x2200, 0x1C00, 0xE380
             -, 0x0000, 0x0000, 0x0000, 0x0000, 0x0000, 
 831              
 832              //[05][08]
 833              0x0000, 0x0000, 0x00A0, 0x0000, 0x0000, 0x00C0, 0x0120, 0x0110, 0x0110, 0x0110, 0x40F0, 0x4010, 0x4020
             -, 0x4020, 0x20C0, 0x1F00, 0x0000, 0x0000, 
 834              
 835              //[06][08]
 836              0x0000, 0x0000, 0x0000, 0x0000, 0x00A0, 0x0000, 0x0000, 0x00C0, 0x0120, 0x0110, 0x0110, 0x4110, 0x40F8
             -, 0x4010, 0x4020, 0x20C0, 0x1F00, 0x0000, 
 837              
 838              //[07][08]
 839              0x0000, 0x1400, 0x0000, 0x0000, 0x1800, 0x2400, 0x2200, 0x2200, 0x2200, 0x1E00, 0x0400, 0x0800, 0xF000
             -, 0x0000, 0x0000, 0x0000, 0x0000, 0x0000, 
 840              
 841              //[08][08]
 842              0x0000, 0x0000, 0x0000, 0x0000, 0x1400, 0x0000, 0x0000, 0x1C00, 0x2200, 0x2200, 0x2200, 0x1C00, 0xE380
             -, 0x0000, 0x0000, 0x0000, 0x0000, 0x0000, 
 843              
 844              //[09][08]
 845              0x0000, 0x0000, 0x0020, 0x0020, 0x0220, 0x0420, 0x0220, 0x0C20, 0x4020, 0x4020, 0x4020, 0x20C0, 0x1F00
             -, 0x0000, 0x0000, 0x0000, 0x0000, 0x0000, 
 846              
 847              //[00][09]
 848              0x0000, 0x0000, 0x0020, 0x0020, 0x0220, 0x0420, 0x0220, 0x0C20, 0x4020, 0x4020, 0x4020, 0x2060, 0x1F90
             -, 0x0000, 0x0000, 0x0000, 0x0000, 0x0000, 
 849              
 850              //[01][09]
 851              0x0000, 0x0000, 0x0100, 0x0600, 0x1800, 0x2000, 0x2000, 0x1000, 0x0800, 0x0400, 0x0400, 0x0400, 0xF800
             -, 0x0000, 0x0000, 0x0000, 0x0000, 0x0000, 
 852              
 853              //[02][09]
C51 COMPILER V9.54   OSDFONT_EUROPE                                                        01/06/2017 14:57:11 PAGE 20  

 854              0x0000, 0x0000, 0x0100, 0x0600, 0x0800, 0x3000, 0x2000, 0x1000, 0x0800, 0x0400, 0x0600, 0x0500, 0xF8C0
             -, 0x0000, 0x0000, 0x0000, 0x0000, 0x0000, 
 855              
 856              //[03][09]
 857              0x0000, 0x0000, 0x0040, 0x0040, 0x0040, 0x0040, 0x0040, 0x0040, 0x0040, 0x0040, 0x4040, 0x4040, 0x4040
             -, 0x4080, 0x3F00, 0x0000, 0x0000, 0x0000, 
 858              
 859              //[04][09]
 860              0x0000, 0x0000, 0x0040, 0x0040, 0x0040, 0x0040, 0x0040, 0x0040, 0x0040, 0x0040, 0x0040, 0x0040, 0x4060
             -, 0x4040, 0x4040, 0x4080, 0x3F00, 0x0000, 
 861              
 862              //[05][09]
 863              0x0000, 0x0000, 0x1000, 0x1000, 0x1000, 0x1000, 0x1000, 0x1000, 0x1000, 0x1000, 0x1000, 0x1000, 0xE000
             -, 0x0000, 0x0000, 0x0000, 0x0000, 0x0000, 
 864              
 865              //[06][09]
 866              0x0000, 0x0000, 0x2000, 0x2000, 0x2000, 0x2000, 0x2000, 0x2000, 0x2000, 0x2000, 0x2000, 0x2000, 0xD800
             -, 0x0000, 0x0000, 0x0000, 0x0000, 0x0000, 
 867              
 868              //[07][09]
 869              0x0000, 0x0000, 0x0000, 0x0000, 0x0000, 0x0000, 0x0000, 0x0600, 0x0900, 0x0100, 0x0100, 0x1100, 0x2E00
             -, 0x4000, 0x4000, 0x4000, 0x4000, 0x0000, 
 870              
 871              //[08][09]
 872              0x0000, 0x0000, 0x0000, 0x0000, 0x0000, 0x0000, 0x0000, 0x0600, 0x0900, 0x0900, 0x1100, 0x1100, 0x3EC0
             -, 0x4000, 0x4000, 0x4000, 0x4000, 0x0000, 
 873              
 874              //[09][09]
 875              0x0000, 0x0000, 0x0000, 0x0000, 0x0000, 0x0000, 0x0000, 0x0E00, 0x1100, 0x2100, 0x2100, 0x2100, 0xDE00
             -, 0x0000, 0x0000, 0x0000, 0x0000, 0x0000, 
 876              
 877              //[00][10]
 878              0x0000, 0x0000, 0x0000, 0x0000, 0x0000, 0x0000, 0x0000, 0x0E00, 0x1100, 0x1100, 0x2100, 0x2100, 0xDEC0
             -, 0x0000, 0x0000, 0x0000, 0x0000, 0x0000, 
 879              
 880              //[01][10]
 881              0x0000, 0x0000, 0x0000, 0x0000, 0x0000, 0x0000, 0x0400, 0x0000, 0x0000, 0x4040, 0x4040, 0x4040, 0x4040
             -, 0x2080, 0x1F00, 0x0000, 0x0000, 0x0000, 
 882              
 883              //[02][10]
 884              0x0000, 0x0000, 0x0000, 0x0000, 0x0000, 0x0000, 0x0000, 0x0000, 0x0200, 0x0000, 0x4020, 0x4020, 0x4030
             -, 0x4020, 0x4020, 0x2040, 0x1F80, 0x0000, 
 885              
 886              //[03][10]
 887              0x0000, 0x0000, 0x0000, 0x0000, 0x0000, 0x1000, 0x0000, 0x0000, 0x1000, 0x1000, 0x1000, 0x1000, 0xE000
             -, 0x0000, 0x0000, 0x0000, 0x0000, 0x0000, 
 888              
 889              //[04][10]
 890              0x0000, 0x0000, 0x0000, 0x0000, 0x0000, 0x2000, 0x0000, 0x0000, 0x2000, 0x2000, 0x2000, 0x2000, 0xD800
             -, 0x0000, 0x0000, 0x0000, 0x0000, 0x0000, 
 891              
 892              //[05][10]
 893              0x0000, 0x0000, 0x0000, 0x0000, 0x0000, 0x0000, 0x1800, 0x3400, 0x4200, 0x4200, 0x4200, 0x4200, 0x3C00
             -, 0x0000, 0x0000, 0x0000, 0x0000, 0x0000, 
 894              
 895              //[06][10]
 896              0x0000, 0x0000, 0x0000, 0x0000, 0x0000, 0x0000, 0x0400, 0x1C00, 0x2400, 0x4400, 0x4400, 0x3A00, 0x0100
             -, 0x0000, 0x0000, 0x0000, 0x0000, 0x0000, 
 897              
 898              //[07][10]
 899              0x0000, 0x0000, 0x0000, 0x0000, 0x3F00, 0x00C0, 0x0040, 0x1C20, 0x2220, 0x2220, 0x1440, 0x1F80, 0xE000
             -, 0x0000, 0x0000, 0x0000, 0x0000, 0x0000, 
C51 COMPILER V9.54   OSDFONT_EUROPE                                                        01/06/2017 14:57:11 PAGE 21  

 900              
 901              //[08][10]
 902              0x0000, 0x0000, 0x0000, 0x0000, 0x0000, 0x0000, 0x0000, 0x0800, 0x1400, 0x2400, 0x2400, 0x2800, 0xFE00
             -, 0x2800, 0x2400, 0x1400, 0x0800, 0x0000, 
 903              
 904              //[09][10]
 905              0x0000, 0x0000, 0x0000, 0x0000, 0x0000, 0x0E00, 0x1100, 0x1080, 0x1080, 0x0880, 0x0780, 0x0080, 0x0100
             -, 0x0200, 0x0C00, 0xF000, 0x0000, 0x0000, 
 906              
 907              //[00][11]
 908              0x0000, 0x0000, 0x0000, 0x0000, 0x0000, 0x0000, 0x0000, 0x0C00, 0x1200, 0x1100, 0x1100, 0x1100, 0x0F80
             -, 0x0100, 0x0600, 0xF800, 0x0000, 0x0000, 
 909              
 910              //[01][11]
 911              0x0000, 0x0000, 0x0000, 0x0000, 0x0000, 0x0000, 0x03C0, 0x0420, 0x0400, 0x0300, 0x40C0, 0x4020, 0x4020
             -, 0x2040, 0x1F80, 0x0000, 0x0000, 0x0000, 
 912              
 913              //[02][11]
 914              0x0000, 0x0000, 0x0000, 0x0000, 0x0000, 0x0000, 0x0000, 0x0000, 0x0000, 0x0000, 0x0000, 0x0000, 0x0078
             -, 0x4040, 0x4030, 0x6020, 0x1FC0, 0x0000, 
 915              
 916              //[03][11]
 917              0x0000, 0x0000, 0x0000, 0x0000, 0x0000, 0x0000, 0x03C0, 0x0420, 0x0400, 0x0300, 0x40C0, 0x4020, 0x4020
             -, 0x2040, 0x1F80, 0x0000, 0x0500, 0x0000, 
 918              
 919              //[04][11]
 920              0x0000, 0x0000, 0x0000, 0x0000, 0x0000, 0x0000, 0x0000, 0x0000, 0x0000, 0x0000, 0x0000, 0x0030, 0x4048
             -, 0x4020, 0x4040, 0x3F80, 0x0050, 0x0000, 
 921              
 922              //[05][11]
 923              0x0000, 0x0000, 0x0000, 0x0000, 0x0000, 0x0000, 0x0000, 0x0000, 0x1000, 0x1000, 0x1000, 0x1000, 0xE000
             -, 0x0000, 0x2800, 0x0000, 0x0000, 0x0000, 
 924              
 925              //[06][11]
 926              0x0000, 0x0000, 0x0000, 0x0000, 0x0000, 0x0000, 0x0000, 0x0000, 0x2000, 0x2000, 0x2000, 0x2000, 0xD800
             -, 0x0000, 0x5000, 0x0000, 0x0000, 0x0000, 
 927              
 928              //[07][11]
 929              0x0000, 0xF800, 0x0000, 0x0040, 0x1040, 0x0840, 0x0840, 0x0440, 0x0440, 0x0240, 0x0240, 0x0180, 0x0100
             -, 0x1E00, 0x0000, 0x0000, 0x0000, 0x0000, 
 930              
 931              //[08][11]
 932              0x0000, 0xE800, 0xB800, 0x0000, 0x0080, 0x2080, 0x2080, 0x1080, 0x0880, 0x0880, 0x0480, 0x0480, 0x0280
             -, 0x0380, 0x3C60, 0x0000, 0x0000, 0x0000, 
 933              
 934              //[09][11]
 935              0x0000, 0x4000, 0x8000, 0xC000, 0x0100, 0x4100, 0x2100, 0x2100, 0x1100, 0x1100, 0x0900, 0x0900, 0x0600
             -, 0x0400, 0x7800, 0x0000, 0x0000, 0x0000, 
 936              
 937              //[00][12]
 938              0x0000, 0x4000, 0x8000, 0xC000, 0x0100, 0x4100, 0x4100, 0x2100, 0x1100, 0x1100, 0x0900, 0x0900, 0x0500
             -, 0x0700, 0x78C0, 0x0000, 0x0000, 0x0000, 
 939              
 940              //[01][12]
 941              0x0000, 0x0000, 0x0100, 0x4100, 0x2100, 0x2100, 0x1100, 0x1100, 0x0900, 0x0900, 0x0600, 0x0400, 0x7800
             -, 0x2000, 0x4000, 0x6000, 0x0000, 0x0000, 
 942              
 943              //[02][12]
 944              0x0000, 0x0000, 0x0100, 0x4100, 0x4100, 0x2100, 0x1100, 0x1100, 0x0900, 0x0900, 0x0500, 0x0700, 0x78C0
             -, 0x2000, 0x4000, 0x6000, 0x0000, 0x0000, 
 945              
 946              //[03][12]
C51 COMPILER V9.54   OSDFONT_EUROPE                                                        01/06/2017 14:57:11 PAGE 22  

 947              0x0000, 0x0000, 0x0100, 0x4100, 0x2100, 0x2100, 0x1100, 0x1100, 0x0900, 0x0900, 0x0600, 0x0400, 0x7800
             -, 0x0000, 0x0000, 0x0000, 0x0000, 0x0000, 
 948              
 949              //[04][12]
 950              //0x0000, 0x0000, 0x0100, 0x4100, 0x4100, 0x2100, 0x1100, 0x1100, 0x0900, 0x0900, 0x0500, 0x0700, 0x78
             -C0, 0x0000, 0x0000, 0x0000, 0x0000, 0x0000, 
 951              0x0000, 0x0000, 0x0100, 0x4100, 0x4100, 0x2100, 0x1100, 0x1100, 0x0A00, 0x0C00, 0x0C00, 0x1200, 0x2100
             -, 0x3F00, 0x0000, 0x0000, 0x0000, 0x0000, 
 952          
 953              //[05][12]
 954              0x0000, 0x0000, 0x0000, 0x0000, 0x0000, 0x0000, 0x0000, 0x4000, 0x4000, 0x4000, 0x4000, 0x4000, 0x8000
             -, 0x0000, 0x0000, 0x0000, 0x0000, 0x0000, 
 955          
 956              //[06][12]
 957              0x0000, 0x0000, 0x0000, 0x0000, 0x0000, 0x0000, 0x0000, 0x4000, 0x4000, 0x4000, 0x4000, 0x4000, 0xA000
             -, 0x0000, 0x0000, 0x0000, 0x0000, 0x0000, 
 958          
 959              //[06][12]
 960              0x0000, 0x0000, 0x0000, 0x0000, 0x0000, 0x0000, 0xE000, 0x1000, 0x1000, 0x1000, 0x1000, 0x6000, 0x8000
             -, 0x0000, 0x0000, 0x0000, 0x0000, 0x0000, 
 961          
 962              //[08][12]
 963              0x0000, 0x0000, 0x0000, 0x0000, 0x0000, 0x0000, 0xE000, 0x1000, 0x1000, 0x1000, 0x1000, 0x6000, 0x9800
             -, 0x0000, 0x0000, 0x0000, 0x0000, 0x0000, 
 964          
 965              //special
 966              0x0000, 0x0000, 0x0000, 0x1C00, 0x2200, 0x4100, 0x4100, 0x4000, 0x2000, 0x1000, 0x0800, 0x0800, 0x0800
             -, 0x0000, 0x0800, 0x0000, 0x0000, 0x0000, 
 967          
 968          };
 969          code UCHAR ucARABWidthTable[] = {
 970               7, 5, 5, 3, 4, 9, 9, 3, 4,11,//09
 971              13, 5, 5, 2, 4,11,13, 4, 5, 7,//19
 972               8,11,13, 5, 5,11,13, 5, 5, 9,//29
 973              11,10,11, 9,11,10,11, 9,11,10,//39
 974              11, 6, 7, 6, 7, 7, 8, 7, 8,16,//49
 975              16,12,13,16,16,12,13,16,16,13,//59
 976              14,16,16,13,14,12,13,12,13,12,//69
 977              13,14,13, 9, 9, 9,10, 9, 9, 9,//79
 978              10,14,14, 7, 9,12,13, 7, 9,11,//89
 979              12, 8,10,10,11, 4, 5, 8,10, 8,//99
 980              10,10,12, 4, 5, 7, 8,11, 7, 9,//109
 981               9,11,13,11,13, 5, 5,10,11, 8,//119
 982              10, 8,10, 8,10, 3, 4, 5, 5, 8,//129
 983          
 984          };
 985          
 986          void InitFont_ARAB(void)
 987          { 
 988   1          OSDAPI_SetIndentFont(usARABFontTable,ucARABWidthTable);
 989   1      }
 990          
 991          
 992          void InitFont_Portugus(void)
 993          { 
 994   1          OSDAPI_SetIndentFont(usPortuguesFontTable,ucPortuguesWidthTable);
 995   1      }
 996          
 997          void InitFont_Svenska(void)
 998          {
 999   1          OSDAPI_SetIndentFont(usSvenskaFontTable,ucSvenskaWidthTable);
1000   1      }
C51 COMPILER V9.54   OSDFONT_EUROPE                                                        01/06/2017 14:57:11 PAGE 23  

1001          
1002          void InitFont_Pyccknn(void)
1003          {
1004   1          OSDAPI_SetIndentFont(usPyccknnFontTable,ucPyccknnWidthTable);
1005   1      }
1006          
1007          
1008          void InitFont_Romana(void)
1009          {
1010   1          OSDAPI_SetIndentFont(usRomanaFontTable,ucRomanaWidthTable);
1011   1      }
1012          
1013          void InitFont_SiCG(void)
1014          {
1015   1          OSDAPI_SetIndentFont(usSiCGFontTable,ucSiCGWidthTable);
1016   1      }
1017          
1018          void InitFont_Magyar(void)
1019          {
1020   1          OSDAPI_SetIndentFont(usMagyarFontTable,ucMagyarWidthTable);
1021   1      }
1022          
1023          
1024          void InitFont_Cesky(void)
1025          {
1026   1          OSDAPI_SetIndentFont(usCeskyFontTable,ucCeskyWidthTable);
1027   1      }
1028          
1029          
1030          void InitFont_Polski(void)
1031          {
1032   1          OSDAPI_SetIndentFont(usPolskiFontTable,ucPolskiWidthTable);
1033   1      }
1034          
1035          void InitFont_Espanol(void)
1036          {
1037   1          OSDAPI_SetIndentFont(usEspanolFontTable,ucEspanolWidthTable);
1038   1      }
1039          
1040          void InitFont_Italiano(void)
1041          {
1042   1          OSDAPI_SetIndentFont(usItalianoFontTable,ucItalianoWidthTable);
1043   1      }
1044          void InitFont_Deutsch(void)
1045          {
1046   1          OSDAPI_SetIndentFont(usDeutschFontTable,ucDeutschWidthTable);
1047   1      }
1048          
1049          void InitFont_Franais(void)
1050          {
1051   1          OSDAPI_SetIndentFont(usFrancaisFontTable,ucFrancaisWidthTable);
1052   1      }
1053          
1054          void InitFont_Europe(void)
1055          {
1056   1          OSDAPI_SetIndentFont(usEuropeFontTable,ucEuropeWidthTable);
1057   1      }
1058          
1059          void FindTable_Europe(UCHAR *ptr)
1060          {
1061   1          OSDAPI_SetIndentString(ptr);
1062   1      }
C51 COMPILER V9.54   OSDFONT_EUROPE                                                        01/06/2017 14:57:11 PAGE 24  



MODULE INFORMATION:   STATIC OVERLAYABLE
   CODE SIZE        =    277    ----
   CONSTANT SIZE    =  13061    ----
   XDATA SIZE       =   ----    ----
   PDATA SIZE       =   ----    ----
   DATA SIZE        =   ----    ----
   IDATA SIZE       =   ----    ----
   BIT SIZE         =   ----    ----
END OF MODULE INFORMATION.


C51 COMPILATION COMPLETE.  0 WARNING(S),  0 ERROR(S)
