C51 COMPILER V9.54   OSDVIEW                                                               01/06/2017 14:56:53 PAGE 1   


C51 COMPILER V9.54, COMPILATION OF MODULE OSDVIEW
OBJECT MODULE PLACED IN .\Bin\OSDView.obj
COMPILER INVOKED BY: D:\Keil_v5\C51\BIN\C51.EXE App\OSD\OSDView.c LARGE OPTIMIZE(9,SPEED) BROWSE INCDIR(.\App;.\App\OSD;
                    -.\App\User;.\Lib;.\Lib\NT68810 Series;.\Lib\ScalerCfg;.\Phy\Panel;.\Phy\SI\NVT\Board;.\Phy\SI\NVT\Component;.\Phy\SI\NVT
                    -\Keypad;.\Sys;.\Sys\SI\NVT;.\Phy\SI\NVT\Keypad\NT68870_MODULE_KEYPAD) DEFINE(SCALER_TYPE=NT68870,NT68870_MODULE,LVIEW_25
                    -60X1440,FLASH_BANK=8) PRINT(.\Lst\OSDView.lst) TABS(2) OBJECT(.\Bin\OSDView.obj)

line level    source

   1          #include "Include.h"
   2          
   3          #if OSDTYPE == OSD_BENQ
              #include "OSD_BENQ/OSDView.c"
              #elif OSDTYPE == OSD_BENQ_V1
              #include "OSD_BENQ_V1/OSDView.c"
              #elif OSDTYPE == OSD_BENQ_V2
   8          #include "OSD_BENQ_V2/OSDView.c"
   9          #endif 


MODULE INFORMATION:   STATIC OVERLAYABLE
   CODE SIZE        =   9048    ----
   CONSTANT SIZE    =     51    ----
   XDATA SIZE       =    296     134
   PDATA SIZE       =   ----    ----
   DATA SIZE        =   ----    ----
   IDATA SIZE       =   ----    ----
   BIT SIZE         =      3       3
END OF MODULE INFORMATION.


C51 COMPILATION COMPLETE.  0 WARNING(S),  0 ERROR(S)
