C51 COMPILER V9.54   OSDVIEW2                                                              01/06/2017 14:57:19 PAGE 1   


C51 COMPILER V9.54, COMPILATION OF MODULE OSDVIEW2
OBJECT MODULE PLACED IN .\Bin\OSDView2.obj
COMPILER INVOKED BY: D:\Keil_v5\C51\BIN\C51.EXE App\OSD\OSDView2.c LARGE OPTIMIZE(9,SPEED) BROWSE INCDIR(.\App;.\App\OSD
                    -;.\App\User;.\Lib;.\Lib\NT68810 Series;.\Lib\ScalerCfg;.\Phy\Panel;.\Phy\SI\NVT\Board;.\Phy\SI\NVT\Component;.\Phy\SI\NV
                    -T\Keypad;.\Sys;.\Sys\SI\NVT;.\Phy\SI\NVT\Keypad\NT68870_MODULE_KEYPAD) DEFINE(SCALER_TYPE=NT68870,NT68870_MODULE,LVIEW_2
                    -560X1440,FLASH_BANK=8) PRINT(.\Lst\OSDView2.lst) TABS(2) OBJECT(.\Bin\OSDView2.obj)

line level    source

   1          #include "Include.h"
   2          
   3          #if OSDTYPE == OSD_BENQ
              #include "OSD_BENQ/OSDView2.c"
              #elif OSDTYPE == OSD_BENQ_V1
              #include "OSD_BENQ_V1/OSDView2.c"
              #elif OSDTYPE == OSD_BENQ_V2
   8          #include "OSD_BENQ_V2/OSDView2.c"
   9          #endif
*** WARNING C291 IN LINE 467 OF App\OSD\OSDView2.c: not every exit path returns a value


MODULE INFORMATION:   STATIC OVERLAYABLE
   CODE SIZE        =  25942    ----
   CONSTANT SIZE    =    216    ----
   XDATA SIZE       =     84     380
   PDATA SIZE       =   ----    ----
   DATA SIZE        =   ----    ----
   IDATA SIZE       =   ----    ----
   BIT SIZE         =      5      29
END OF MODULE INFORMATION.


C51 COMPILATION COMPLETE.  1 WARNING(S),  0 ERROR(S)
