C51 COMPILER V9.54   SCALER_DITHERING                                                      01/06/2017 14:57:08 PAGE 1   


C51 COMPILER V9.54, COMPILATION OF MODULE SCALER_DITHERING
OBJECT MODULE PLACED IN .\Bin\Scaler_Dithering.obj
COMPILER INVOKED BY: D:\Keil_v5\C51\BIN\C51.EXE Lib\NT68810 Series\Scaler_Dithering.c LARGE OPTIMIZE(9,SPEED) BROWSE INC
                    -DIR(.\App;.\App\OSD;.\App\User;.\Lib;.\Lib\NT68810 Series;.\Lib\ScalerCfg;.\Phy\Panel;.\Phy\SI\NVT\Board;.\Phy\SI\NVT\Co
                    -mponent;.\Phy\SI\NVT\Keypad;.\Sys;.\Sys\SI\NVT;.\Phy\SI\NVT\Keypad\NT68870_MODULE_KEYPAD) DEFINE(SCALER_TYPE=NT68870,NT6
                    -8870_MODULE,LVIEW_2560X1440,FLASH_BANK=8) PRINT(.\Lst\Scaler_Dithering.lst) TABS(2) OBJECT(.\Bin\Scaler_Dithering.obj)

line level    source

   1          /******************************************************************************/
   2          /*                       Novatek MicroElectronics Corp.                       */
   3          /*       6F, No. 1-2, Innovation Road I, Science-Based Industrial Park,       */
   4          /*                         HsinChu 300, Taiwan, R.O.C.                        */
   5          /*                 TEL:886-3-567-0889       FAX:886-3-577-0132                */
   6          /*                            All Rights Reserved                             */
   7          /******************************************************************************/
   8          
   9          //******************************************************************************
  10          // I N C L U D E   F I L E S
  11          //******************************************************************************
  12          #include "Include.h"
  13          #include "ScalerProfile.h"
  14          
  15          //******************************************************************************
  16          // M A C R O   D E F I N I T I O N S
  17          //******************************************************************************
  18          
  19          //******************************************************************************
  20          // G L O B A L   V A R I A B L E S
  21          //******************************************************************************
  22          
  23          //******************************************************************************
  24          // S T A T I C   V A R I A B L E S
  25          //******************************************************************************
  26          
  27          //******************************************************************************
  28          // E X T E R N A L   V A R I A B L E   P R O T O T Y P E S
  29          //******************************************************************************
  30          
  31          //******************************************************************************
  32          // S T A T I C   F U N C T I O N   P R O T O T Y P E S
  33          //******************************************************************************
  34          
  35          //******************************************************************************
  36          // E X T E R N A L   F U N C T I O N   P R O T O T Y P E S
  37          //******************************************************************************
  38          
  39          //******************************************************************************
  40          // F U N C T I O N   B O D Y S
  41          //******************************************************************************
  42          
  43          /**************************************************************************//**
  44           * Initialize dithering-related registers.
  45           ******************************************************************************/
  46          void DithInit(void)
  47          {
  48   1          SC_DITH_CTRL = DT158;
  49   1          SC_SRGB_DITH_CTRL = DT1D8;
  50   1          SC_DISP_RANDOM_DITH_CTRL = DT1DA;
  51   1          SC_GAMMA_DITH_CTRL = DT1DB;    //10 bit gamma dithering mode
  52   1      #ifdef DT38D
C51 COMPILER V9.54   SCALER_DITHERING                                                      01/06/2017 14:57:08 PAGE 2   

                  SC_DITHER_CTRL_38D = DT38D;
              #endif
  55   1      }
  56          
  57          /**************************************************************************//**
  58           * Set dithering mode.
  59           * @param type Dithering mode.
  60           * @param mode_10 10 mode when dithering mode is static.
  61           * @param mode_01 01 mode when dithering mode is static.
  62           ******************************************************************************/
  63          void DithSetDitherMode(DitherType type, UCHAR mode_10, UCHAR mode_01)
  64          {
  65   1          switch(type) {
  66   2              case DITH_TP_RDM:
  67   2                  SC_DISP_RANDOM_DITH_CTRL = 0x10;
  68   2                  SC_DITH_CTRL &= ~BIT3;
  69   2                  SC_DITH_CTRL |= BIT0;
  70   2                  break;
  71   2              case DITH_TP_VRDM:
  72   2                  SC_DISP_RANDOM_DITH_CTRL = 0x90;
  73   2                  SC_DITH_CTRL &= ~BIT3;
  74   2                  SC_DITH_CTRL |= BIT0;
  75   2                  break;
  76   2              case DITH_TP_STATIC:
  77   2                  SC_DISP_RANDOM_DITH_CTRL = 0x00;
  78   2                  mode_10 &= 0x03;
  79   2                  mode_10 <<= 4;
  80   2                  mode_01 &= 0x07;
  81   2                  SC_GAMMA_DITH_CTRL = mode_01 | mode_10;
  82   2                  SC_DITH_CTRL |= BIT3;
  83   2                  break;
  84   2              case DITH_TP_MIX:
  85   2                  SC_DISP_RANDOM_DITH_CTRL = 0xF4;
  86   2                  mode_10 &= 0x0F;
  87   2                  mode_10 <<= 4;
  88   2                  SC_DITH_CTRL &= 0x0F;
  89   2                  SC_DITH_CTRL |= mode_10;
  90   2                  SC_DITH_CTRL &= ~BIT3;
  91   2                  SC_DITH_CTRL |= BIT0;
  92   2                  break;
  93   2              case DITH_TP_OFF:
  94   2              default:
  95   2                  SC_DITH_CTRL &= ~(BIT3|BIT0);
  96   2                  break;
  97   2          };
  98   1      }


MODULE INFORMATION:   STATIC OVERLAYABLE
   CODE SIZE        =    125    ----
   CONSTANT SIZE    =   ----    ----
   XDATA SIZE       =   ----    ----
   PDATA SIZE       =   ----    ----
   DATA SIZE        =   ----    ----
   IDATA SIZE       =   ----    ----
   BIT SIZE         =   ----    ----
END OF MODULE INFORMATION.


C51 COMPILATION COMPLETE.  0 WARNING(S),  0 ERROR(S)
