C51 COMPILER V9.54   SR                                                                    01/06/2017 14:57:11 PAGE 1   


C51 COMPILER V9.54, COMPILATION OF MODULE SR
OBJECT MODULE PLACED IN .\Bin\SR.obj
COMPILER INVOKED BY: D:\Keil_v5\C51\BIN\C51.EXE App\SR.c LARGE OPTIMIZE(9,SPEED) BROWSE INCDIR(.\App;.\App\OSD;.\App\Use
                    -r;.\Lib;.\Lib\NT68810 Series;.\Lib\ScalerCfg;.\Phy\Panel;.\Phy\SI\NVT\Board;.\Phy\SI\NVT\Component;.\Phy\SI\NVT\Keypad;.
                    -\Sys;.\Sys\SI\NVT;.\Phy\SI\NVT\Keypad\NT68870_MODULE_KEYPAD) DEFINE(SCALER_TYPE=NT68870,NT68870_MODULE,LVIEW_2560X1440,F
                    -LASH_BANK=8) PRINT(.\Lst\SR.lst) TABS(2) OBJECT(.\Bin\SR.obj)

line level    source

   1          /******************************************************************************/
   2          /*                       Novatek MicroElectronics Corp.                       */
   3          /*       6F, No. 1-2, Innovation Road I, Science-Based Industrial Park,       */
   4          /*                         HsinChu 300, Taiwan, R.O.C.                        */
   5          /*                 TEL:886-3-567-0889       FAX:886-3-577-0132                */
   6          /*                            All Rights Reserved                             */
   7          /******************************************************************************/
   8          
   9          //******************************************************************************
  10          // I N C L U D E   F I L E S
  11          //******************************************************************************
  12          #include "Include.h"
  13          #include "ScalerProfile.h"
  14          
  15          #if ENABLE_SR == ON
  16          
  17          //******************************************************************************
  18          // M A C R O   D E F I N I T I O N S
  19          //******************************************************************************
  20          
  21          //******************************************************************************
  22          // G L O B A L   V A R I A B L E S
  23          //******************************************************************************
  24          
  25          //******************************************************************************
  26          // S T A T I C   V A R I A B L E S
  27          //******************************************************************************
  28          static code MDNBlock MDNModes[NUM_MDN_MODE] = {
  29              //MDN_FILTER_CUTOFF_TH, SLOP
  30              //VAR_TH,LOW_VAR_Gain,HIGH_VAR_Gain
  31              SR_MDN_1
  32          };
  33          
  34          static code USMRegionBlock USMRegionModes[NUM_USMRGN_MODE] = {
  35              //HIGH_PASS_FILTER_CUTOFF_TH
  36              //VAR_TH,LOW_VAR_Gain,HIGH_VAR_Gain
  37              SR_USMRegion_1,
  38              SR_USMRegion_2,
  39              SR_USMRegion_3,
  40              SR_USMRegion_4
  41          };
  42          
  43          static code USMGainBlock USMGainModes[NUM_USMGAIN_MODE] = {
  44              //Gain
  45              //VAR_TH,LOW_VAR_Gain,HIGH_VAR_Gain
  46              SR_USMGain_1,
  47              SR_USMGain_2,
  48              SR_USMGain_3,
  49              SR_USMGain_4
  50          };
  51          
  52          static code SRBlock SRModes[NUM_SR_MODE]= {
C51 COMPILER V9.54   SR                                                                    01/06/2017 14:57:11 PAGE 2   

  53              {//OFF
  54                  &MDNModes[MDN_MODE_1],
  55                  &USMRegionModes[USM_REGION_MODE_1],
  56                  &USMGainModes[USM_GAIN_MODE_1],
  57                  0x0000,  // 128 gray - low gray will be smooth = =
  58                  USM_DARK_LIMIT_OFF,
  59              },
  60              {//Weak
  61                  &MDNModes[MDN_MODE_1],
  62                  &USMRegionModes[USM_REGION_MODE_1],
  63                  &USMGainModes[USM_GAIN_MODE_1],
  64                  0x0000,
  65                  USM_DARK_LIMIT_OFF,
  66              },
  67              {//Median
  68                  &MDNModes[MDN_MODE_1],
  69                  &USMRegionModes[USM_REGION_MODE_2],
  70                  &USMGainModes[USM_GAIN_MODE_2],
  71                  0x0000,/*0x0025*/
  72                  USM_DARK_LIMIT_OFF,
  73              },
  74              {//Strong
  75                  &MDNModes[MDN_MODE_1],
  76                  &USMRegionModes[USM_REGION_MODE_3],
  77                  &USMGainModes[USM_GAIN_MODE_3],
  78                  0x0000,/*0x0030*/
  79                  USM_DARK_LIMIT_OFF,
  80              },
  81              {//Strongest
  82                  &MDNModes[MDN_MODE_1],
  83                  &USMRegionModes[USM_REGION_MODE_4],
  84                  &USMGainModes[USM_GAIN_MODE_4],
  85                  0x0000,/*0xC00*/
  86                  USM_DARK_LIMIT_OFF,
  87              }
  88          };
  89          
  90          //******************************************************************************
  91          // E X T E R N A L   V A R I A B L E   P R O T O T Y P E S
  92          //******************************************************************************
  93          
  94          //******************************************************************************
  95          // S T A T I C   F U N C T I O N   P R O T O T Y P E S
  96          //******************************************************************************
  97          
  98          //******************************************************************************
  99          // E X T E R N A L   F U N C T I O N   P R O T O T Y P E S
 100          //******************************************************************************
 101          
 102          /**************************************************************************//**
 103           * Configure the SR of Scaler
 104           ******************************************************************************/
 105          void InitSR(void)
 106          {
 107   1          SRAPI_InitSR();
 108   1          SRAPI_SetDemoRegion(OFF, SR_DEMO_LEFT, 0x0500);
 109   1      }
 110          
 111          /**************************************************************************//**
 112           * Set SR Mode.
 113           * @param SR mode.
 114           ******************************************************************************/
C51 COMPILER V9.54   SR                                                                    01/06/2017 14:57:11 PAGE 3   

 115          void SetSRMode(SRMode mode)
 116          {
 117   1      //#if IS_NT68770_SERIES || IS_NT68850_SERIES || IS_NT68655_SERIES || IS_NT68790_SERIES || IS_NT68150_SERIE
             -S || IS_NT68658_SERIES
 118   1      #if IS_NT68770_SERIES_LATER && !IS_NT68661_SERIES
 119   1          if (mode == SR_MODE_OFF) {
 120   2              SRAPI_TurnOnOff(OFF);
 121   2         }
 122   1          else {
 123   2              SRAPI_SetMDNFilter(SRModes[mode].pMDNLPF);
 124   2              SRAPI_SetUSMFilter(SRModes[mode].pSRHPRegion, SRModes[mode].pSRHPGain);
 125   2              SRAPI_SetUSMLPThreshold(SRModes[mode].usLPFGain);
 126   2              SRAPI_SetUSMDarkLimit(SRModes[mode].bDarkLimit);
 127   2      #if 0 //CSCEnhance
                      SC_SR_CONTROL = 0x00;
              #endif
 130   2              SRAPI_TurnOnOff(ON);
 131   2      
 132   2          }
 133   1          //WaitDisVSync();
 134   1              
 135   1          SetColorSpace();
 136   1      #if 0 //CSCEnhance
                      SC_SR_CONTROL = 0x30;
              #endif
 139   1      #else
                  if (mode == SR_MODE_OFF) {
                      SRAPI_TurnOnOff(OFF);
                  }
                  else {
                      SRAPI_TurnOnOff(ON);
                      SRAPI_SetMDNFilter(SRModes[mode].pMDNLPF);
                      SRAPI_SetUSMFilter(SRModes[mode].pSRHPRegion, SRModes[mode].pSRHPGain);
                      SRAPI_SetUSMLPThreshold(SRModes[mode].usLPFGain);
                  }        
              #endif    
 150   1      }
 151          
 152          //#if IS_NT68661_SERIES || IS_NT68770_SERIES || IS_NT68850_SERIES || IS_NT68655_SERIES || IS_NT68790_SERIE
             -S || IS_NT68150_SERIES || IS_NT68658_SERIES
 153          #if IS_NT68770_SERIES_LATER
 154          /**************************************************************************//**
 155           * Set Htotal (HPLL divider) pixel of SR.
 156           * Before SR block bypass disable, htotal must be setting ready.
 157           * If input timing Htotal be changed, It must be update at the same time.
 158           * @param htotal Horizontal pixel count of input timing.
 159           ******************************************************************************/
 160          void SetSRHtotal(USHRT htotal)
 161          {
 162   1          SRAPI_SetHtotal(htotal);
 163   1      }
 164          
 165          /**************************************************************************//**
 166           * Set input timing Htotal,H width,V height of SR.
 167           * Before SR block bypass disable, input timing parameter must be setting ready.
 168           ******************************************************************************/
 169          void SetSRInputTimingParameter(void)
 170          {
 171   1          xdata USHRT htotal_temp;
 172   1          UCHAR ch;
 173   1          ch = 0;
 174   1          if (GetInputSyncMode() == DIG_SYNC) {
C51 COMPILER V9.54   SR                                                                    01/06/2017 14:57:11 PAGE 4   

 175   2          #if (INPUT_INTERFACE&INPUT_DP) || (INPUT_INTERFACE&INPUT_DP1)
 176   2              if ((GetCurrInputInterface() == DISPLAY_PORT_INPUT) || (GetCurrInputInterface() == DISPLAY_PORT_IN
             -PUT1)) {
 177   3                  htotal_temp = (ULONG)DP_GetClock()*10000/GetInputHFreq();
 178   3              }
 179   2              else
 180   2          #endif
 181   2              {
 182   3       #if ENABLE_HDMI == ON
 183   3                htotal_temp = (ULONG)TMDSDeepColorDetection()*10000/GetInputHFreq();
 184   3                if ((SC_HDMI_DET & BIT1) != 0) {
 185   4                    //Set repeat for Manual CSC mode
 186   4                    ch = SC_HDMI_AVI[4] & 0x0F;
 187   4                    if (ch == 0x01) {//pixel sent 2 times
 188   5                        htotal_temp >>= 1; 
 189   5                    }
 190   4                    else if (ch == 0x03) {//pixel sent 4 times
 191   5                        htotal_temp >>= 2;
 192   5                    }
 193   4                }
 194   3      #else
                       htotal_temp = (ULONG)TMDS_GetClock()*10000/GetInputHFreq();
              #endif
 197   3              }
 198   2          
 199   2              SRAPI_SetHtotal(htotal_temp);
 200   2              if (IsInterlaced()) {
 201   3                  SRAPI_SetCaptureSize(ReadShortScaler(&SC_GI_CAP_HWID_LO), ReadShortScaler(&SC_GI_CAP_VLEN_LO) 
             ->> 1);
 202   3              }
 203   2              else{
 204   3                  SRAPI_SetCaptureSize(ReadShortScaler(&SC_GI_CAP_HWID_LO), ReadShortScaler(&SC_GI_CAP_VLEN_LO))
             -;
 205   3              }
 206   2          }
 207   1          else {
 208   2              SRAPI_SetHtotal(GetAngInputHTotal());
 209   2              if (IsInterlaced()) {
 210   3                 SRAPI_SetCaptureSize(InputTiming.usCapHActive, InputTiming.usCapVActive >> 1);
 211   3              }
 212   2              else{
 213   3                 SRAPI_SetCaptureSize(InputTiming.usCapHActive, InputTiming.usCapVActive);            
 214   3              }
 215   2          }
 216   1      }
 217          
 218          /**************************************************************************//**
 219           * Set SR block bypass.
 220           * @param on if on is TRUE(bypass),on is FALSE(not bypass)
 221           ******************************************************************************/
 222          void SetSRBlockOnOff(UCHAR on)
 223          {
 224   1          if (on) {
 225   2              SRAPI_SRBlockEnable();
 226   2          }
 227   1          else {
 228   2              SRAPI_SRBlockDisable();
 229   2          }
 230   1      }
 231          #endif
 232          #else
              void ForSRCompilerCodePass(void)
C51 COMPILER V9.54   SR                                                                    01/06/2017 14:57:11 PAGE 5   

              {
                code UCHAR temp[]={0x00};
                UCHAR i;
                i = temp[0];
              }
              #endif //ENABLE_SR == ON


MODULE INFORMATION:   STATIC OVERLAYABLE
   CODE SIZE        =    489    ----
   CONSTANT SIZE    =    106    ----
   XDATA SIZE       =   ----       4
   PDATA SIZE       =   ----    ----
   DATA SIZE        =   ----    ----
   IDATA SIZE       =   ----    ----
   BIT SIZE         =   ----    ----
END OF MODULE INFORMATION.


C51 COMPILATION COMPLETE.  0 WARNING(S),  0 ERROR(S)
